[2025-07-10 00:24:04] Info: Executed part of the analysis - Full initial analysis
[2025-07-10 00:24:53] Info: Executed part of the analysis - Full initial analysis
Physics-related error statistics per mctruth:
mctruth = 1:
  Not enough neutral clusters.: 4 occurrences
mctruth = 3:
  Not enough neutral clusters.: 930 occurrences
mctruth = 4:
  Not enough neutral clusters.: 11 occurrences
mctruth = 5:
  Not enough neutral clusters.: 735 occurrences
mctruth = 6:
  Not enough neutral clusters.: 581 occurrences
mctruth = 7:
  Not enough neutral clusters.: 42842 occurrences
mctruth = 8:
  Not enough neutral clusters.: 59 occurrences
[2025-07-10 00:24:53] Info: Execution time - 0h 0min 0.000000s
[2025-07-10 00:26:55] Info: Executed part of the analysis - Full initial analysis
Physics-related error statistics per mctruth:
mctruth = 1:
  Not enough neutral clusters.: 4 occurrences
mctruth = 3:
  Not enough neutral clusters.: 930 occurrences
mctruth = 4:
  Not enough neutral clusters.: 11 occurrences
mctruth = 5:
  Not enough neutral clusters.: 735 occurrences
mctruth = 6:
  Not enough neutral clusters.: 581 occurrences
mctruth = 7:
  Not enough neutral clusters.: 42842 occurrences
mctruth = 8:
  Not enough neutral clusters.: 59 occurrences
[2025-07-10 00:26:55] Info: Execution time - 0h 0min 0.000000s
[2025-07-10 00:29:27] Info: Executed part of the analysis - Full initial analysis
Physics-related error statistics per mctruth:
mctruth = 1:
  Not enough neutral clusters.: 4 occurrences
mctruth = 2:
  Not enough neutral clusters.: 930 occurrences
mctruth = 3:
  Not enough neutral clusters.: 11 occurrences
mctruth = 4:
  Not enough neutral clusters.: 735 occurrences
mctruth = 5:
  Not enough neutral clusters.: 581 occurrences
mctruth = 6:
  Not enough neutral clusters.: 42842 occurrences
mctruth = 7:
  Not enough neutral clusters.: 59 occurrences
[2025-07-10 00:29:28] Info: Execution time - 0h 0min 0.000000s
[2025-07-10 00:32:17] Info: Executed part of the analysis - Full initial analysis
Physics-related error statistics per mctruth:
mctruth = 1:
  Not enough neutral clusters.: 4 occurrences
mctruth = 2:
  Not enough neutral clusters.: 930 occurrences
mctruth = 3:
  Not enough neutral clusters.: 11 occurrences
mctruth = 4:
  Not enough neutral clusters.: 735 occurrences
mctruth = 5:
  Not enough neutral clusters.: 581 occurrences
mctruth = 6:
  Not enough neutral clusters.: 42842 occurrences
mctruth = 7:
  Not enough neutral clusters.: 59 occurrences
[2025-07-10 00:32:17] Info: Execution time - 0h 0min 0.000000s
[2025-07-10 00:41:00] Info: Executed part of the analysis - Full initial analysis
Physics-related error statistics per mctruth:
mctruth = 1:
  Not enough neutral clusters.: 4 occurrences
mctruth = 2:
  Not enough neutral clusters.: 930 occurrences
mctruth = 3:
  Not enough neutral clusters.: 11 occurrences
mctruth = 4:
  Not enough neutral clusters.: 735 occurrences
mctruth = 5:
  Not enough neutral clusters.: 581 occurrences
mctruth = 6:
  Not enough neutral clusters.: 42842 occurrences
mctruth = 7:
  Not enough neutral clusters.: 59 occurrences
[2025-07-10 00:41:00] Info: Execution time - 0h 0min 0.000000s
[2025-07-10 00:41:01] Info: Executed part of the analysis - Full initial analysis
Physics-related error statistics per mctruth:
mctruth = 1:
  Not enough neutral clusters.: 8 occurrences
mctruth = 2:
  Not enough neutral clusters.: 1860 occurrences
mctruth = 3:
  Not enough neutral clusters.: 22 occurrences
mctruth = 4:
  Not enough neutral clusters.: 1470 occurrences
mctruth = 5:
  Not enough neutral clusters.: 1162 occurrences
mctruth = 6:
  Not enough neutral clusters.: 85684 occurrences
mctruth = 7:
  Not enough neutral clusters.: 118 occurrences
[2025-07-10 00:41:02] Info: Execution time - 0h 0min 0.000000s
[2025-07-10 01:10:21] Info: Executed part of the analysis - Full initial analysis
Physics-related error statistics per mctruth:
[2025-07-10 01:10:21] Info: Execution time - 0h 0min 0.000000s
[2025-07-10 01:11:02] Info: Executed part of the analysis - Full initial analysis
Physics-related error statistics per mctruth:
[2025-07-10 01:11:02] Info: Execution time - 0h 0min 0.000000s
[2025-07-10 01:12:28] Info: Executed part of the analysis - Full initial analysis
Physics-related error statistics per mctruth:
[2025-07-10 01:12:28] Info: Execution time - 0h 0min 0.000000s
[2025-07-10 01:13:02] Info: Executed part of the analysis - Full initial analysis
Physics-related error statistics per mctruth:
[2025-07-10 01:13:02] Info: Execution time - 0h 0min 0.000000s
[2025-07-10 01:13:21] Info: Executed part of the analysis - Full initial analysis
[2025-07-10 01:20:10] Info: Executed part of the analysis - Full initial analysis
[2025-07-10 01:21:58] Info: Executed part of the analysis - Full initial analysis
[2025-07-10 01:23:49] Info: Executed part of the analysis - Full initial analysis
[2025-07-10 01:24:16] Info: Executed part of the analysis - Full initial analysis
[2025-07-10 01:24:55] Info: Executed part of the analysis - Full initial analysis
[2025-07-10 01:25:23] Info: Executed part of the analysis - Full initial analysis
[2025-07-10 01:26:09] Info: Executed part of the analysis - Full initial analysis
[2025-07-10 01:26:29] Info: Executed part of the analysis - Full initial analysis
[2025-07-10 01:33:27] Info: Executed part of the analysis - Full initial analysis
[2025-07-10 01:34:30] Info: Executed part of the analysis - Full initial analysis
[2025-07-10 01:36:26] Info: Executed part of the analysis - Full initial analysis
[2025-07-10 01:36:54] Info: Executed part of the analysis - Full initial analysis
[2025-07-10 01:38:10] Info: Executed part of the analysis - Full initial analysis
Physics-related error statistics per mctruth:
mctruth = 1:
  Not enough neutral clusters.: 4 occurrences
mctruth = 2:
  Not enough neutral clusters.: 930 occurrences
mctruth = 3:
  Not enough neutral clusters.: 11 occurrences
mctruth = 4:
  Not enough neutral clusters.: 735 occurrences
mctruth = 5:
  Not enough neutral clusters.: 581 occurrences
mctruth = 6:
  Not enough neutral clusters.: 42842 occurrences
mctruth = 7:
  Not enough neutral clusters.: 59 occurrences
[2025-07-10 01:38:13] Info: Execution time - 0h 0min 2.000000s
[2025-07-10 01:42:57] Info: Executed part of the analysis - Full initial analysis
Physics-related error statistics per mctruth:
mctruth = 1:
  Not enough charged vertices.: 24 occurrences
  Not enough neutral clusters.: 4 occurrences
mctruth = 2:
  Not enough charged vertices.: 1074 occurrences
  Not enough neutral clusters.: 930 occurrences
mctruth = 3:
  Not enough charged vertices.: 29 occurrences
  Not enough neutral clusters.: 11 occurrences
mctruth = 4:
  Not enough charged vertices.: 1095 occurrences
  Not enough neutral clusters.: 735 occurrences
mctruth = 5:
  Not enough charged vertices.: 5612 occurrences
  Not enough neutral clusters.: 581 occurrences
mctruth = 6:
  Not enough charged vertices.: 29315 occurrences
  Not enough neutral clusters.: 42842 occurrences
mctruth = 7:
  Not enough charged vertices.: 6 occurrences
  Not enough neutral clusters.: 59 occurrences
[2025-07-10 01:43:01] Info: Execution time - 0h 0min 3.000000s
[2025-07-10 01:45:57] Info: Executed part of the analysis - Full initial analysis
Physics-related error statistics per mctruth:
mctruth = 1:
  Not enough charged vertices.: 24 occurrences
  Not enough neutral clusters.: 4 occurrences
mctruth = 2:
  Not enough charged vertices.: 962 occurrences
  Not enough neutral clusters.: 930 occurrences
mctruth = 3:
  Not enough charged vertices.: 28 occurrences
  Not enough neutral clusters.: 11 occurrences
mctruth = 4:
  Not enough charged vertices.: 1002 occurrences
  Not enough neutral clusters.: 735 occurrences
mctruth = 5:
  Not enough charged vertices.: 5427 occurrences
  Not enough neutral clusters.: 581 occurrences
mctruth = 6:
  Not enough charged vertices.: 25413 occurrences
  Not enough neutral clusters.: 42842 occurrences
mctruth = 7:
  Not enough charged vertices.: 2 occurrences
  Not enough neutral clusters.: 59 occurrences
[2025-07-10 01:45:58] Info: Execution time - 0h 0min 1.000000s
[2025-07-10 01:49:40] Info: Executed part of the analysis - Full initial analysis
Physics-related error statistics per mctruth:
mctruth = 1:
  Not enough neutral clusters.: 4 occurrences
  Not enough charged vertices.: 24 occurrences
mctruth = 2:
  Not enough neutral clusters.: 930 occurrences
  Not enough charged vertices.: 962 occurrences
mctruth = 3:
  Not enough neutral clusters.: 11 occurrences
  Not enough charged vertices.: 28 occurrences
mctruth = 4:
  Not enough neutral clusters.: 735 occurrences
  Not enough charged vertices.: 1002 occurrences
mctruth = 5:
  Not enough neutral clusters.: 581 occurrences
  Not enough charged vertices.: 5427 occurrences
mctruth = 6:
  Not enough neutral clusters.: 42842 occurrences
  Not enough charged vertices.: 25413 occurrences
mctruth = 7:
  Not enough neutral clusters.: 59 occurrences
  Not enough charged vertices.: 2 occurrences
[2025-07-10 01:49:42] Info: Execution time - 0h 0min 2.000000s
[2025-07-10 01:55:36] Info: Executed part of the analysis - Full initial analysis
Physics-related error statistics per mctruth:
mctruth = 1:
  Not enough neutral clusters.: 4 occurrences
  Not enough charged vertices.: 24 occurrences
mctruth = 2:
  Not enough neutral clusters.: 930 occurrences
  Not enough charged vertices.: 962 occurrences
mctruth = 3:
  Not enough neutral clusters.: 11 occurrences
  Not enough charged vertices.: 28 occurrences
mctruth = 4:
  Not enough neutral clusters.: 735 occurrences
  Not enough charged vertices.: 1002 occurrences
mctruth = 5:
  Not enough neutral clusters.: 581 occurrences
  Not enough charged vertices.: 5427 occurrences
mctruth = 6:
  Not enough neutral clusters.: 42842 occurrences
  Not enough charged vertices.: 25413 occurrences
mctruth = 7:
  Not enough neutral clusters.: 59 occurrences
  Not enough charged vertices.: 2 occurrences
[2025-07-10 01:55:38] Info: Execution time - 0h 0min 2.000000s
[2025-07-10 01:57:07] Info: Executed part of the analysis - Full initial analysis
Physics-related error statistics per mctruth:
mctruth = 1:
  Not enough neutral clusters.: 4 occurrences
  Not enough charged vertices.: 24 occurrences
mctruth = 2:
  Not enough neutral clusters.: 930 occurrences
  Not enough charged vertices.: 962 occurrences
mctruth = 3:
  Not enough neutral clusters.: 11 occurrences
  Not enough charged vertices.: 28 occurrences
mctruth = 4:
  Not enough neutral clusters.: 735 occurrences
  Not enough charged vertices.: 1002 occurrences
mctruth = 5:
  Not enough neutral clusters.: 581 occurrences
  Not enough charged vertices.: 5427 occurrences
mctruth = 6:
  Not enough neutral clusters.: 42842 occurrences
  Not enough charged vertices.: 25413 occurrences
mctruth = 7:
  Not enough neutral clusters.: 59 occurrences
  Not enough charged vertices.: 2 occurrences
[2025-07-10 01:57:09] Info: Execution time - 0h 0min 2.000000s
[2025-07-10 02:02:33] Info: Executed part of the analysis - Full initial analysis
Physics-related error statistics per mctruth:
mctruth = 1:
  Not enough neutral clusters.: 4 occurrences
  Not enough charged vertices.: 24 occurrences
mctruth = 2:
  Not enough neutral clusters.: 930 occurrences
  Not enough charged vertices.: 962 occurrences
mctruth = 3:
  Not enough neutral clusters.: 11 occurrences
  Not enough charged vertices.: 28 occurrences
mctruth = 4:
  Not enough neutral clusters.: 735 occurrences
  Not enough charged vertices.: 1002 occurrences
mctruth = 5:
  Not enough neutral clusters.: 581 occurrences
  Not enough charged vertices.: 5427 occurrences
mctruth = 6:
  Not enough neutral clusters.: 42842 occurrences
  Not enough charged vertices.: 25413 occurrences
mctruth = 7:
  Not enough neutral clusters.: 59 occurrences
  Not enough charged vertices.: 2 occurrences
[2025-07-10 02:02:36] Info: Execution time - 0h 0min 2.000000s
[2025-07-10 02:04:30] Info: Executed part of the analysis - Full initial analysis
Physics-related error statistics per mctruth:
mctruth = 1:
  Not enough neutral clusters.: 8 occurrences
  Not enough charged vertices.: 48 occurrences
mctruth = 2:
  Not enough neutral clusters.: 1860 occurrences
  Not enough charged vertices.: 1924 occurrences
mctruth = 3:
  Not enough neutral clusters.: 22 occurrences
  Not enough charged vertices.: 56 occurrences
mctruth = 4:
  Not enough neutral clusters.: 1470 occurrences
  Not enough charged vertices.: 2004 occurrences
mctruth = 5:
  Not enough neutral clusters.: 1162 occurrences
  Not enough charged vertices.: 10854 occurrences
mctruth = 6:
  Not enough neutral clusters.: 85684 occurrences
  Not enough charged vertices.: 50826 occurrences
mctruth = 7:
  Not enough neutral clusters.: 118 occurrences
  Not enough charged vertices.: 4 occurrences
[2025-07-10 02:04:33] Info: Execution time - 0h 0min 2.000000s
[2025-07-10 02:04:41] Info: Executed part of the analysis - Full initial analysis
Physics-related error statistics per mctruth:
mctruth = 1:
  Not enough neutral clusters.: 4 occurrences
  Not enough charged vertices.: 24 occurrences
mctruth = 2:
  Not enough neutral clusters.: 930 occurrences
  Not enough charged vertices.: 962 occurrences
mctruth = 3:
  Not enough neutral clusters.: 11 occurrences
  Not enough charged vertices.: 28 occurrences
mctruth = 4:
  Not enough neutral clusters.: 735 occurrences
  Not enough charged vertices.: 1002 occurrences
mctruth = 5:
  Not enough neutral clusters.: 581 occurrences
  Not enough charged vertices.: 5427 occurrences
mctruth = 6:
  Not enough neutral clusters.: 42842 occurrences
  Not enough charged vertices.: 25413 occurrences
mctruth = 7:
  Not enough neutral clusters.: 59 occurrences
  Not enough charged vertices.: 2 occurrences
[2025-07-10 02:04:43] Info: Execution time - 0h 0min 2.000000s
[2025-07-10 02:06:25] Info: Executed part of the analysis - Full initial analysis
Physics-related error statistics per mctruth:
mctruth = 1:
  Not enough neutral clusters.: 4 occurrences
  Not enough charged vertices.: 24 occurrences
mctruth = 2:
  Not enough neutral clusters.: 930 occurrences
  Not enough charged vertices.: 962 occurrences
mctruth = 3:
  Not enough neutral clusters.: 11 occurrences
  Not enough charged vertices.: 28 occurrences
mctruth = 4:
  Not enough neutral clusters.: 735 occurrences
  Not enough charged vertices.: 1002 occurrences
mctruth = 5:
  Not enough neutral clusters.: 581 occurrences
  Not enough charged vertices.: 5427 occurrences
mctruth = 6:
  Not enough neutral clusters.: 42842 occurrences
  Not enough charged vertices.: 25413 occurrences
mctruth = 7:
  Not enough neutral clusters.: 59 occurrences
  Not enough charged vertices.: 2 occurrences
[2025-07-10 02:06:27] Info: Execution time - 0h 0min 1.000000s
[2025-07-10 02:08:00] Info: Executed part of the analysis - Full initial analysis
Physics-related error statistics per mctruth:
mctruth = 1:
  Not enough neutral clusters.: 4 occurrences
  Not enough charged vertices.: 24 occurrences
mctruth = 2:
  Not enough neutral clusters.: 930 occurrences
  Not enough charged vertices.: 962 occurrences
mctruth = 3:
  Not enough neutral clusters.: 11 occurrences
  Not enough charged vertices.: 28 occurrences
mctruth = 4:
  Not enough neutral clusters.: 735 occurrences
  Not enough charged vertices.: 1002 occurrences
mctruth = 5:
  Not enough neutral clusters.: 581 occurrences
  Not enough charged vertices.: 5427 occurrences
mctruth = 6:
  Not enough neutral clusters.: 42842 occurrences
  Not enough charged vertices.: 25413 occurrences
mctruth = 7:
  Not enough neutral clusters.: 59 occurrences
  Not enough charged vertices.: 2 occurrences
[2025-07-10 02:08:02] Info: Execution time - 0h 0min 2.000000s
[2025-07-10 02:09:54] Info: Executed part of the analysis - Full initial analysis
Physics-related error statistics per mctruth:
mctruth = 1:
  Not enough neutral clusters.: 4 occurrences
  Not enough charged vertices.: 24 occurrences
mctruth = 2:
  Not enough neutral clusters.: 930 occurrences
  Not enough charged vertices.: 962 occurrences
mctruth = 3:
  Not enough neutral clusters.: 11 occurrences
  Not enough charged vertices.: 28 occurrences
mctruth = 4:
  Not enough neutral clusters.: 735 occurrences
  Not enough charged vertices.: 1002 occurrences
mctruth = 5:
  Not enough neutral clusters.: 581 occurrences
  Not enough charged vertices.: 5427 occurrences
mctruth = 6:
  Not enough neutral clusters.: 42842 occurrences
  Not enough charged vertices.: 25413 occurrences
mctruth = 7:
  Not enough neutral clusters.: 59 occurrences
  Not enough charged vertices.: 2 occurrences
[2025-07-10 02:09:56] Info: Execution time - 0h 0min 2.000000s
[2025-07-10 02:11:19] Info: Executed part of the analysis - Full initial analysis
Physics-related error statistics per mctruth:
mctruth = 1:
  Not enough neutral clusters.: 4 occurrences
  Not enough charged vertices.: 24 occurrences
mctruth = 2:
  Not enough neutral clusters.: 930 occurrences
  Not enough charged vertices.: 962 occurrences
mctruth = 3:
  Not enough neutral clusters.: 11 occurrences
  Not enough charged vertices.: 28 occurrences
mctruth = 4:
  Not enough neutral clusters.: 735 occurrences
  Not enough charged vertices.: 1002 occurrences
mctruth = 5:
  Not enough neutral clusters.: 581 occurrences
  Not enough charged vertices.: 5427 occurrences
mctruth = 6:
  Not enough neutral clusters.: 42842 occurrences
  Not enough charged vertices.: 25413 occurrences
mctruth = 7:
  Not enough neutral clusters.: 59 occurrences
  Not enough charged vertices.: 2 occurrences
[2025-07-10 02:11:22] Info: Execution time - 0h 0min 2.000000s
[2025-07-10 02:11:24] Info: Executed part of the analysis - Full initial analysis
[2025-07-10 02:11:31] Info: Executed part of the analysis - Full initial analysis
Physics-related error statistics per mctruth:
mctruth = 1:
  Not enough neutral clusters.: 4 occurrences
  Not enough charged vertices.: 24 occurrences
mctruth = 2:
  Not enough neutral clusters.: 930 occurrences
  Not enough charged vertices.: 962 occurrences
mctruth = 3:
  Not enough neutral clusters.: 11 occurrences
  Not enough charged vertices.: 28 occurrences
mctruth = 4:
  Not enough neutral clusters.: 735 occurrences
  Not enough charged vertices.: 1002 occurrences
mctruth = 5:
  Not enough neutral clusters.: 581 occurrences
  Not enough charged vertices.: 5427 occurrences
mctruth = 6:
  Not enough neutral clusters.: 42842 occurrences
  Not enough charged vertices.: 25413 occurrences
mctruth = 7:
  Not enough neutral clusters.: 59 occurrences
  Not enough charged vertices.: 2 occurrences
[2025-07-10 02:11:33] Info: Execution time - 0h 0min 2.000000s
[2025-07-10 02:12:23] Info: Executed part of the analysis - Full initial analysis
Physics-related error statistics per mctruth:
mctruth = 1:
  Not enough neutral clusters.: 144 occurrences
  Not enough charged vertices.: 495 occurrences
mctruth = 2:
  Not enough neutral clusters.: 20596 occurrences
  Not enough charged vertices.: 20581 occurrences
mctruth = 3:
  Not enough neutral clusters.: 313 occurrences
  Not enough charged vertices.: 1140 occurrences
mctruth = 4:
  Not enough neutral clusters.: 15415 occurrences
  Not enough charged vertices.: 27314 occurrences
mctruth = 5:
  Not enough neutral clusters.: 12372 occurrences
  Not enough charged vertices.: 120945 occurrences
mctruth = 6:
  Not enough neutral clusters.: 898207 occurrences
  Not enough charged vertices.: 561939 occurrences
mctruth = 7:
  Not enough neutral clusters.: 1039 occurrences
  Not enough charged vertices.: 85 occurrences
[2025-07-10 02:13:03] Info: Execution time - 0h 0min 40.000000s
[2025-07-10 02:14:36] Info: Executed part of the analysis - Full initial analysis
Physics-related error statistics per mctruth:
mctruth = 1:
  Not enough neutral clusters.: 144 occurrences
  Not enough charged vertices.: 453 occurrences
mctruth = 2:
  Not enough neutral clusters.: 20596 occurrences
  Not enough charged vertices.: 19617 occurrences
mctruth = 3:
  Not enough neutral clusters.: 313 occurrences
  Not enough charged vertices.: 780 occurrences
mctruth = 4:
  Not enough neutral clusters.: 15415 occurrences
  Not enough charged vertices.: 20470 occurrences
mctruth = 5:
  Not enough neutral clusters.: 12372 occurrences
  Not enough charged vertices.: 115323 occurrences
mctruth = 6:
  Not enough neutral clusters.: 898207 occurrences
  Not enough charged vertices.: 527093 occurrences
mctruth = 7:
  Not enough neutral clusters.: 1039 occurrences
  Not enough charged vertices.: 62 occurrences
[2025-07-10 02:15:11] Info: Execution time - 0h 0min 35.000000s
[2025-07-10 02:17:02] Info: Executed part of the analysis - Full initial analysis
Physics-related error statistics per mctruth:
mctruth = 1:
  Not enough neutral clusters.: 144 occurrences
  Not enough charged vertices.: 453 occurrences
mctruth = 2:
  Not enough neutral clusters.: 20596 occurrences
  Not enough charged vertices.: 19617 occurrences
mctruth = 3:
  Not enough neutral clusters.: 313 occurrences
  Not enough charged vertices.: 780 occurrences
mctruth = 4:
  Not enough neutral clusters.: 15415 occurrences
  Not enough charged vertices.: 20470 occurrences
mctruth = 5:
  Not enough neutral clusters.: 12372 occurrences
  Not enough charged vertices.: 115323 occurrences
mctruth = 6:
  Not enough neutral clusters.: 898207 occurrences
  Not enough charged vertices.: 527094 occurrences
mctruth = 7:
  Not enough neutral clusters.: 1039 occurrences
  Not enough charged vertices.: 62 occurrences
[2025-07-10 02:17:37] Info: Execution time - 0h 0min 34.000000s
[2025-07-10 02:19:46] Info: Executed part of the analysis - Full initial analysis
Physics-related error statistics per mctruth:
mctruth = 1:
  Not enough charged vertices.: 477 occurrences
mctruth = 2:
  Not enough charged vertices.: 22106 occurrences
mctruth = 3:
  Not enough charged vertices.: 794 occurrences
mctruth = 4:
  Not enough charged vertices.: 22375 occurrences
mctruth = 5:
  Not enough charged vertices.: 119711 occurrences
mctruth = 6:
  Not enough charged vertices.: 608886 occurrences
mctruth = 7:
  Not enough charged vertices.: 106 occurrences
[2025-07-10 02:20:30] Info: Execution time - 0h 0min 44.000000s
[2025-07-10 02:24:43] Info: Executed part of the analysis - Full initial analysis
[2025-07-10 02:27:51] Info: Executed part of the analysis - Full initial analysis
Physics-related error statistics per mctruth:
mctruth = 1:
  Not enough neutral clusters.: 144 occurrences
  Not enough charged vertices.: 453 occurrences
mctruth = 2:
  Not enough neutral clusters.: 20596 occurrences
  Not enough charged vertices.: 19617 occurrences
mctruth = 3:
  Not enough neutral clusters.: 313 occurrences
  Not enough charged vertices.: 781 occurrences
mctruth = 4:
  Not enough neutral clusters.: 15415 occurrences
  Not enough charged vertices.: 20470 occurrences
mctruth = 5:
  Not enough neutral clusters.: 12372 occurrences
  Not enough charged vertices.: 115334 occurrences
mctruth = 6:
  Not enough neutral clusters.: 898207 occurrences
  Not enough charged vertices.: 527114 occurrences
mctruth = 7:
  Not enough neutral clusters.: 1039 occurrences
  Not enough charged vertices.: 62 occurrences
[2025-07-10 02:28:39] Info: Execution time - 0h 0min 48.000000s
[2025-07-10 08:19:38] Info: Executed part of the analysis - Full initial analysis
Physics-related error statistics per mctruth:
mctruth = 1:
  Not enough neutral clusters.: 25 occurrences
  Not enough charged vertices.: 71 occurrences
mctruth = 2:
  Not enough neutral clusters.: 4206 occurrences
  Not enough charged vertices.: 3586 occurrences
mctruth = 3:
  Not enough neutral clusters.: 56 occurrences
  Not enough charged vertices.: 138 occurrences
mctruth = 4:
  Not enough neutral clusters.: 3129 occurrences
  Not enough charged vertices.: 3638 occurrences
mctruth = 5:
  Not enough neutral clusters.: 2619 occurrences
  Not enough charged vertices.: 21112 occurrences
mctruth = 6:
  Not enough neutral clusters.: 177452 occurrences
  Not enough charged vertices.: 95267 occurrences
mctruth = 7:
  Not enough neutral clusters.: 198 occurrences
  Not enough charged vertices.: 10 occurrences
[2025-07-10 08:19:49] Info: Execution time - 0h 0min 10.000000s
[2025-07-10 08:33:36] Info: Executed part of the analysis - Full initial analysis
Physics-related error statistics per mctruth:
mctruth = 1:
  Not enough neutral clusters.: 1609 occurrences
  Not enough charged vertices.: 5471 occurrences
mctruth = 2:
  Not enough neutral clusters.: 255359 occurrences
  Not enough charged vertices.: 237571 occurrences
mctruth = 3:
  Not enough neutral clusters.: 3867 occurrences
  Not enough charged vertices.: 11906 occurrences
mctruth = 4:
  Not enough neutral clusters.: 190271 occurrences
  Not enough charged vertices.: 293751 occurrences
mctruth = 5:
  Not enough neutral clusters.: 157874 occurrences
  Not enough charged vertices.: 1400810 occurrences
mctruth = 6:
  Not enough neutral clusters.: 11024548 occurrences
  Not enough charged vertices.: 6453198 occurrences
mctruth = 7:
  Not enough neutral clusters.: 13034 occurrences
  Not enough charged vertices.: 769 occurrences
[2025-07-10 08:43:05] Info: Execution time - 0h 9min 28.000000s
[2025-07-12 15:57:14] Info: Executed part of the analysis - Full initial analysis
Physics-related error statistics per mctruth:
[2025-07-12 15:57:14] Info: Execution time - 0h 0min 0.000000s
[2025-07-14 21:39:21] Info: Executed part of the analysis - Full initial analysis
Physics-related error statistics per mctruth:
[2025-07-14 21:39:24] Info: Execution time - 0h 0min 3.000000s
[2025-07-14 21:40:09] Info: Executed part of the analysis - Full initial analysis
[2025-07-14 21:40:51] Info: Executed part of the analysis - Full initial analysis
[2025-07-14 21:41:59] Info: Executed part of the analysis - Full initial analysis
[2025-07-14 21:42:28] Info: Executed part of the analysis - Full initial analysis
[2025-07-14 21:43:08] Info: Executed part of the analysis - Full initial analysis
Physics-related error statistics per mctruth:
mctruth = 0:
  Not enough neutral clusters.: 5836819 occurrences
  Not enough charged vertices.: 2359524 occurrences
[2025-07-14 21:46:15] Info: Execution time - 0h 3min 6.000000s
[2025-07-14 23:49:32] Info: Executed part of the analysis - Full initial analysis
Physics-related error statistics per mctruth:
[2025-07-14 23:49:35] Info: Execution time - 0h 0min 3.000000s
[2025-07-14 23:50:44] Info: Executed part of the analysis - Full initial analysis
Physics-related error statistics per mctruth:
mctruth = 1:
  Not enough neutral clusters.: 37 occurrences
  Not enough charged vertices.: 98 occurrences
mctruth = 2:
  Not enough neutral clusters.: 5653 occurrences
  Not enough charged vertices.: 4566 occurrences
mctruth = 3:
  Not enough neutral clusters.: 98 occurrences
  Not enough charged vertices.: 197 occurrences
mctruth = 4:
  Not enough neutral clusters.: 4035 occurrences
  Not enough charged vertices.: 4745 occurrences
mctruth = 5:
  Not enough neutral clusters.: 3620 occurrences
  Not enough charged vertices.: 26791 occurrences
mctruth = 6:
  Not enough neutral clusters.: 236670 occurrences
  Not enough charged vertices.: 120813 occurrences
mctruth = 7:
  Not enough neutral clusters.: 261 occurrences
  Not enough charged vertices.: 7 occurrences
[2025-07-14 23:50:55] Info: Execution time - 0h 0min 10.000000s
[2025-07-14 23:52:45] Info: Executed part of the analysis - Full initial analysis
Physics-related error statistics per mctruth:
mctruth = 1:
  Not enough neutral clusters.: 37 occurrences
  Not enough charged vertices.: 135 occurrences
mctruth = 2:
  Not enough neutral clusters.: 5653 occurrences
  Not enough charged vertices.: 5372 occurrences
mctruth = 3:
  Not enough neutral clusters.: 98 occurrences
  Not enough charged vertices.: 511 occurrences
mctruth = 4:
  Not enough neutral clusters.: 4035 occurrences
  Not enough charged vertices.: 11085 occurrences
mctruth = 5:
  Not enough neutral clusters.: 3620 occurrences
  Not enough charged vertices.: 31682 occurrences
mctruth = 6:
  Not enough neutral clusters.: 236670 occurrences
  Not enough charged vertices.: 148705 occurrences
mctruth = 7:
  Not enough neutral clusters.: 261 occurrences
  Not enough charged vertices.: 26 occurrences
[2025-07-14 23:52:55] Info: Execution time - 0h 0min 10.000000s
[2025-07-14 23:56:43] Info: Executed part of the analysis - Full initial analysis
Physics-related error statistics per mctruth:
mctruth = 1:
  Not enough neutral clusters.: 37 occurrences
  Not enough charged vertices.: 98 occurrences
mctruth = 2:
  Not enough neutral clusters.: 5653 occurrences
  Not enough charged vertices.: 4566 occurrences
mctruth = 3:
  Not enough neutral clusters.: 98 occurrences
  Not enough charged vertices.: 197 occurrences
mctruth = 4:
  Not enough neutral clusters.: 4035 occurrences
  Not enough charged vertices.: 4745 occurrences
mctruth = 5:
  Not enough neutral clusters.: 3620 occurrences
  Not enough charged vertices.: 26791 occurrences
mctruth = 6:
  Not enough neutral clusters.: 236670 occurrences
  Not enough charged vertices.: 120813 occurrences
mctruth = 7:
  Not enough neutral clusters.: 261 occurrences
  Not enough charged vertices.: 7 occurrences
[2025-07-14 23:56:54] Info: Execution time - 0h 0min 10.000000s
[2025-07-14 23:57:56] Info: Executed part of the analysis - Full initial analysis
Physics-related error statistics per mctruth:
mctruth = 1:
  Not enough neutral clusters.: 37 occurrences
  Not enough charged vertices.: 98 occurrences
mctruth = 2:
  Not enough neutral clusters.: 5653 occurrences
  Not enough charged vertices.: 4566 occurrences
mctruth = 3:
  Not enough neutral clusters.: 98 occurrences
  Not enough charged vertices.: 197 occurrences
mctruth = 4:
  Not enough neutral clusters.: 4035 occurrences
  Not enough charged vertices.: 4745 occurrences
mctruth = 5:
  Not enough neutral clusters.: 3620 occurrences
  Not enough charged vertices.: 26791 occurrences
mctruth = 6:
  Not enough neutral clusters.: 236670 occurrences
  Not enough charged vertices.: 120813 occurrences
mctruth = 7:
  Not enough neutral clusters.: 261 occurrences
  Not enough charged vertices.: 7 occurrences
[2025-07-14 23:58:06] Info: Execution time - 0h 0min 10.000000s
[2025-07-15 00:04:22] Info: Executed part of the analysis - Full initial analysis
Physics-related error statistics per mctruth:
mctruth = 1:
  Not enough neutral clusters.: 37 occurrences
  Not enough charged vertices.: 98 occurrences
  Improper error code.: 49 occurrences
mctruth = 2:
  Not enough neutral clusters.: 5653 occurrences
  Not enough charged vertices.: 4566 occurrences
  Improper error code.: 806 occurrences
mctruth = 3:
  Not enough neutral clusters.: 98 occurrences
  Not enough charged vertices.: 197 occurrences
  Improper error code.: 1555 occurrences
mctruth = 4:
  Not enough neutral clusters.: 4035 occurrences
  Not enough charged vertices.: 4745 occurrences
  Improper error code.: 4542 occurrences
mctruth = 5:
  Not enough neutral clusters.: 3620 occurrences
  Not enough charged vertices.: 26791 occurrences
  Improper error code.: 26687 occurrences
mctruth = 6:
  Not enough neutral clusters.: 236670 occurrences
  Not enough charged vertices.: 120813 occurrences
  Improper error code.: 59054 occurrences
mctruth = 7:
  Not enough neutral clusters.: 261 occurrences
  Not enough charged vertices.: 7 occurrences
  Improper error code.: 14 occurrences
[2025-07-15 00:04:32] Info: Execution time - 0h 0min 10.000000s
[2025-07-15 00:07:16] Info: Executed part of the analysis - Full initial analysis
Physics-related error statistics per mctruth:
mctruth = 1:
  Not enough neutral clusters.: 37 occurrences
  Not enough charged vertices.: 98 occurrences
  Did not pass charged kaon ivariant mass in preselection.: 49 occurrences
mctruth = 2:
  Not enough neutral clusters.: 5653 occurrences
  Not enough charged vertices.: 4566 occurrences
  Did not pass charged kaon ivariant mass in preselection.: 806 occurrences
mctruth = 3:
  Not enough neutral clusters.: 98 occurrences
  Not enough charged vertices.: 197 occurrences
  Did not pass charged kaon ivariant mass in preselection.: 1555 occurrences
mctruth = 4:
  Not enough neutral clusters.: 4035 occurrences
  Not enough charged vertices.: 4745 occurrences
  Did not pass charged kaon ivariant mass in preselection.: 4542 occurrences
mctruth = 5:
  Not enough neutral clusters.: 3620 occurrences
  Not enough charged vertices.: 26791 occurrences
  Did not pass charged kaon ivariant mass in preselection.: 26687 occurrences
mctruth = 6:
  Not enough neutral clusters.: 236670 occurrences
  Not enough charged vertices.: 120813 occurrences
  Did not pass charged kaon ivariant mass in preselection.: 59054 occurrences
mctruth = 7:
  Not enough neutral clusters.: 261 occurrences
  Not enough charged vertices.: 7 occurrences
  Did not pass charged kaon ivariant mass in preselection.: 14 occurrences
[2025-07-15 00:07:27] Info: Execution time - 0h 0min 10.000000s
[2025-07-15 00:36:37] Info: Executed part of the analysis - Full initial analysis
Physics-related error statistics per mctruth:
mctruth = 1:
  Not enough neutral clusters.: 37 occurrences
  Not enough charged vertices.: 98 occurrences
  Did not pass charged kaon ivariant mass in preselection.: 42 occurrences
mctruth = 2:
  Not enough neutral clusters.: 5653 occurrences
  Not enough charged vertices.: 4566 occurrences
  Did not pass charged kaon ivariant mass in preselection.: 686 occurrences
mctruth = 3:
  Not enough neutral clusters.: 98 occurrences
  Not enough charged vertices.: 197 occurrences
  Did not pass charged kaon ivariant mass in preselection.: 1425 occurrences
mctruth = 4:
  Not enough neutral clusters.: 4035 occurrences
  Not enough charged vertices.: 4745 occurrences
  Did not pass charged kaon ivariant mass in preselection.: 3676 occurrences
mctruth = 5:
  Not enough neutral clusters.: 3620 occurrences
  Not enough charged vertices.: 26791 occurrences
  Did not pass charged kaon ivariant mass in preselection.: 25917 occurrences
mctruth = 6:
  Not enough neutral clusters.: 236670 occurrences
  Not enough charged vertices.: 120813 occurrences
  Did not pass charged kaon ivariant mass in preselection.: 54955 occurrences
mctruth = 7:
  Not enough neutral clusters.: 261 occurrences
  Not enough charged vertices.: 7 occurrences
  Did not pass charged kaon ivariant mass in preselection.: 10 occurrences
[2025-07-15 00:36:58] Info: Execution time - 0h 0min 21.000000s
[2025-07-15 00:49:18] Info: Executed part of the analysis - Full initial analysis
[2025-07-15 00:53:09] Info: Executed part of the analysis - Full initial analysis
Physics-related error statistics per mctruth:
mctruth = 1:
  Not enough neutral clusters.: 37 occurrences
  Not enough charged vertices.: 98 occurrences
  Did not pass charged kaon ivariant mass in preselection.: 42 occurrences
mctruth = 2:
  Not enough neutral clusters.: 5653 occurrences
  Not enough charged vertices.: 4566 occurrences
  Did not pass charged kaon ivariant mass in preselection.: 686 occurrences
mctruth = 3:
  Not enough neutral clusters.: 98 occurrences
  Not enough charged vertices.: 197 occurrences
  Did not pass charged kaon ivariant mass in preselection.: 1425 occurrences
mctruth = 4:
  Not enough neutral clusters.: 4035 occurrences
  Not enough charged vertices.: 4745 occurrences
  Did not pass charged kaon ivariant mass in preselection.: 3676 occurrences
mctruth = 5:
  Not enough neutral clusters.: 3620 occurrences
  Not enough charged vertices.: 26791 occurrences
  Did not pass charged kaon ivariant mass in preselection.: 25917 occurrences
mctruth = 6:
  Not enough neutral clusters.: 236670 occurrences
  Not enough charged vertices.: 120813 occurrences
  Did not pass charged kaon ivariant mass in preselection.: 54955 occurrences
mctruth = 7:
  Not enough neutral clusters.: 261 occurrences
  Not enough charged vertices.: 7 occurrences
  Did not pass charged kaon ivariant mass in preselection.: 10 occurrences
[2025-07-15 00:53:31] Info: Execution time - 0h 0min 21.000000s
[2025-07-15 01:15:49] Info: Executed part of the analysis - Full initial analysis
Physics-related error statistics per mctruth:
mctruth = 1:
  Not enough neutral clusters.: 37 occurrences
  Not enough charged vertices.: 98 occurrences
  Did not pass charged kaon ivariant mass in preselection.: 42 occurrences
mctruth = 2:
  Not enough neutral clusters.: 5653 occurrences
  Not enough charged vertices.: 4566 occurrences
  Did not pass charged kaon ivariant mass in preselection.: 686 occurrences
mctruth = 3:
  Not enough neutral clusters.: 98 occurrences
  Not enough charged vertices.: 197 occurrences
  Did not pass charged kaon ivariant mass in preselection.: 1425 occurrences
mctruth = 4:
  Not enough neutral clusters.: 4035 occurrences
  Not enough charged vertices.: 4745 occurrences
  Did not pass charged kaon ivariant mass in preselection.: 3676 occurrences
mctruth = 5:
  Not enough neutral clusters.: 3620 occurrences
  Not enough charged vertices.: 26791 occurrences
  Did not pass charged kaon ivariant mass in preselection.: 25917 occurrences
mctruth = 6:
  Not enough neutral clusters.: 236670 occurrences
  Not enough charged vertices.: 120813 occurrences
  Did not pass charged kaon ivariant mass in preselection.: 54955 occurrences
mctruth = 7:
  Not enough neutral clusters.: 261 occurrences
  Not enough charged vertices.: 7 occurrences
  Did not pass charged kaon ivariant mass in preselection.: 10 occurrences
[2025-07-15 01:16:10] Info: Execution time - 0h 0min 21.000000s
[2025-07-15 01:40:25] Info: Executed part of the analysis - Full initial analysis
Physics-related error statistics per mctruth:
mctruth = 1:
  Not enough neutral clusters.: 37 occurrences
  Not enough charged vertices.: 98 occurrences
  Did not pass charged kaon ivariant mass in preselection.: 42 occurrences
mctruth = 2:
  Not enough neutral clusters.: 5653 occurrences
  Not enough charged vertices.: 4566 occurrences
  Did not pass charged kaon ivariant mass in preselection.: 686 occurrences
mctruth = 3:
  Not enough neutral clusters.: 98 occurrences
  Not enough charged vertices.: 197 occurrences
  Did not pass charged kaon ivariant mass in preselection.: 1425 occurrences
mctruth = 4:
  Not enough neutral clusters.: 4035 occurrences
  Not enough charged vertices.: 4745 occurrences
  Did not pass charged kaon ivariant mass in preselection.: 3676 occurrences
mctruth = 5:
  Not enough neutral clusters.: 3620 occurrences
  Not enough charged vertices.: 26791 occurrences
  Did not pass charged kaon ivariant mass in preselection.: 25917 occurrences
mctruth = 6:
  Not enough neutral clusters.: 236670 occurrences
  Not enough charged vertices.: 120813 occurrences
  Did not pass charged kaon ivariant mass in preselection.: 54955 occurrences
mctruth = 7:
  Not enough neutral clusters.: 261 occurrences
  Not enough charged vertices.: 7 occurrences
  Did not pass charged kaon ivariant mass in preselection.: 10 occurrences
[2025-07-15 01:40:48] Info: Execution time - 0h 0min 23.000000s
[2025-07-15 01:54:12] Info: Executed part of the analysis - Full initial analysis
Physics-related error statistics per mctruth:
mctruth = 1:
  Not enough neutral clusters.: 37 occurrences
  Not enough charged vertices.: 98 occurrences
  Did not pass charged kaon ivariant mass in preselection.: 42 occurrences
mctruth = 2:
  Not enough neutral clusters.: 5653 occurrences
  Not enough charged vertices.: 4566 occurrences
  Did not pass charged kaon ivariant mass in preselection.: 686 occurrences
mctruth = 3:
  Not enough neutral clusters.: 98 occurrences
  Not enough charged vertices.: 197 occurrences
  Did not pass charged kaon ivariant mass in preselection.: 1425 occurrences
mctruth = 4:
  Not enough neutral clusters.: 4035 occurrences
  Not enough charged vertices.: 4745 occurrences
  Did not pass charged kaon ivariant mass in preselection.: 3676 occurrences
mctruth = 5:
  Not enough neutral clusters.: 3620 occurrences
  Not enough charged vertices.: 26791 occurrences
  Did not pass charged kaon ivariant mass in preselection.: 25917 occurrences
mctruth = 6:
  Not enough neutral clusters.: 236670 occurrences
  Not enough charged vertices.: 120813 occurrences
  Did not pass charged kaon ivariant mass in preselection.: 54955 occurrences
mctruth = 7:
  Not enough neutral clusters.: 261 occurrences
  Not enough charged vertices.: 7 occurrences
  Did not pass charged kaon ivariant mass in preselection.: 10 occurrences
[2025-07-15 01:54:36] Info: Execution time - 0h 0min 24.000000s
[2025-07-15 19:35:02] Info: Executed part of the analysis - Full initial analysis
Physics-related error statistics per mctruth:
mctruth = 1:
  Not enough neutral clusters.: 37 occurrences
  Not enough charged vertices.: 98 occurrences
  Did not pass charged kaon ivariant mass in preselection.: 42 occurrences
mctruth = 2:
  Not enough neutral clusters.: 5653 occurrences
  Not enough charged vertices.: 4566 occurrences
  Did not pass charged kaon ivariant mass in preselection.: 686 occurrences
mctruth = 3:
  Not enough neutral clusters.: 98 occurrences
  Not enough charged vertices.: 197 occurrences
  Did not pass charged kaon ivariant mass in preselection.: 1425 occurrences
mctruth = 4:
  Not enough neutral clusters.: 4035 occurrences
  Not enough charged vertices.: 4745 occurrences
  Did not pass charged kaon ivariant mass in preselection.: 3676 occurrences
mctruth = 5:
  Not enough neutral clusters.: 3620 occurrences
  Not enough charged vertices.: 26791 occurrences
  Did not pass charged kaon ivariant mass in preselection.: 25917 occurrences
mctruth = 6:
  Not enough neutral clusters.: 236670 occurrences
  Not enough charged vertices.: 120813 occurrences
  Did not pass charged kaon ivariant mass in preselection.: 54955 occurrences
mctruth = 7:
  Not enough neutral clusters.: 261 occurrences
  Not enough charged vertices.: 7 occurrences
  Did not pass charged kaon ivariant mass in preselection.: 10 occurrences
[2025-07-15 19:35:35] Info: Execution time - 0h 0min 33.000000s
[2025-07-15 19:52:38] Info: Executed part of the analysis - Full initial analysis
Physics-related error statistics per mctruth:
mctruth = 1:
  Not enough neutral clusters.: 37 occurrences
  Not enough charged vertices.: 98 occurrences
  Did not pass charged kaon ivariant mass in preselection.: 42 occurrences
mctruth = 2:
  Not enough neutral clusters.: 5653 occurrences
  Not enough charged vertices.: 4566 occurrences
  Did not pass charged kaon ivariant mass in preselection.: 686 occurrences
mctruth = 3:
  Not enough neutral clusters.: 98 occurrences
  Not enough charged vertices.: 197 occurrences
  Did not pass charged kaon ivariant mass in preselection.: 1425 occurrences
mctruth = 4:
  Not enough neutral clusters.: 4035 occurrences
  Not enough charged vertices.: 4745 occurrences
  Did not pass charged kaon ivariant mass in preselection.: 3676 occurrences
mctruth = 5:
  Not enough neutral clusters.: 3620 occurrences
  Not enough charged vertices.: 26791 occurrences
  Did not pass charged kaon ivariant mass in preselection.: 25917 occurrences
mctruth = 6:
  Not enough neutral clusters.: 236670 occurrences
  Not enough charged vertices.: 120813 occurrences
  Did not pass charged kaon ivariant mass in preselection.: 54955 occurrences
mctruth = 7:
  Not enough neutral clusters.: 261 occurrences
  Not enough charged vertices.: 7 occurrences
  Did not pass charged kaon ivariant mass in preselection.: 10 occurrences
[2025-07-15 19:53:11] Info: Execution time - 0h 0min 33.000000s
[2025-07-15 20:00:23] Info: Executed part of the analysis - Full initial analysis
[2025-07-15 20:01:10] Info: Executed part of the analysis - Full initial analysis
Physics-related error statistics per mctruth:
mctruth = 1:
  Not enough neutral clusters.: 37 occurrences
  Not enough charged vertices.: 98 occurrences
  Did not pass charged kaon ivariant mass in preselection.: 42 occurrences
mctruth = 2:
  Not enough neutral clusters.: 5653 occurrences
  Not enough charged vertices.: 4566 occurrences
  Did not pass charged kaon ivariant mass in preselection.: 686 occurrences
mctruth = 3:
  Not enough neutral clusters.: 98 occurrences
  Not enough charged vertices.: 197 occurrences
  Did not pass charged kaon ivariant mass in preselection.: 1425 occurrences
mctruth = 4:
  Not enough neutral clusters.: 4035 occurrences
  Not enough charged vertices.: 4745 occurrences
  Did not pass charged kaon ivariant mass in preselection.: 3676 occurrences
mctruth = 5:
  Not enough neutral clusters.: 3620 occurrences
  Not enough charged vertices.: 26791 occurrences
  Did not pass charged kaon ivariant mass in preselection.: 25917 occurrences
mctruth = 6:
  Not enough neutral clusters.: 236670 occurrences
  Not enough charged vertices.: 120813 occurrences
  Did not pass charged kaon ivariant mass in preselection.: 54955 occurrences
mctruth = 7:
  Not enough neutral clusters.: 261 occurrences
  Not enough charged vertices.: 7 occurrences
  Did not pass charged kaon ivariant mass in preselection.: 10 occurrences
[2025-07-15 20:01:43] Info: Execution time - 0h 0min 32.000000s
[2025-07-15 20:02:58] Info: Executed part of the analysis - Full initial analysis
[2025-07-15 20:03:22] Info: Executed part of the analysis - Full initial analysis
[2025-07-15 20:07:08] Info: Executed part of the analysis - Full initial analysis
[2025-07-15 20:13:12] Info: Executed part of the analysis - Full initial analysis
Physics-related error statistics per mctruth:
mctruth = 1:
  Not enough neutral clusters.: 37 occurrences
  Not enough charged vertices.: 329 occurrences
mctruth = 2:
  Not enough neutral clusters.: 5653 occurrences
  Not enough charged vertices.: 8699 occurrences
mctruth = 3:
  Not enough neutral clusters.: 98 occurrences
  Not enough charged vertices.: 1889 occurrences
mctruth = 4:
  Not enough neutral clusters.: 4035 occurrences
  Not enough charged vertices.: 37678 occurrences
mctruth = 5:
  Not enough neutral clusters.: 3620 occurrences
  Not enough charged vertices.: 54127 occurrences
  Did not pass charged kaon ivariant mass in preselection.: 1 occurrences
mctruth = 6:
  Not enough neutral clusters.: 236670 occurrences
  Not enough charged vertices.: 278975 occurrences
mctruth = 7:
  Not enough neutral clusters.: 261 occurrences
  Not enough charged vertices.: 100 occurrences
[2025-07-15 20:13:22] Info: Execution time - 0h 0min 9.000000s
[2025-07-15 20:14:39] Info: Executed part of the analysis - Full initial analysis
[2025-07-15 20:18:26] Info: Executed part of the analysis - Full initial analysis
[2025-07-15 20:18:52] Info: Executed part of the analysis - Full initial analysis
Physics-related error statistics per mctruth:
mctruth = 1:
  Not enough neutral clusters.: 37 occurrences
  Not enough charged vertices.: 148 occurrences
  Did not pass charged kaon ivariant mass in preselection.: 34 occurrences
mctruth = 2:
  Not enough neutral clusters.: 5653 occurrences
  Not enough charged vertices.: 5492 occurrences
  Did not pass charged kaon ivariant mass in preselection.: 538 occurrences
mctruth = 3:
  Not enough neutral clusters.: 98 occurrences
  Not enough charged vertices.: 586 occurrences
  Did not pass charged kaon ivariant mass in preselection.: 1096 occurrences
mctruth = 4:
  Not enough neutral clusters.: 4035 occurrences
  Not enough charged vertices.: 12316 occurrences
  Did not pass charged kaon ivariant mass in preselection.: 2857 occurrences
mctruth = 5:
  Not enough neutral clusters.: 3620 occurrences
  Not enough charged vertices.: 33270 occurrences
  Did not pass charged kaon ivariant mass in preselection.: 19748 occurrences
mctruth = 6:
  Not enough neutral clusters.: 236670 occurrences
  Not enough charged vertices.: 157919 occurrences
  Did not pass charged kaon ivariant mass in preselection.: 42341 occurrences
mctruth = 7:
  Not enough neutral clusters.: 261 occurrences
  Not enough charged vertices.: 24 occurrences
  Did not pass charged kaon ivariant mass in preselection.: 8 occurrences
[2025-07-15 20:19:22] Info: Execution time - 0h 0min 30.000000s
[2025-07-16 00:02:18] Info: Executed part of the analysis - Full initial analysis
[2025-07-16 00:02:18] Info: Execution time - 0h 0min 0.000000s
[2025-07-16 00:02:21] Info: Executed part of the analysis - Full initial analysis
[2025-07-16 00:02:21] Info: Execution time - 0h 0min 0.000000s
[2025-07-16 00:02:30] Info: Executed part of the analysis - Full initial analysis
[2025-07-16 00:02:30] Info: Execution time - 0h 0min 0.000000s
[2025-07-16 00:02:50] Info: Executed part of the analysis - Full initial analysis
[2025-07-16 00:02:50] Info: Execution time - 0h 0min 0.000000s
[2025-07-16 00:02:59] Info: Executed part of the analysis - Full initial analysis
[2025-07-16 00:02:59] Info: Execution time - 0h 0min 0.000000s
[2025-07-16 00:03:23] Info: Executed part of the analysis - Full initial analysis
Physics-related error statistics per mctruth:
mctruth = 1:
  Not enough neutral clusters.: 37 occurrences
  Not enough charged vertices.: 227 occurrences
mctruth = 2:
  Not enough neutral clusters.: 5653 occurrences
  Not enough charged vertices.: 7754 occurrences
mctruth = 3:
  Not enough neutral clusters.: 98 occurrences
  Not enough charged vertices.: 1551 occurrences
mctruth = 4:
  Not enough neutral clusters.: 4035 occurrences
  Not enough charged vertices.: 33094 occurrences
mctruth = 5:
  Not enough neutral clusters.: 3620 occurrences
  Not enough charged vertices.: 29004 occurrences
mctruth = 6:
  Not enough neutral clusters.: 236670 occurrences
  Not enough charged vertices.: 214333 occurrences
mctruth = 7:
  Not enough neutral clusters.: 261 occurrences
  Not enough charged vertices.: 47 occurrences
[2025-07-16 00:03:52] Info: Execution time - 0h 0min 29.000000s
[2025-07-16 00:05:53] Info: Executed part of the analysis - Full initial analysis
Physics-related error statistics per mctruth:
mctruth = 1:
  Not enough charged vertices.: 257 occurrences
mctruth = 2:
  Not enough charged vertices.: 12399 occurrences
mctruth = 3:
  Not enough charged vertices.: 1627 occurrences
mctruth = 4:
  Not enough charged vertices.: 36687 occurrences
mctruth = 5:
  Not enough charged vertices.: 30466 occurrences
mctruth = 6:
  Not enough charged vertices.: 356680 occurrences
mctruth = 7:
  Not enough charged vertices.: 160 occurrences
[2025-07-16 00:06:45] Info: Execution time - 0h 0min 52.000000s
[2025-07-16 00:17:43] Info: Executed part of the analysis - Full initial analysis
Physics-related error statistics per mctruth:
mctruth = 1:
  Not enough charged vertices.: 352 occurrences
mctruth = 2:
  Not enough charged vertices.: 13272 occurrences
mctruth = 3:
  Not enough charged vertices.: 1728 occurrences
mctruth = 4:
  Not enough charged vertices.: 38663 occurrences
mctruth = 5:
  Not enough charged vertices.: 56924 occurrences
mctruth = 6:
  Not enough charged vertices.: 415473 occurrences
mctruth = 7:
  Not enough charged vertices.: 194 occurrences
[2025-07-16 00:18:33] Info: Execution time - 0h 0min 50.000000s
[2025-07-16 00:22:33] Info: Executed part of the analysis - Full initial analysis
Physics-related error statistics per mctruth:
mctruth = 1:
  Not enough charged vertices.: 352 occurrences
mctruth = 2:
  Not enough charged vertices.: 13272 occurrences
mctruth = 3:
  Not enough charged vertices.: 1728 occurrences
mctruth = 4:
  Not enough charged vertices.: 38663 occurrences
mctruth = 5:
  Not enough charged vertices.: 56924 occurrences
mctruth = 6:
  Not enough charged vertices.: 415473 occurrences
mctruth = 7:
  Not enough charged vertices.: 194 occurrences
[2025-07-16 00:23:24] Info: Execution time - 0h 0min 51.000000s
[2025-07-16 00:25:00] Info: Executed part of the analysis - Full initial analysis
Physics-related error statistics per mctruth:
mctruth = 1:
  Not enough charged vertices.: 352 occurrences
mctruth = 2:
  Not enough charged vertices.: 13272 occurrences
mctruth = 3:
  Not enough charged vertices.: 1728 occurrences
mctruth = 4:
  Not enough charged vertices.: 38663 occurrences
mctruth = 5:
  Not enough charged vertices.: 56924 occurrences
mctruth = 6:
  Not enough charged vertices.: 415473 occurrences
mctruth = 7:
  Not enough charged vertices.: 194 occurrences
[2025-07-16 00:25:34] Info: Execution time - 0h 0min 34.000000s
