   ------------------------------------------------------------------
  | Welcome to ROOT 6.24/07                        https://root.cern |
  | (c) 1995-2021, The ROOT Team; conception: R. Brun, F. Rademakers |
  | Built for linuxx8664gcc on Apr 21 2022, 01:26:00                 |
  | From heads/v6-24-00-patches@v6-24-06-96-g6d8801b13e              |
  | With                                                             |
  | Try '.help', '.demo', '.license', '.credits', '.quit'/'.q'       |
   ------------------------------------------------------------------

Loading shared library...

Units: cm, ns, tau_{S}, MeV/c^{2}, MeV/c, MeV
File done: 1
File done: 2
File done: 3
File done: 4
File done: 5
File done: 6
File done: 7
File done: 8
File done: 9
File done: 10
File done: 11
File done: 12
File done: 13
File done: 14
File done: 15
File done: 16
File done: 17
File done: 18
File done: 19
File done: 20
File done: 21
File done: 22
File done: 23
File done: 24
File done: 25
File done: 26
File done: 27
File done: 28
File done: 29
File done: 30
File done: 31
File done: 32
File done: 33
File done: 34
File done: 35
File done: 36
File done: 37
File done: 38
File done: 39
File done: 40
File done: 41
File done: 42
File done: 43
File done: 44
File done: 45
File done: 46
File done: 47
File done: 48
File done: 49
File done: 50
File done: 51
File done: 52
File done: 53
File done: 54
File done: 55
File done: 56
File done: 57
File done: 58
File done: 59
File done: 60
File done: 61
File done: 62
File done: 63
File done: 64
File done: 65
File done: 66
File done: 67
File done: 68
File done: 69
File done: 70
File done: 71
File done: 72
File done: 73
File done: 74
File done: 75
File done: 76
File done: 77
File done: 78
File done: 79
File done: 80
File done: 81
File done: 82
File done: 83
File done: 84
File done: 85
File done: 86
File done: 87
File done: 88
File done: 89
File done: 90
File done: 91
File done: 92
File done: 93
File done: 94
File done: 95
File done: 96
File done: 97
File done: 98
File done: 99
   ------------------------------------------------------------------
  | Welcome to ROOT 6.24/07                        https://root.cern |
  | (c) 1995-2021, The ROOT Team; conception: R. Brun, F. Rademakers |
  | Built for linuxx8664gcc on Apr 21 2022, 01:26:00                 |
  | From heads/v6-24-00-patches@v6-24-06-96-g6d8801b13e              |
  | With                                                             |
  | Try '.help', '.demo', '.license', '.credits', '.quit'/'.q'       |
   ------------------------------------------------------------------

Loading shared library...

Units: cm, ns, tau_{S}, MeV/c^{2}, MeV/c, MeV
File done: 1
File done: 2
File done: 3
File done: 4
File done: 5
File done: 6
File done: 7
File done: 8
File done: 9
File done: 10
File done: 11
File done: 12
File done: 13
File done: 14
File done: 15
File done: 16
File done: 17
File done: 18
File done: 19
File done: 20
File done: 21
File done: 22
File done: 23
File done: 24
File done: 25
File done: 26
File done: 27
File done: 28
File done: 29
File done: 30
File done: 31
File done: 32
File done: 33
File done: 34
File done: 35
File done: 36
File done: 37
File done: 38
File done: 39
File done: 40
File done: 41
File done: 42
File done: 43
File done: 44
File done: 45
File done: 46
File done: 47
File done: 48
File done: 49
File done: 50
File done: 51
File done: 52
File done: 53
File done: 54
File done: 55
File done: 56
File done: 57
File done: 58
File done: 59
File done: 60
File done: 61
File done: 62
File done: 63
File done: 64
File done: 65
File done: 66
File done: 67
File done: 68
File done: 69
File done: 70
File done: 71
File done: 72
File done: 73
File done: 74
File done: 75
File done: 76
File done: 77
File done: 78
File done: 79
File done: 80
File done: 81
File done: 82
File done: 83
File done: 84
File done: 85
File done: 86
File done: 87
File done: 88
File done: 89
File done: 90
File done: 91
File done: 92
File done: 93
File done: 94
File done: 95
File done: 96
File done: 97
File done: 98
File done: 99
   ------------------------------------------------------------------
  | Welcome to ROOT 6.24/07                        https://root.cern |
  | (c) 1995-2021, The ROOT Team; conception: R. Brun, F. Rademakers |
  | Built for linuxx8664gcc on Apr 21 2022, 01:26:00                 |
  | From heads/v6-24-00-patches@v6-24-06-96-g6d8801b13e              |
  | With                                                             |
  | Try '.help', '.demo', '.license', '.credits', '.quit'/'.q'       |
   ------------------------------------------------------------------

Loading shared library...

Units: cm, ns, tau_{S}, MeV/c^{2}, MeV/c, MeV
File done: 1
File done: 2
File done: 3
File done: 4
File done: 5
File done: 6
File done: 7
File done: 8
File done: 9
File done: 10
File done: 11
File done: 12
File done: 13
File done: 14
File done: 15
File done: 16
File done: 17
File done: 18
File done: 19
File done: 20
File done: 21
File done: 22
File done: 23
File done: 24
File done: 25
File done: 26
File done: 27
File done: 28
File done: 29
File done: 30
File done: 31
File done: 32
File done: 33
File done: 34
File done: 35
File done: 36
File done: 37
File done: 38
File done: 39
File done: 40
File done: 41
File done: 42
File done: 43
File done: 44
File done: 45
File done: 46
File done: 47
File done: 48
File done: 49
File done: 50
File done: 51
File done: 52
File done: 53
File done: 54
File done: 55
File done: 56
File done: 57
File done: 58
File done: 59
File done: 60
File done: 61
File done: 62
File done: 63
File done: 64
File done: 65
File done: 66
File done: 67
File done: 68
File done: 69
File done: 70
File done: 71
File done: 72
File done: 73
File done: 74
File done: 75
File done: 76
File done: 77
File done: 78
File done: 79
File done: 80
File done: 81
File done: 82
File done: 83
File done: 84
File done: 85
File done: 86
File done: 87
File done: 88
File done: 89
File done: 90
File done: 91
File done: 92
File done: 93
File done: 94
File done: 95
File done: 96
File done: 97
File done: 98
File done: 99
   ------------------------------------------------------------------
  | Welcome to ROOT 6.24/07                        https://root.cern |
  | (c) 1995-2021, The ROOT Team; conception: R. Brun, F. Rademakers |
  | Built for linuxx8664gcc on Apr 21 2022, 01:26:00                 |
  | From heads/v6-24-00-patches@v6-24-06-96-g6d8801b13e              |
  | With                                                             |
  | Try '.help', '.demo', '.license', '.credits', '.quit'/'.q'       |
   ------------------------------------------------------------------

Loading shared library...

Units: cm, ns, tau_{S}, MeV/c^{2}, MeV/c, MeV
File done: 1
File done: 2
File done: 3
File done: 4
File done: 5
File done: 6
File done: 7
File done: 8
File done: 9
File done: 10
File done: 11
File done: 12
File done: 13
File done: 14
File done: 15
File done: 16
File done: 17
File done: 18
File done: 19
File done: 20
File done: 21
File done: 22
File done: 23
File done: 24
File done: 25
File done: 26
File done: 27
File done: 28
File done: 29
File done: 30
File done: 31
File done: 32
File done: 33
File done: 34
File done: 35
File done: 36
File done: 37
File done: 38
File done: 39
File done: 40
File done: 41
File done: 42
File done: 43
File done: 44
File done: 45
File done: 46
File done: 47
File done: 48
File done: 49
File done: 50
File done: 51
File done: 52
File done: 53
File done: 54
File done: 55
File done: 56
File done: 57
File done: 58
File done: 59
File done: 60
File done: 61
File done: 62
File done: 63
File done: 64
File done: 65
File done: 66
File done: 67
File done: 68
File done: 69
File done: 70
File done: 71
File done: 72
File done: 73
File done: 74
File done: 75
File done: 76
File done: 77
File done: 78
File done: 79
File done: 80
File done: 81
File done: 82
File done: 83
File done: 84
File done: 85
File done: 86
File done: 87
File done: 88
File done: 89
File done: 90
File done: 91
File done: 92
File done: 93
File done: 94
File done: 95
File done: 96
File done: 97
File done: 98
File done: 99
   ------------------------------------------------------------------
  | Welcome to ROOT 6.24/07                        https://root.cern |
  | (c) 1995-2021, The ROOT Team; conception: R. Brun, F. Rademakers |
  | Built for linuxx8664gcc on Apr 21 2022, 01:26:00                 |
  | From heads/v6-24-00-patches@v6-24-06-96-g6d8801b13e              |
  | With                                                             |
  | Try '.help', '.demo', '.license', '.credits', '.quit'/'.q'       |
   ------------------------------------------------------------------

Loading shared library...

Units: cm, ns, tau_{S}, MeV/c^{2}, MeV/c, MeV
File done: 1
File done: 2
File done: 3
File done: 4
File done: 5
File done: 6
File done: 7
File done: 8
File done: 9
File done: 10
File done: 11
File done: 12
File done: 13
File done: 14
File done: 15
File done: 16
File done: 17
File done: 18
File done: 19
File done: 20
File done: 21
File done: 22
File done: 23
File done: 24
File done: 25
File done: 26
File done: 27
File done: 28
File done: 29
File done: 30
File done: 31
File done: 32
File done: 33
File done: 34
File done: 35
File done: 36
File done: 37
File done: 38
File done: 39
File done: 40
File done: 41
File done: 42
File done: 43
File done: 44
File done: 45
File done: 46
File done: 47
File done: 48
File done: 49
File done: 50
File done: 51
File done: 52
File done: 53
File done: 54
File done: 55
File done: 56
File done: 57
File done: 58
File done: 59
File done: 60
File done: 61
File done: 62
File done: 63
File done: 64
File done: 65
File done: 66
File done: 67
File done: 68
File done: 69
File done: 70
File done: 71
File done: 72
File done: 73
File done: 74
File done: 75
File done: 76
File done: 77
File done: 78
File done: 79
File done: 80
File done: 81
File done: 82
File done: 83
File done: 84
File done: 85
File done: 86
File done: 87
File done: 88
File done: 89
File done: 90
File done: 91
File done: 92
File done: 93
File done: 94
File done: 95
File done: 96
File done: 97
File done: 98
File done: 99
   ------------------------------------------------------------------
  | Welcome to ROOT 6.24/07                        https://root.cern |
  | (c) 1995-2021, The ROOT Team; conception: R. Brun, F. Rademakers |
  | Built for linuxx8664gcc on Apr 21 2022, 01:26:00                 |
  | From heads/v6-24-00-patches@v6-24-06-96-g6d8801b13e              |
  | With                                                             |
  | Try '.help', '.demo', '.license', '.credits', '.quit'/'.q'       |
   ------------------------------------------------------------------

Loading shared library...

Units: cm, ns, tau_{S}, MeV/c^{2}, MeV/c, MeV
File done: 1
File done: 2
File done: 3
File done: 4
File done: 5
File done: 6
File done: 7
File done: 8
File done: 9
File done: 10
File done: 11
File done: 12
File done: 13
File done: 14
File done: 15
File done: 16
File done: 17
File done: 18
File done: 19
File done: 20
File done: 21
File done: 22
File done: 23
File done: 24
File done: 25
File done: 26
File done: 27
File done: 28
File done: 29
File done: 30
File done: 31
File done: 32
File done: 33
File done: 34
File done: 35
File done: 36
File done: 37
File done: 38
File done: 39
File done: 40
File done: 41
File done: 42
File done: 43
File done: 44
File done: 45
File done: 46
File done: 47
File done: 48
File done: 49
File done: 50
File done: 51
File done: 52
File done: 53
File done: 54
File done: 55
File done: 56
File done: 57
File done: 58
File done: 59
File done: 60
File done: 61
File done: 62
File done: 63
File done: 64
File done: 65
File done: 66
File done: 67
File done: 68
File done: 69
File done: 70
File done: 71
File done: 72
File done: 73
File done: 74
File done: 75
File done: 76
File done: 77
File done: 78
File done: 79
File done: 80
File done: 81
File done: 82
File done: 83
File done: 84
File done: 85
File done: 86
File done: 87
File done: 88
File done: 89
File done: 90
File done: 91
File done: 92
File done: 93
File done: 94
File done: 95
File done: 96
File done: 97
File done: 98
File done: 99
