   ------------------------------------------------------------------
  | Welcome to ROOT 6.24/07                        https://root.cern |
  | (c) 1995-2021, The ROOT Team; conception: R. Brun, F. Rademakers |
  | Built for linuxx8664gcc on Apr 21 2022, 01:26:00                 |
  | From heads/v6-24-00-patches@v6-24-06-96-g6d8801b13e              |
  | With                                                             |
  | Try '.help', '.demo', '.license', '.credits', '.quit'/'.q'       |
   ------------------------------------------------------------------

Loading shared library...

Units: cm, ns, tau_{S}, MeV/c^{2}, MeV/c, MeV
File done: 101
File done: 102
File done: 103
File done: 104
File done: 105
File done: 106
File done: 107
File done: 108
File done: 109
File done: 110
File done: 111
File done: 112
File done: 113
File done: 114
File done: 115
File done: 116
File done: 117
File done: 118
File done: 119
File done: 120
File done: 121
File done: 122
File done: 123
File done: 124
File done: 125
File done: 126
File done: 127
File done: 128
File done: 129
File done: 130
File done: 131
File done: 132
File done: 133
File done: 134
File done: 135
File done: 136
File done: 137
File done: 138
File done: 139
File done: 140
File done: 141
File done: 142
File done: 143
File done: 144
File done: 145
File done: 146
File done: 147
File done: 148
File done: 149
File done: 150
File done: 151
File done: 152
File done: 153
File done: 154
File done: 155
File done: 156
File done: 157
File done: 158
File done: 159
File done: 160
File done: 161
File done: 162
File done: 163
File done: 164
File done: 165
File done: 166
File done: 167
File done: 168
File done: 169
File done: 170
File done: 171
File done: 172
File done: 173
File done: 174
File done: 175
File done: 176
File done: 177
File done: 178
File done: 179
File done: 180
File done: 181
File done: 182
File done: 183
File done: 184
File done: 185
File done: 186
File done: 187
File done: 188
File done: 189
File done: 190
File done: 191
File done: 192
File done: 193
File done: 194
File done: 195
File done: 196
File done: 197
File done: 198
File done: 199
File done: 200
File done: 201
File done: 202
File done: 203
File done: 204
File done: 205
File done: 206
File done: 207
File done: 208
File done: 209
File done: 210
File done: 211
File done: 212
File done: 213
File done: 214
File done: 215
File done: 216
File done: 217
File done: 218
File done: 219
File done: 220
File done: 221
File done: 222
File done: 223
File done: 224
File done: 225
File done: 226
File done: 227
File done: 228
File done: 229
File done: 230
File done: 231
File done: 232
File done: 233
File done: 234
File done: 235
File done: 236
File done: 237
File done: 238
File done: 239
File done: 240
File done: 241
File done: 242
File done: 243
File done: 244
File done: 245
File done: 246
File done: 247
File done: 248
File done: 249
File done: 250
File done: 251
File done: 252
File done: 253
File done: 254
File done: 255
File done: 256
File done: 257
File done: 258
File done: 259
File done: 260
File done: 261
File done: 262
File done: 263
File done: 264
File done: 265
File done: 266
File done: 267
File done: 268
File done: 269
File done: 270
File done: 271
File done: 272
File done: 273
File done: 274
File done: 275
File done: 276
File done: 277
File done: 278
File done: 279
File done: 280
File done: 281
File done: 282
File done: 283
File done: 284
File done: 285
File done: 286
File done: 287
File done: 288
File done: 289
File done: 290
File done: 291
File done: 292
File done: 293
File done: 294
File done: 295
File done: 296
File done: 297
File done: 298
File done: 299
File done: 300
File done: 301
File done: 302
File done: 303
File done: 304
File done: 305
File done: 306
File done: 307
File done: 308
File done: 309
File done: 310
File done: 311
File done: 312
File done: 313
File done: 314
File done: 315
File done: 316
File done: 317
File done: 318
File done: 319
File done: 320
File done: 321
File done: 322
File done: 323
File done: 324
File done: 325
File done: 326
File done: 327
File done: 328
File done: 329
File done: 330
File done: 331
File done: 332
File done: 333
File done: 334
File done: 335
File done: 336
File done: 337
File done: 338
File done: 339
File done: 340
File done: 341
File done: 342
File done: 343
File done: 344
File done: 345
File done: 346
File done: 347
File done: 348
File done: 349
File done: 350
File done: 351
File done: 352
File done: 353
File done: 354
File done: 355
File done: 356
File done: 357
File done: 358
File done: 359
File done: 360
File done: 361
File done: 362
File done: 363
File done: 364
File done: 365
File done: 366
File done: 367
File done: 368
File done: 369
File done: 370
File done: 371
File done: 372
File done: 373
File done: 374
File done: 375
File done: 376
File done: 377
File done: 378
File done: 379
File done: 380
File done: 381
File done: 382
File done: 383
File done: 384
File done: 385
File done: 386
File done: 387
File done: 388
File done: 389
File done: 390
File done: 391
File done: 392
File done: 393
File done: 394
File done: 395
File done: 396
File done: 397
File done: 398
File done: 399
File done: 400
File done: 401
File done: 402
File done: 403
File done: 404
File done: 405
File done: 406
File done: 407
File done: 408
File done: 409
File done: 410
File done: 411
File done: 412
File done: 413
File done: 414
File done: 415
File done: 416
File done: 417
File done: 418
File done: 419
File done: 420
File done: 421
File done: 422
File done: 423
File done: 424
File done: 425
File done: 426
File done: 427
File done: 428
File done: 429
File done: 430
File done: 431
File done: 432
File done: 433
File done: 434
File done: 435
File done: 436
   ------------------------------------------------------------------
  | Welcome to ROOT 6.24/07                        https://root.cern |
  | (c) 1995-2021, The ROOT Team; conception: R. Brun, F. Rademakers |
  | Built for linuxx8664gcc on Apr 21 2022, 01:26:00                 |
  | From heads/v6-24-00-patches@v6-24-06-96-g6d8801b13e              |
  | With                                                             |
  | Try '.help', '.demo', '.license', '.credits', '.quit'/'.q'       |
   ------------------------------------------------------------------

Loading shared library...

Units: cm, ns, tau_{S}, MeV/c^{2}, MeV/c, MeV
File done: 101
File done: 102
File done: 103
File done: 104
File done: 105
File done: 106
File done: 107
File done: 108
File done: 109
File done: 110
File done: 111
File done: 112
File done: 113
File done: 114
File done: 115
File done: 116
File done: 117
File done: 118
File done: 119
File done: 120
File done: 121
File done: 122
File done: 123
File done: 124
File done: 125
File done: 126
File done: 127
File done: 128
File done: 129
File done: 130
File done: 131
File done: 132
File done: 133
File done: 134
File done: 135
File done: 136
File done: 137
File done: 138
File done: 139
File done: 140
File done: 141
File done: 142
File done: 143
File done: 144
File done: 145
File done: 146
File done: 147
File done: 148
File done: 149
File done: 150
File done: 151
File done: 152
File done: 153
File done: 154
File done: 155
File done: 156
File done: 157
File done: 158
File done: 159
File done: 160
File done: 161
File done: 162
File done: 163
File done: 164
File done: 165
File done: 166
File done: 167
File done: 168
File done: 169
File done: 170
File done: 171
File done: 172
File done: 173
File done: 174
File done: 175
File done: 176
File done: 177
File done: 178
File done: 179
File done: 180
File done: 181
File done: 182
File done: 183
File done: 184
File done: 185
File done: 186
File done: 187
File done: 188
File done: 189
File done: 190
File done: 191
File done: 192
File done: 193
File done: 194
File done: 195
File done: 196
File done: 197
File done: 198
File done: 199
File done: 200
File done: 201
File done: 202
File done: 203
File done: 204
File done: 205
File done: 206
File done: 207
File done: 208
File done: 209
File done: 210
File done: 211
File done: 212
File done: 213
File done: 214
File done: 215
File done: 216
File done: 217
File done: 218
File done: 219
File done: 220
File done: 221
File done: 222
File done: 223
File done: 224
File done: 225
File done: 226
File done: 227
File done: 228
File done: 229
File done: 230
File done: 231
File done: 232
File done: 233
File done: 234
File done: 235
File done: 236
File done: 237
File done: 238
File done: 239
File done: 240
File done: 241
File done: 242
File done: 243
File done: 244
File done: 245
File done: 246
File done: 247
File done: 248
File done: 249
File done: 250
File done: 251
File done: 252
File done: 253
File done: 254
File done: 255
File done: 256
File done: 257
File done: 258
File done: 259
File done: 260
File done: 261
File done: 262
File done: 263
File done: 264
File done: 265
File done: 266
File done: 267
File done: 268
File done: 269
File done: 270
File done: 271
File done: 272
File done: 273
File done: 274
File done: 275
File done: 276
File done: 277
File done: 278
File done: 279
File done: 280
File done: 281
File done: 282
File done: 283
File done: 284
File done: 285
File done: 286
File done: 287
File done: 288
File done: 289
File done: 290
File done: 291
File done: 292
File done: 293
File done: 294
File done: 295
File done: 296
File done: 297
File done: 298
File done: 299
File done: 300
File done: 301
File done: 302
File done: 303
File done: 304
File done: 305
File done: 306
File done: 307
File done: 308
File done: 309
File done: 310
File done: 311
File done: 312
File done: 313
File done: 314
File done: 315
File done: 316
File done: 317
File done: 318
File done: 319
File done: 320
File done: 321
File done: 322
File done: 323
File done: 324
File done: 325
File done: 326
File done: 327
File done: 328
File done: 329
File done: 330
File done: 331
File done: 332
File done: 333
File done: 334
File done: 335
File done: 336
File done: 337
File done: 338
File done: 339
File done: 340
File done: 341
File done: 342
File done: 343
File done: 344
File done: 345
File done: 346
File done: 347
File done: 348
File done: 349
File done: 350
File done: 351
File done: 352
File done: 353
File done: 354
File done: 355
File done: 356
File done: 357
File done: 358
File done: 359
File done: 360
File done: 361
File done: 362
File done: 363
File done: 364
File done: 365
File done: 366
File done: 367
File done: 368
File done: 369
File done: 370
File done: 371
File done: 372
File done: 373
File done: 374
File done: 375
File done: 376
File done: 377
File done: 378
File done: 379
File done: 380
File done: 381
File done: 382
File done: 383
File done: 384
File done: 385
File done: 386
File done: 387
File done: 388
File done: 389
File done: 390
File done: 391
File done: 392
File done: 393
File done: 394
File done: 395
File done: 396
File done: 397
File done: 398
File done: 399
File done: 400
File done: 401
File done: 402
File done: 403
File done: 404
File done: 405
File done: 406
File done: 407
File done: 408
File done: 409
File done: 410
File done: 411
File done: 412
File done: 413
File done: 414
File done: 415
File done: 416
File done: 417
File done: 418
File done: 419
File done: 420
File done: 421
File done: 422
File done: 423
File done: 424
File done: 425
File done: 426
File done: 427
File done: 428
File done: 429
File done: 430
File done: 431
File done: 432
File done: 433
File done: 434
File done: 435
File done: 436
   ------------------------------------------------------------------
  | Welcome to ROOT 6.24/07                        https://root.cern |
  | (c) 1995-2021, The ROOT Team; conception: R. Brun, F. Rademakers |
  | Built for linuxx8664gcc on Apr 21 2022, 01:26:00                 |
  | From heads/v6-24-00-patches@v6-24-06-96-g6d8801b13e              |
  | With                                                             |
  | Try '.help', '.demo', '.license', '.credits', '.quit'/'.q'       |
   ------------------------------------------------------------------

Loading shared library...

Units: cm, ns, tau_{S}, MeV/c^{2}, MeV/c, MeV
File done: 101
File done: 102
File done: 103
File done: 104
File done: 105
File done: 106
File done: 107
File done: 108
File done: 109
File done: 110
File done: 111
File done: 112
File done: 113
File done: 114
File done: 115
File done: 116
File done: 117
File done: 118
File done: 119
File done: 120
File done: 121
File done: 122
File done: 123
File done: 124
File done: 125
File done: 126
File done: 127
File done: 128
File done: 129
File done: 130
File done: 131
File done: 132
File done: 133
File done: 134
File done: 135
File done: 136
File done: 137
File done: 138
File done: 139
File done: 140
File done: 141
File done: 142
File done: 143
File done: 144
File done: 145
File done: 146
File done: 147
File done: 148
File done: 149
File done: 150
File done: 151
File done: 152
File done: 153
File done: 154
File done: 155
File done: 156
File done: 157
File done: 158
File done: 159
File done: 160
File done: 161
File done: 162
File done: 163
File done: 164
File done: 165
File done: 166
File done: 167
File done: 168
File done: 169
File done: 170
File done: 171
File done: 172
File done: 173
File done: 174
File done: 175
File done: 176
File done: 177
File done: 178
File done: 179
File done: 180
File done: 181
File done: 182
File done: 183
File done: 184
File done: 185
File done: 186
File done: 187
File done: 188
File done: 189
File done: 190
File done: 191
File done: 192
File done: 193
File done: 194
File done: 195
File done: 196
File done: 197
File done: 198
File done: 199
File done: 200
File done: 201
File done: 202
File done: 203
File done: 204
File done: 205
File done: 206
File done: 207
File done: 208
File done: 209
File done: 210
File done: 211
File done: 212
File done: 213
File done: 214
File done: 215
File done: 216
File done: 217
File done: 218
File done: 219
File done: 220
File done: 221
File done: 222
File done: 223
File done: 224
File done: 225
File done: 226
File done: 227
File done: 228
File done: 229
File done: 230
File done: 231
File done: 232
File done: 233
File done: 234
File done: 235
File done: 236
File done: 237
File done: 238
File done: 239
File done: 240
File done: 241
File done: 242
File done: 243
File done: 244
File done: 245
File done: 246
File done: 247
File done: 248
File done: 249
File done: 250
File done: 251
File done: 252
File done: 253
File done: 254
File done: 255
File done: 256
File done: 257
File done: 258
File done: 259
File done: 260
File done: 261
File done: 262
File done: 263
File done: 264
File done: 265
File done: 266
File done: 267
File done: 268
File done: 269
File done: 270
File done: 271
File done: 272
File done: 273
File done: 274
File done: 275
File done: 276
File done: 277
File done: 278
File done: 279
File done: 280
File done: 281
File done: 282
File done: 283
File done: 284
File done: 285
File done: 286
File done: 287
File done: 288
File done: 289
File done: 290
File done: 291
File done: 292
File done: 293
File done: 294
File done: 295
File done: 296
File done: 297
File done: 298
File done: 299
File done: 300
File done: 301
File done: 302
File done: 303
File done: 304
File done: 305
File done: 306
File done: 307
File done: 308
File done: 309
File done: 310
File done: 311
File done: 312
File done: 313
File done: 314
File done: 315
File done: 316
File done: 317
File done: 318
File done: 319
File done: 320
File done: 321
File done: 322
File done: 323
File done: 324
File done: 325
File done: 326
File done: 327
File done: 328
File done: 329
File done: 330
File done: 331
File done: 332
File done: 333
File done: 334
File done: 335
File done: 336
File done: 337
File done: 338
File done: 339
File done: 340
File done: 341
File done: 342
File done: 343
File done: 344
File done: 345
File done: 346
File done: 347
File done: 348
File done: 349
File done: 350
File done: 351
File done: 352
File done: 353
File done: 354
File done: 355
File done: 356
File done: 357
File done: 358
File done: 359
File done: 360
File done: 361
File done: 362
File done: 363
File done: 364
File done: 365
File done: 366
File done: 367
File done: 368
File done: 369
File done: 370
File done: 371
File done: 372
File done: 373
File done: 374
File done: 375
File done: 376
File done: 377
File done: 378
File done: 379
File done: 380
File done: 381
File done: 382
File done: 383
File done: 384
File done: 385
File done: 386
File done: 387
File done: 388
File done: 389
File done: 390
File done: 391
File done: 392
File done: 393
File done: 394
File done: 395
File done: 396
File done: 397
File done: 398
File done: 399
File done: 400
File done: 401
File done: 402
File done: 403
File done: 404
File done: 405
File done: 406
File done: 407
File done: 408
File done: 409
File done: 410
File done: 411
File done: 412
File done: 413
File done: 414
File done: 415
File done: 416
File done: 417
File done: 418
File done: 419
File done: 420
File done: 421
File done: 422
File done: 423
File done: 424
File done: 425
File done: 426
File done: 427
File done: 428
File done: 429
File done: 430
File done: 431
File done: 432
File done: 433
File done: 434
File done: 435
File done: 436
