   ------------------------------------------------------------------
  | Welcome to ROOT 6.24/07                        https://root.cern |
  | (c) 1995-2021, The ROOT Team; conception: R. Brun, F. Rademakers |
  | Built for linuxx8664gcc on Apr 21 2022, 01:26:00                 |
  | From heads/v6-24-00-patches@v6-24-06-96-g6d8801b13e              |
  | With                                                             |
  | Try '.help', '.demo', '.license', '.credits', '.quit'/'.q'       |
   ------------------------------------------------------------------

Loading shared library...

Units: cm, ns, tau_{S}, MeV/c^{2}, MeV/c, MeV
File done: 530
File done: 531
File done: 532
File done: 533
File done: 534
File done: 535
File done: 536
File done: 537
File done: 538
File done: 539
File done: 540
File done: 541
File done: 542
File done: 543
File done: 544
File done: 545
File done: 546
File done: 547
File done: 548
File done: 549
File done: 550
File done: 551
File done: 552
File done: 553
File done: 554
File done: 555
File done: 556
File done: 557
File done: 558
File done: 559
File done: 560
File done: 561
File done: 562
File done: 563
File done: 564
File done: 565
File done: 566
File done: 567
File done: 568
File done: 569
File done: 570
File done: 571
File done: 572
File done: 573
File done: 574
File done: 575
File done: 576
File done: 577
File done: 578
File done: 579
File done: 580
File done: 581
File done: 582
File done: 583
   ------------------------------------------------------------------
  | Welcome to ROOT 6.24/07                        https://root.cern |
  | (c) 1995-2021, The ROOT Team; conception: R. Brun, F. Rademakers |
  | Built for linuxx8664gcc on Apr 21 2022, 01:26:00                 |
  | From heads/v6-24-00-patches@v6-24-06-96-g6d8801b13e              |
  | With                                                             |
  | Try '.help', '.demo', '.license', '.credits', '.quit'/'.q'       |
   ------------------------------------------------------------------

Loading shared library...

Units: cm, ns, tau_{S}, MeV/c^{2}, MeV/c, MeV
File done: 530
File done: 531
File done: 532
File done: 533
File done: 534
File done: 535
File done: 536
File done: 537
File done: 538
File done: 539
File done: 540
File done: 541
File done: 542
File done: 543
File done: 544
File done: 545
File done: 546
File done: 547
File done: 548
File done: 549
File done: 550
File done: 551
File done: 552
File done: 553
File done: 554
File done: 555
File done: 556
File done: 557
File done: 558
File done: 559
File done: 560
File done: 561
File done: 562
File done: 563
File done: 564
File done: 565
File done: 566
File done: 567
File done: 568
File done: 569
File done: 570
File done: 571
File done: 572
File done: 573
File done: 574
File done: 575
File done: 576
File done: 577
File done: 578
File done: 579
File done: 580
File done: 581
File done: 582
File done: 583
   ------------------------------------------------------------------
  | Welcome to ROOT 6.24/07                        https://root.cern |
  | (c) 1995-2021, The ROOT Team; conception: R. Brun, F. Rademakers |
  | Built for linuxx8664gcc on Apr 21 2022, 01:26:00                 |
  | From heads/v6-24-00-patches@v6-24-06-96-g6d8801b13e              |
  | With                                                             |
  | Try '.help', '.demo', '.license', '.credits', '.quit'/'.q'       |
   ------------------------------------------------------------------

Loading shared library...

Units: cm, ns, tau_{S}, MeV/c^{2}, MeV/c, MeV
File done: 530
File done: 531
File done: 532
File done: 533
File done: 534
File done: 535
File done: 536
File done: 537
File done: 538
File done: 539
File done: 540
File done: 541
File done: 542
File done: 543
File done: 544
File done: 545
File done: 546
File done: 547
File done: 548
File done: 549
File done: 550
File done: 551
File done: 552
File done: 553
File done: 554
File done: 555
File done: 556
File done: 557
File done: 558
File done: 559
File done: 560
File done: 561
File done: 562
File done: 563
File done: 564
File done: 565
File done: 566
File done: 567
File done: 568
File done: 569
File done: 570
File done: 571
File done: 572
File done: 573
File done: 574
File done: 575
File done: 576
File done: 577
File done: 578
File done: 579
File done: 580
File done: 581
File done: 582
File done: 583
   ------------------------------------------------------------------
  | Welcome to ROOT 6.24/07                        https://root.cern |
  | (c) 1995-2021, The ROOT Team; conception: R. Brun, F. Rademakers |
  | Built for linuxx8664gcc on Apr 21 2022, 01:26:00                 |
  | From heads/v6-24-00-patches@v6-24-06-96-g6d8801b13e              |
  | With                                                             |
  | Try '.help', '.demo', '.license', '.credits', '.quit'/'.q'       |
   ------------------------------------------------------------------

Loading shared library...

Units: cm, ns, tau_{S}, MeV/c^{2}, MeV/c, MeV
File done: 530
File done: 531
File done: 532
File done: 533
File done: 534
File done: 535
File done: 536
File done: 537
File done: 538
File done: 539
File done: 540
File done: 541
File done: 542
File done: 543
File done: 544
File done: 545
File done: 546
File done: 547
File done: 548
File done: 549
File done: 550
File done: 551
File done: 552
File done: 553
File done: 554
File done: 555
File done: 556
File done: 557
File done: 558
File done: 559
File done: 560
File done: 561
File done: 562
File done: 563
File done: 564
File done: 565
File done: 566
File done: 567
File done: 568
File done: 569
File done: 570
File done: 571
File done: 572
File done: 573
File done: 574
File done: 575
File done: 576
File done: 577
File done: 578
File done: 579
File done: 580
File done: 581
File done: 582
File done: 583
   ------------------------------------------------------------------
  | Welcome to ROOT 6.24/07                        https://root.cern |
  | (c) 1995-2021, The ROOT Team; conception: R. Brun, F. Rademakers |
  | Built for linuxx8664gcc on Apr 21 2022, 01:26:00                 |
  | From heads/v6-24-00-patches@v6-24-06-96-g6d8801b13e              |
  | With                                                             |
  | Try '.help', '.demo', '.license', '.credits', '.quit'/'.q'       |
   ------------------------------------------------------------------

Loading shared library...

Units: cm, ns, tau_{S}, MeV/c^{2}, MeV/c, MeV
File done: 530
File done: 531
File done: 532
File done: 533
File done: 534
File done: 535
File done: 536
File done: 537
File done: 538
File done: 539
File done: 540
File done: 541
File done: 542
File done: 543
File done: 544
File done: 545
File done: 546
File done: 547
File done: 548
File done: 549
File done: 550
File done: 551
File done: 552
File done: 553
File done: 554
File done: 555
File done: 556
File done: 557
File done: 558
File done: 559
File done: 560
File done: 561
File done: 562
File done: 563
File done: 564
File done: 565
File done: 566
File done: 567
File done: 568
File done: 569
File done: 570
File done: 571
File done: 572
File done: 573
File done: 574
File done: 575
File done: 576
File done: 577
File done: 578
File done: 579
File done: 580
File done: 581
File done: 582
File done: 583
   ------------------------------------------------------------------
  | Welcome to ROOT 6.24/07                        https://root.cern |
  | (c) 1995-2021, The ROOT Team; conception: R. Brun, F. Rademakers |
  | Built for linuxx8664gcc on Apr 21 2022, 01:26:00                 |
  | From heads/v6-24-00-patches@v6-24-06-96-g6d8801b13e              |
  | With                                                             |
  | Try '.help', '.demo', '.license', '.credits', '.quit'/'.q'       |
   ------------------------------------------------------------------

Loading shared library...

Units: cm, ns, tau_{S}, MeV/c^{2}, MeV/c, MeV
File done: 530
File done: 531
File done: 532
File done: 533
File done: 534
File done: 535
File done: 536
File done: 537
File done: 538
File done: 539
File done: 540
File done: 541
File done: 542
File done: 543
File done: 544
File done: 545
File done: 546
File done: 547
File done: 548
File done: 549
File done: 550
File done: 551
File done: 552
File done: 553
File done: 554
File done: 555
File done: 556
File done: 557
File done: 558
File done: 559
File done: 560
File done: 561
File done: 562
File done: 563
File done: 564
File done: 565
File done: 566
File done: 567
File done: 568
File done: 569
File done: 570
File done: 571
File done: 572
File done: 573
File done: 574
File done: 575
File done: 576
File done: 577
File done: 578
File done: 579
File done: 580
File done: 581
File done: 582
File done: 583
