   ------------------------------------------------------------------
  | Welcome to ROOT 6.24/07                        https://root.cern |
  | (c) 1995-2021, The ROOT Team; conception: R. Brun, F. Rademakers |
  | Built for linuxx8664gcc on Apr 21 2022, 01:26:00                 |
  | From heads/v6-24-00-patches@v6-24-06-96-g6d8801b13e              |
  | With                                                             |
  | Try '.help', '.demo', '.license', '.credits', '.quit'/'.q'       |
   ------------------------------------------------------------------

Loading shared library...

Units: cm, ns, tau_{S}, MeV/c^{2}, MeV/c, MeV
File done: 65
File done: 66
File done: 67
File done: 68
File done: 69
File done: 70
File done: 71
File done: 72
File done: 73
File done: 74
File done: 75
File done: 76
File done: 77
File done: 78
File done: 79
File done: 80
File done: 81
File done: 82
File done: 83
File done: 84
File done: 85
File done: 86
File done: 87
File done: 88
File done: 89
File done: 90
File done: 91
File done: 92
File done: 93
File done: 94
File done: 95
File done: 96
File done: 97
File done: 98
File done: 99
   ------------------------------------------------------------------
  | Welcome to ROOT 6.24/07                        https://root.cern |
  | (c) 1995-2021, The ROOT Team; conception: R. Brun, F. Rademakers |
  | Built for linuxx8664gcc on Apr 21 2022, 01:26:00                 |
  | From heads/v6-24-00-patches@v6-24-06-96-g6d8801b13e              |
  | With                                                             |
  | Try '.help', '.demo', '.license', '.credits', '.quit'/'.q'       |
   ------------------------------------------------------------------

Loading shared library...

Units: cm, ns, tau_{S}, MeV/c^{2}, MeV/c, MeV
File done: 65
File done: 66
File done: 67
File done: 68
File done: 69
File done: 70
File done: 71
File done: 72
File done: 73
File done: 74
File done: 75
File done: 76
File done: 77
File done: 78
File done: 79
File done: 80
File done: 81
File done: 82
File done: 83
File done: 84
File done: 85
File done: 86
File done: 87
File done: 88
File done: 89
File done: 90
File done: 91
File done: 92
File done: 93
File done: 94
File done: 95
File done: 96
File done: 97
File done: 98
File done: 99
   ------------------------------------------------------------------
  | Welcome to ROOT 6.24/07                        https://root.cern |
  | (c) 1995-2021, The ROOT Team; conception: R. Brun, F. Rademakers |
  | Built for linuxx8664gcc on Apr 21 2022, 01:26:00                 |
  | From heads/v6-24-00-patches@v6-24-06-96-g6d8801b13e              |
  | With                                                             |
  | Try '.help', '.demo', '.license', '.credits', '.quit'/'.q'       |
   ------------------------------------------------------------------

Loading shared library...

Units: cm, ns, tau_{S}, MeV/c^{2}, MeV/c, MeV
File done: 65
File done: 66
File done: 67
File done: 68
File done: 69
File done: 70
File done: 71
File done: 72
File done: 73
File done: 74
File done: 75
File done: 76
File done: 77
File done: 78
File done: 79
File done: 80
File done: 81
File done: 82
File done: 83
File done: 84
File done: 85
File done: 86
File done: 87
File done: 88
File done: 89
File done: 90
File done: 91
File done: 92
File done: 93
File done: 94
File done: 95
File done: 96
File done: 97
File done: 98
File done: 99
   ------------------------------------------------------------------
  | Welcome to ROOT 6.24/07                        https://root.cern |
  | (c) 1995-2021, The ROOT Team; conception: R. Brun, F. Rademakers |
  | Built for linuxx8664gcc on Apr 21 2022, 01:26:00                 |
  | From heads/v6-24-00-patches@v6-24-06-96-g6d8801b13e              |
  | With                                                             |
  | Try '.help', '.demo', '.license', '.credits', '.quit'/'.q'       |
   ------------------------------------------------------------------

Loading shared library...

Units: cm, ns, tau_{S}, MeV/c^{2}, MeV/c, MeV
File done: 65
File done: 66
File done: 67
File done: 68
File done: 69
File done: 70
File done: 71
File done: 72
File done: 73
File done: 74
File done: 75
File done: 76
File done: 77
File done: 78
File done: 79
File done: 80
File done: 81
File done: 82
File done: 83
File done: 84
File done: 85
File done: 86
File done: 87
File done: 88
File done: 89
File done: 90
File done: 91
File done: 92
File done: 93
File done: 94
File done: 95
File done: 96
File done: 97
File done: 98
File done: 99
   ------------------------------------------------------------------
  | Welcome to ROOT 6.24/07                        https://root.cern |
  | (c) 1995-2021, The ROOT Team; conception: R. Brun, F. Rademakers |
  | Built for linuxx8664gcc on Apr 21 2022, 01:26:00                 |
  | From heads/v6-24-00-patches@v6-24-06-96-g6d8801b13e              |
  | With                                                             |
  | Try '.help', '.demo', '.license', '.credits', '.quit'/'.q'       |
   ------------------------------------------------------------------

Loading shared library...

Units: cm, ns, tau_{S}, MeV/c^{2}, MeV/c, MeV
File done: 65
File done: 66
File done: 67
File done: 68
File done: 69
File done: 70
File done: 71
File done: 72
File done: 73
File done: 74
File done: 75
File done: 76
File done: 77
File done: 78
File done: 79
File done: 80
File done: 81
File done: 82
File done: 83
File done: 84
File done: 85
File done: 86
File done: 87
File done: 88
File done: 89
File done: 90
File done: 91
File done: 92
File done: 93
File done: 94
File done: 95
File done: 96
File done: 97
File done: 98
File done: 99
   ------------------------------------------------------------------
  | Welcome to ROOT 6.24/07                        https://root.cern |
  | (c) 1995-2021, The ROOT Team; conception: R. Brun, F. Rademakers |
  | Built for linuxx8664gcc on Apr 21 2022, 01:26:00                 |
  | From heads/v6-24-00-patches@v6-24-06-96-g6d8801b13e              |
  | With                                                             |
  | Try '.help', '.demo', '.license', '.credits', '.quit'/'.q'       |
   ------------------------------------------------------------------

Loading shared library...

Units: cm, ns, tau_{S}, MeV/c^{2}, MeV/c, MeV
File done: 65
File done: 66
File done: 67
File done: 68
File done: 69
File done: 70
File done: 71
File done: 72
File done: 73
File done: 74
File done: 75
File done: 76
File done: 77
File done: 78
File done: 79
File done: 80
File done: 81
File done: 82
File done: 83
File done: 84
File done: 85
File done: 86
File done: 87
File done: 88
File done: 89
File done: 90
File done: 91
File done: 92
File done: 93
File done: 94
File done: 95
File done: 96
File done: 97
File done: 98
File done: 99
