Choose the reconstruction method: 
1. Bare trilateration.
2. Trilateration with kinematic fit.
3. Trilateration with kinematic fit and T0 correction.
Analysis started.
******************************************************************************
*Tree    :h_tri     : Neu vtx rec with trilateration                         *
*Entries :  1273146 : Total =       311435674 bytes  File  Size =   35682796 *
*        :          : Tree compression factor =   8.01                       *
******************************************************************************
*Br    0 :fourgamma1tri : fourgamma1tri[8]/F                                 *
*Entries :  1273146 : Total  Size=   40846193 bytes  File Size  =    5094831 *
*Baskets :     1000 : Basket Size=    5456384 bytes  Compression=   7.34     *
*............................................................................*
*Br    1 :fourgamma2tri : fourgamma2tri[8]/F                                 *
*Entries :  1273146 : Total  Size=   40846193 bytes  File Size  =    5095341 *
*Baskets :     1000 : Basket Size=    5456384 bytes  Compression=   7.34     *
*............................................................................*
*Br    2 :fourgamma3tri : fourgamma3tri[8]/F                                 *
*Entries :  1273146 : Total  Size=   40846193 bytes  File Size  =    5090566 *
*Baskets :     1000 : Basket Size=    5456384 bytes  Compression=   7.35     *
*............................................................................*
*Br    3 :fourgamma4tri : fourgamma4tri[8]/F                                 *
*Entries :  1273146 : Total  Size=   40846193 bytes  File Size  =    5085318 *
*Baskets :     1000 : Basket Size=    5456384 bytes  Compression=   7.36     *
*............................................................................*
*Br    4 :fourKnetri : fourKnetri[10]/F                                      *
*Entries :  1273146 : Total  Size=   51053845 bytes  File Size  =    6399017 *
*Baskets :     1250 : Basket Size=    6819840 bytes  Compression=   7.31     *
*............................................................................*
*Br    5 :iptri     : iptri[3]/F                                             *
*Entries :  1273146 : Total  Size=   15314697 bytes  File Size  =     269580 *
*Baskets :      376 : Basket Size=    2045952 bytes  Compression=  52.03     *
*............................................................................*
*Br    6 :done4     : done4/I                                                *
*Entries :  1273146 : Total  Size=    5105273 bytes  File Size  =     315965 *
*Baskets :      126 : Basket Size=     681984 bytes  Compression=  14.80     *
*............................................................................*
*Br    7 :sol1      : sol1[4]/F                                              *
*Entries :  1273146 : Total  Size=   20418899 bytes  File Size  =    2850525 *
*Baskets :      501 : Basket Size=    2727424 bytes  Compression=   6.56     *
*............................................................................*
*Br    8 :sol2      : sol2[4]/F                                              *
*Entries :  1273146 : Total  Size=   20418899 bytes  File Size  =    2814920 *
*Baskets :      501 : Basket Size=    2727424 bytes  Compression=   6.64     *
*............................................................................*
*Br    9 :sol1err   : sol1err/F                                              *
*Entries :  1273146 : Total  Size=    5105537 bytes  File Size  =     811536 *
*Baskets :      126 : Basket Size=     681984 bytes  Compression=   5.76     *
*............................................................................*
*Br   10 :sol2err   : sol2err/F                                              *
*Entries :  1273146 : Total  Size=    5105537 bytes  File Size  =     786267 *
*Baskets :      126 : Basket Size=     681984 bytes  Compression=   5.95     *
*............................................................................*
*Br   11 :chosen    : chosen/I                                               *
*Entries :  1273146 : Total  Size=    5105405 bytes  File Size  =      38251 *
*Baskets :      126 : Basket Size=     681984 bytes  Compression= 122.23     *
*............................................................................*
*Br   12 :fourg4taken : fourg4taken[4]/I                                     *
*Entries :  1273146 : Total  Size=   20422448 bytes  File Size  =     970889 *
*Baskets :      501 : Basket Size=    2727936 bytes  Compression=  19.26     *
*............................................................................*
0 minutes
