Error in <Minuit2>: VariableMetricBuilder Initial matrix not pos.def.
Error in <Minuit2>: VariableMetricBuilder Initial matrix not pos.def.
Error in <Minuit2>: VariableMetricBuilder Initial matrix not pos.def.
Error in <Minuit2>: VariableMetricBuilder Initial matrix not pos.def.
Error in <Minuit2>: VariableMetricBuilder Initial matrix not pos.def.
Error in <Minuit2>: VariableMetricBuilder Initial matrix not pos.def.
Error in <Minuit2>: VariableMetricBuilder Initial matrix not pos.def.
Error in <Minuit2>: VariableMetricBuilder Initial matrix not pos.def.
Error in <Minuit2>: VariableMetricBuilder Initial matrix not pos.def.
Error in <Minuit2>: VariableMetricBuilder Initial matrix not pos.def.
Error in <Minuit2>: VariableMetricBuilder Initial matrix not pos.def.
Error in <Minuit2>: VariableMetricBuilder Initial matrix not pos.def.
Error in <Minuit2>: VariableMetricBuilder Initial matrix not pos.def.
Error in <Minuit2>: VariableMetricBuilder Initial matrix not pos.def.
Error in <Minuit2>: VariableMetricBuilder Initial matrix not pos.def.
Error in <Minuit2>: VariableMetricBuilder Initial matrix not pos.def.
Error in <Minuit2>: VariableMetricBuilder Initial matrix not pos.def.
Error in <Minuit2>: VariableMetricBuilder Initial matrix not pos.def.
Error in <Minuit2>: VariableMetricBuilder Initial matrix not pos.def.
Error in <Minuit2>: VariableMetricBuilder Initial matrix not pos.def.
Error in <Minuit2>: VariableMetricBuilder Initial matrix not pos.def.
Error in <Minuit2>: VariableMetricBuilder Initial matrix not pos.def.
Error in <Minuit2>: VariableMetricBuilder Initial matrix not pos.def.
Error in <Minuit2>: VariableMetricBuilder Initial matrix not pos.def.
Error in <Minuit2>: VariableMetricBuilder Initial matrix not pos.def.
Error in <Minuit2>: VariableMetricBuilder Initial matrix not pos.def.
Error in <Minuit2>: VariableMetricBuilder Initial matrix not pos.def.
Error in <Minuit2>: VariableMetricBuilder Initial matrix not pos.def.
Error in <Minuit2>: VariableMetricBuilder Initial matrix not pos.def.
Error in <Minuit2>: VariableMetricBuilder Initial matrix not pos.def.
Error in <Minuit2>: VariableMetricBuilder Initial matrix not pos.def.
Error in <Minuit2>: VariableMetricBuilder Initial matrix not pos.def.
Error in <Minuit2>: VariableMetricBuilder Initial matrix not pos.def.
Error in <Minuit2>: VariableMetricBuilder Initial matrix not pos.def.
Error in <Minuit2>: VariableMetricBuilder Initial matrix not pos.def.
Error in <Minuit2>: VariableMetricBuilder Initial matrix not pos.def.
Error in <Minuit2>: VariableMetricBuilder Initial matrix not pos.def.
Error in <Minuit2>: VariableMetricBuilder Initial matrix not pos.def.
Error in <Minuit2>: VariableMetricBuilder Initial matrix not pos.def.
Error in <Minuit2>: VariableMetricBuilder Initial matrix not pos.def.
Error in <Minuit2>: VariableMetricBuilder Initial matrix not pos.def.
Error in <Minuit2>: VariableMetricBuilder Initial matrix not pos.def.
Error in <Minuit2>: VariableMetricBuilder Initial matrix not pos.def.
Error in <Minuit2>: VariableMetricBuilder Initial matrix not pos.def.
Error in <Minuit2>: VariableMetricBuilder Initial matrix not pos.def.
Error in <Minuit2>: VariableMetricBuilder Initial matrix not pos.def.
Error in <Minuit2>: VariableMetricBuilder Initial matrix not pos.def.
Error in <Minuit2>: VariableMetricBuilder Initial matrix not pos.def.
Error in <Minuit2>: VariableMetricBuilder Initial matrix not pos.def.
Error in <Minuit2>: VariableMetricBuilder Initial matrix not pos.def.
Error in <Minuit2>: VariableMetricBuilder Initial matrix not pos.def.
Error in <Minuit2>: VariableMetricBuilder Initial matrix not pos.def.
Error in <Minuit2>: VariableMetricBuilder Initial matrix not pos.def.
Error in <Minuit2>: VariableMetricBuilder Initial matrix not pos.def.
Error in <Minuit2>: VariableMetricBuilder Initial matrix not pos.def.
Error in <Minuit2>: VariableMetricBuilder Initial matrix not pos.def.
Error in <Minuit2>: VariableMetricBuilder Initial matrix not pos.def.
Error in <Minuit2>: VariableMetricBuilder Initial matrix not pos.def.
Error in <Minuit2>: VariableMetricBuilder Initial matrix not pos.def.
Error in <Minuit2>: VariableMetricBuilder Initial matrix not pos.def.
Error in <Minuit2>: VariableMetricBuilder Initial matrix not pos.def.
Error in <Minuit2>: VariableMetricBuilder Initial matrix not pos.def.
Error in <Minuit2>: VariableMetricBuilder Initial matrix not pos.def.
Error in <Minuit2>: VariableMetricBuilder Initial matrix not pos.def.
Error in <Minuit2>: VariableMetricBuilder Initial matrix not pos.def.
Error in <Minuit2>: VariableMetricBuilder Initial matrix not pos.def.
Error in <Minuit2>: VariableMetricBuilder Initial matrix not pos.def.
Error in <Minuit2>: VariableMetricBuilder Initial matrix not pos.def.
Error in <Minuit2>: VariableMetricBuilder Initial matrix not pos.def.
Error in <Minuit2>: VariableMetricBuilder Initial matrix not pos.def.
Error in <Minuit2>: VariableMetricBuilder Initial matrix not pos.def.
Error in <Minuit2>: VariableMetricBuilder Initial matrix not pos.def.
Error in <Minuit2>: VariableMetricBuilder Initial matrix not pos.def.
Error in <Minuit2>: VariableMetricBuilder Initial matrix not pos.def.
Error in <Minuit2>: VariableMetricBuilder Initial matrix not pos.def.
Error in <Minuit2>: VariableMetricBuilder Initial matrix not pos.def.
Error in <Minuit2>: VariableMetricBuilder Initial matrix not pos.def.
Error in <Minuit2>: VariableMetricBuilder Initial matrix not pos.def.
Error in <Minuit2>: VariableMetricBuilder Initial matrix not pos.def.
Error in <Minuit2>: VariableMetricBuilder Initial matrix not pos.def.
Error in <Minuit2>: VariableMetricBuilder Initial matrix not pos.def.
Error in <Minuit2>: VariableMetricBuilder Initial matrix not pos.def.
Error in <Minuit2>: VariableMetricBuilder Initial matrix not pos.def.
Error in <Minuit2>: VariableMetricBuilder Initial matrix not pos.def.
Error in <Minuit2>: VariableMetricBuilder Initial matrix not pos.def.
Error in <Minuit2>: VariableMetricBuilder Initial matrix not pos.def.
Error in <Minuit2>: VariableMetricBuilder Initial matrix not pos.def.
Error in <Minuit2>: VariableMetricBuilder Initial matrix not pos.def.
Error in <Minuit2>: VariableMetricBuilder Initial matrix not pos.def.
Error in <Minuit2>: VariableMetricBuilder Initial matrix not pos.def.
Error in <Minuit2>: VariableMetricBuilder Initial matrix not pos.def.
Error in <Minuit2>: VariableMetricBuilder Initial matrix not pos.def.
Error in <Minuit2>: VariableMetricBuilder Initial matrix not pos.def.
Error in <Minuit2>: VariableMetricBuilder Initial matrix not pos.def.
Error in <Minuit2>: VariableMetricBuilder Initial matrix not pos.def.
Error in <Minuit2>: VariableMetricBuilder Initial matrix not pos.def.
Error in <Minuit2>: VariableMetricBuilder Initial matrix not pos.def.
Error in <Minuit2>: VariableMetricBuilder Initial matrix not pos.def.
Error in <Minuit2>: VariableMetricBuilder Initial matrix not pos.def.
Error in <Minuit2>: VariableMetricBuilder Initial matrix not pos.def.
Error in <Minuit2>: VariableMetricBuilder Initial matrix not pos.def.
Error in <Minuit2>: VariableMetricBuilder Initial matrix not pos.def.
Error in <Minuit2>: VariableMetricBuilder Initial matrix not pos.def.
Error in <Minuit2>: VariableMetricBuilder Initial matrix not pos.def.
Error in <Minuit2>: VariableMetricBuilder Initial matrix not pos.def.
Error in <Minuit2>: VariableMetricBuilder Initial matrix not pos.def.
Error in <Minuit2>: VariableMetricBuilder Initial matrix not pos.def.
Error in <Minuit2>: VariableMetricBuilder Initial matrix not pos.def.
Error in <Minuit2>: VariableMetricBuilder Initial matrix not pos.def.
Error in <Minuit2>: VariableMetricBuilder Initial matrix not pos.def.
******************************************************************************
*Tree    :h_tri_kin_fit: Neu vtx rec with trilateration kin fit                 *
*Entries :    23127 : Total =         4740574 bytes  File  Size =     653440 *
*        :          : Tree compression factor =   7.05                       *
******************************************************************************
*Br    0 :fourgamma1tri_kinfit : fourgamma1tri_kinfit[8]/F                   *
*Entries :    23127 : Total  Size=     743403 bytes  File Size  =     109396 *
*Baskets :       23 : Basket Size=      32000 bytes  Compression=   6.72     *
*............................................................................*
*Br    1 :fourgamma2tri_kinfit : fourgamma2tri_kinfit[8]/F                   *
*Entries :    23127 : Total  Size=     743403 bytes  File Size  =     109304 *
*Baskets :       23 : Basket Size=      32000 bytes  Compression=   6.73     *
*............................................................................*
*Br    2 :fourgamma3tri_kinfit : fourgamma3tri_kinfit[8]/F                   *
*Entries :    23127 : Total  Size=     743403 bytes  File Size  =     109065 *
*Baskets :       23 : Basket Size=      32000 bytes  Compression=   6.74     *
*............................................................................*
*Br    3 :fourgamma4tri_kinfit : fourgamma4tri_kinfit[8]/F                   *
*Entries :    23127 : Total  Size=     743403 bytes  File Size  =     108851 *
*Baskets :       23 : Basket Size=      32000 bytes  Compression=   6.75     *
*............................................................................*
*Br    4 :iptri_kinfit : iptri_kinfit[3]/F                                   *
*Entries :    23127 : Total  Size=     278971 bytes  File Size  =      42302 *
*Baskets :        8 : Basket Size=      32000 bytes  Compression=   6.05     *
*............................................................................*
*Br    5 :fourKnetri_kinfit : fourKnetri_kinfit[10]/F                        *
*Entries :    23127 : Total  Size=     929036 bytes  File Size  =     137148 *
*Baskets :       29 : Basket Size=      32000 bytes  Compression=   6.76     *
*............................................................................*
*Br    6 :done4_kinfit : done4_kinfit/I                                      *
*Entries :    23127 : Total  Size=      93397 bytes  File Size  =       4427 *
*Baskets :        2 : Basket Size=      32000 bytes  Compression=  14.45     *
*............................................................................*
*Br    7 :g4takentri_kinfit : g4takentri_kinfit[4]/I                         *
*Entries :    23127 : Total  Size=     371880 bytes  File Size  =      20567 *
*Baskets :       11 : Basket Size=      32000 bytes  Compression=  17.11     *
*............................................................................*
*Br    8 :chi2min   : chi2min/F                                              *
*Entries :    23127 : Total  Size=      93357 bytes  File Size  =      12380 *
*Baskets :        2 : Basket Size=      32000 bytes  Compression=   5.17     *
*............................................................................*
