All events: 1088980
Events after nclu >= 4 and nv >= 1: 0.760374
Events at the starting point of analysis: 0.171963

Rejected events: 143146

Total signal events: 187264

Good cluster sets: 103187
Good cluster sets for 0 bunch: 91809
Good cluster sets for +1 bunch: 253
Good cluster sets for -1 bunch: 7752
Good cluster sets for blob: 107
Good cluster sets eff: 0.551024
Bad cluster sets: 44155
Bad cluster sets for 0 bunch: 26522
Bad cluster sets for +1 bunch: 1210
Bad cluster sets for -1 bunch: 6554
Bad cluster sets for blob: 32
Bad clusters 1: 0.179079
Bad clusters 2: 0.0554244
Bad clusters 3: 0.00121219
Bad clusters 4: 7.47608e-05
Bad cluster smaller: 0
Bad cluster bigger: 0
Bad cluster sets eff: 0.23579
Bad cluster smaller eff: 0
Bad cluster bigger eff: 0
