All events: 62348
Events after nclu >= 4 and nv >= 1: 0.997049
Events at the starting point of analysis: 0.00623917

Rejected events: 40810

Good cluster sets: 0
Good cluster sets for 0 bunch: 0
Good cluster sets for +1 bunch: 0
Good cluster sets for -1 bunch: 0
Good cluster sets for blob: 0
Good cluster sets eff: 0
Bad cluster sets: 36805
Bad cluster sets for 0 bunch: 3477
Bad cluster sets for +1 bunch: 6162
Bad cluster sets for -1 bunch: 161
Bad cluster sets for blob: 21857
Bad clusters 1: 0
Bad clusters 2: 0
Bad clusters 3: 0
Bad clusters 4: 94.6144
Bad cluster smaller: 0
Bad cluster bigger: 0
Bad cluster sets eff: 94.6144
Bad cluster smaller eff: 0
Bad cluster bigger eff: 0
