The system is: Linux - 4.19.0-27-amd64 - x86_64
Compiling the CXX compiler identification source file "CMakeCXXCompilerId.cpp" succeeded.
Compiler: /usr/bin/c++ 
Build flags: 
Id flags:  

The output was:
0


Compilation of the CXX compiler identification source "CMakeCXXCompilerId.cpp" produced "a.out"

The CXX compiler identification is GNU, found in "/data/ssd/gamrat/KLOE/build/CMakeFiles/3.13.4/CompilerIdCXX/a.out"

Compiling the Fortran compiler identification source file "CMakeFortranCompilerId.F" succeeded.
Compiler: /usr/bin/gfortran 
Build flags: 
Id flags: -v 

The output was:
0
Driving: /usr/bin/gfortran -v CMakeFortranCompilerId.F -l gfortran -l m -shared-libgcc
Using built-in specs.
COLLECT_GCC=/usr/bin/gfortran
COLLECT_LTO_WRAPPER=/usr/lib/gcc/x86_64-linux-gnu/8/lto-wrapper
OFFLOAD_TARGET_NAMES=nvptx-none
OFFLOAD_TARGET_DEFAULT=1
Target: x86_64-linux-gnu
Configured with: ../src/configure -v --with-pkgversion='Debian 8.3.0-6' --with-bugurl=file:///usr/share/doc/gcc-8/README.Bugs --enable-languages=c,ada,c++,go,brig,d,fortran,objc,obj-c++ --prefix=/usr --with-gcc-major-version-only --program-suffix=-8 --program-prefix=x86_64-linux-gnu- --enable-shared --enable-linker-build-id --libexecdir=/usr/lib --without-included-gettext --enable-threads=posix --libdir=/usr/lib --enable-nls --enable-bootstrap --enable-clocale=gnu --enable-libstdcxx-debug --enable-libstdcxx-time=yes --with-default-libstdcxx-abi=new --enable-gnu-unique-object --disable-vtable-verify --enable-libmpx --enable-plugin --enable-default-pie --with-system-zlib --with-target-system-zlib --enable-objc-gc=auto --enable-multiarch --disable-werror --with-arch-32=i686 --with-abi=m64 --with-multilib-list=m32,m64,mx32 --enable-multilib --with-tune=generic --enable-offload-targets=nvptx-none --without-cuda-driver --enable-checking=release --build=x86_64-linux-gnu --host=x86_64-linux-gnu --target=x86_64-linux-gnu
Thread model: posix
gcc version 8.3.0 (Debian 8.3.0-6) 
COLLECT_GCC_OPTIONS='-v' '-shared-libgcc' '-mtune=generic' '-march=x86-64'
 /usr/lib/gcc/x86_64-linux-gnu/8/f951 CMakeFortranCompilerId.F -ffixed-form -cpp=/tmp/ccdrx0er.f90 -quiet -v -imultiarch x86_64-linux-gnu CMakeFortranCompilerId.F -quiet -dumpbase CMakeFortranCompilerId.F -mtune=generic -march=x86-64 -auxbase CMakeFortranCompilerId -version -fintrinsic-modules-path /usr/lib/gcc/x86_64-linux-gnu/8/finclude -o /tmp/cc1SuE4p.s
GNU Fortran (Debian 8.3.0-6) version 8.3.0 (x86_64-linux-gnu)
	compiled by GNU C version 8.3.0, GMP version 6.1.2, MPFR version 4.0.2, MPC version 1.1.0, isl version isl-0.20-GMP

GGC heuristics: --param ggc-min-expand=100 --param ggc-min-heapsize=131072
ignoring nonexistent directory "/usr/local/include/x86_64-linux-gnu"
ignoring nonexistent directory "/usr/lib/gcc/x86_64-linux-gnu/8/../../../../x86_64-linux-gnu/include"
#include "..." search starts here:
#include <...> search starts here:
 /usr/lib/gcc/x86_64-linux-gnu/8/finclude
 /usr/lib/gcc/x86_64-linux-gnu/8/include
 /usr/local/include
 /usr/lib/gcc/x86_64-linux-gnu/8/include-fixed
 /usr/include/x86_64-linux-gnu
 /usr/include
End of search list.
GNU Fortran2008 (Debian 8.3.0-6) version 8.3.0 (x86_64-linux-gnu)
	compiled by GNU C version 8.3.0, GMP version 6.1.2, MPFR version 4.0.2, MPC version 1.1.0, isl version isl-0.20-GMP

GGC heuristics: --param ggc-min-expand=100 --param ggc-min-heapsize=131072
COLLECT_GCC_OPTIONS='-v' '-shared-libgcc' '-mtune=generic' '-march=x86-64'
 as -v --64 -o /tmp/cclmeNYo.o /tmp/cc1SuE4p.s
GNU assembler version 2.31.1 (x86_64-linux-gnu) using BFD version (GNU Binutils for Debian) 2.31.1
Reading specs from /usr/lib/gcc/x86_64-linux-gnu/8/libgfortran.spec
rename spec lib to liborig
COLLECT_GCC_OPTIONS='-v' '-shared-libgcc' '-mtune=generic' '-march=x86-64'
COMPILER_PATH=/usr/lib/gcc/x86_64-linux-gnu/8/:/usr/lib/gcc/x86_64-linux-gnu/8/:/usr/lib/gcc/x86_64-linux-gnu/:/usr/lib/gcc/x86_64-linux-gnu/8/:/usr/lib/gcc/x86_64-linux-gnu/
LIBRARY_PATH=/data/4/cernlib/new/lib/../lib/:/data/4/cernlib/new/lib/../lib/:/usr/lib/gcc/x86_64-linux-gnu/8/:/usr/lib/gcc/x86_64-linux-gnu/8/../../../x86_64-linux-gnu/:/usr/lib/gcc/x86_64-linux-gnu/8/../../../../lib/:/lib/x86_64-linux-gnu/:/lib/../lib/:/usr/lib/x86_64-linux-gnu/:/usr/lib/../lib/:./:/data/ssd/gamrat/KLOE/Include/:/data/4/cernlib/new/lib/:/data/4/users/gamrat/external_libs/:/data/ssd/gamrat/KLOE/Include/Codes/inc/:/lib/x86_64-linux-gnu/:/data/ssd/gamrat/KLOE/Include/:/data/4/cernlib/new/lib/:/data/4/users/gamrat/external_libs/:/data/ssd/gamrat/KLOE/Include/Codes/inc/:/lib/x86_64-linux-gnu/:/usr/lib/gcc/x86_64-linux-gnu/8/../../../:/lib/:/usr/lib/
COLLECT_GCC_OPTIONS='-v' '-shared-libgcc' '-mtune=generic' '-march=x86-64'
 /usr/lib/gcc/x86_64-linux-gnu/8/collect2 -plugin /usr/lib/gcc/x86_64-linux-gnu/8/liblto_plugin.so -plugin-opt=/usr/lib/gcc/x86_64-linux-gnu/8/lto-wrapper -plugin-opt=-fresolution=/tmp/ccplCJUn.res -plugin-opt=-pass-through=-lgcc_s -plugin-opt=-pass-through=-lgcc -plugin-opt=-pass-through=-lquadmath -plugin-opt=-pass-through=-lm -plugin-opt=-pass-through=-lgcc_s -plugin-opt=-pass-through=-lgcc -plugin-opt=-pass-through=-lc -plugin-opt=-pass-through=-lgcc_s -plugin-opt=-pass-through=-lgcc --build-id --eh-frame-hdr -m elf_x86_64 --hash-style=gnu -dynamic-linker /lib64/ld-linux-x86-64.so.2 -pie /usr/lib/gcc/x86_64-linux-gnu/8/../../../x86_64-linux-gnu/Scrt1.o /usr/lib/gcc/x86_64-linux-gnu/8/../../../x86_64-linux-gnu/crti.o /usr/lib/gcc/x86_64-linux-gnu/8/crtbeginS.o -L/data/4/cernlib/new/lib/../lib -L/data/4/cernlib/new/lib/../lib -L/usr/lib/gcc/x86_64-linux-gnu/8 -L/usr/lib/gcc/x86_64-linux-gnu/8/../../../x86_64-linux-gnu -L/usr/lib/gcc/x86_64-linux-gnu/8/../../../../lib -L/lib/x86_64-linux-gnu -L/lib/../lib -L/usr/lib/x86_64-linux-gnu -L/usr/lib/../lib -L. -L/data/ssd/gamrat/KLOE/Include -L/data/4/cernlib/new/lib -L/data/4/users/gamrat/external_libs -L/data/ssd/gamrat/KLOE/Include/Codes/inc -L/lib/x86_64-linux-gnu -L/data/ssd/gamrat/KLOE/Include -L/data/4/cernlib/new/lib -L/data/4/users/gamrat/external_libs -L/data/ssd/gamrat/KLOE/Include/Codes/inc -L/lib/x86_64-linux-gnu -L/usr/lib/gcc/x86_64-linux-gnu/8/../../.. /tmp/cclmeNYo.o -lgfortran -lm -lgcc_s -lgcc -lquadmath -lm -lgcc_s -lgcc -lc -lgcc_s -lgcc /usr/lib/gcc/x86_64-linux-gnu/8/crtendS.o /usr/lib/gcc/x86_64-linux-gnu/8/../../../x86_64-linux-gnu/crtn.o
COLLECT_GCC_OPTIONS='-v' '-shared-libgcc' '-mtune=generic' '-march=x86-64'


Compilation of the Fortran compiler identification source "CMakeFortranCompilerId.F" produced "a.out"

The Fortran compiler identification is GNU, found in "/data/ssd/gamrat/KLOE/build/CMakeFiles/3.13.4/CompilerIdFortran/a.out"

Determining if the CXX compiler works passed with the following output:
Change Dir: /data/ssd/gamrat/KLOE/build/CMakeFiles/CMakeTmp

Run Build Command:"/usr/bin/make" "cmTC_28dce/fast"
/usr/bin/make -f CMakeFiles/cmTC_28dce.dir/build.make CMakeFiles/cmTC_28dce.dir/build
make[1]: Entering directory '/data/ssd/gamrat/KLOE/build/CMakeFiles/CMakeTmp'
Building CXX object CMakeFiles/cmTC_28dce.dir/testCXXCompiler.cxx.o
/usr/bin/c++     -o CMakeFiles/cmTC_28dce.dir/testCXXCompiler.cxx.o -c /data/ssd/gamrat/KLOE/build/CMakeFiles/CMakeTmp/testCXXCompiler.cxx
Linking CXX executable cmTC_28dce
/usr/bin/cmake -E cmake_link_script CMakeFiles/cmTC_28dce.dir/link.txt --verbose=1
/usr/bin/c++       CMakeFiles/cmTC_28dce.dir/testCXXCompiler.cxx.o  -o cmTC_28dce 
make[1]: Leaving directory '/data/ssd/gamrat/KLOE/build/CMakeFiles/CMakeTmp'


Detecting CXX compiler ABI info compiled with the following output:
Change Dir: /data/ssd/gamrat/KLOE/build/CMakeFiles/CMakeTmp

Run Build Command:"/usr/bin/make" "cmTC_ddcf2/fast"
/usr/bin/make -f CMakeFiles/cmTC_ddcf2.dir/build.make CMakeFiles/cmTC_ddcf2.dir/build
make[1]: Entering directory '/data/ssd/gamrat/KLOE/build/CMakeFiles/CMakeTmp'
Building CXX object CMakeFiles/cmTC_ddcf2.dir/CMakeCXXCompilerABI.cpp.o
/usr/bin/c++     -o CMakeFiles/cmTC_ddcf2.dir/CMakeCXXCompilerABI.cpp.o -c /usr/share/cmake-3.13/Modules/CMakeCXXCompilerABI.cpp
Linking CXX executable cmTC_ddcf2
/usr/bin/cmake -E cmake_link_script CMakeFiles/cmTC_ddcf2.dir/link.txt --verbose=1
/usr/bin/c++      -v CMakeFiles/cmTC_ddcf2.dir/CMakeCXXCompilerABI.cpp.o  -o cmTC_ddcf2 
Using built-in specs.
COLLECT_GCC=/usr/bin/c++
COLLECT_LTO_WRAPPER=/usr/lib/gcc/x86_64-linux-gnu/8/lto-wrapper
OFFLOAD_TARGET_NAMES=nvptx-none
OFFLOAD_TARGET_DEFAULT=1
Target: x86_64-linux-gnu
Configured with: ../src/configure -v --with-pkgversion='Debian 8.3.0-6' --with-bugurl=file:///usr/share/doc/gcc-8/README.Bugs --enable-languages=c,ada,c++,go,brig,d,fortran,objc,obj-c++ --prefix=/usr --with-gcc-major-version-only --program-suffix=-8 --program-prefix=x86_64-linux-gnu- --enable-shared --enable-linker-build-id --libexecdir=/usr/lib --without-included-gettext --enable-threads=posix --libdir=/usr/lib --enable-nls --enable-bootstrap --enable-clocale=gnu --enable-libstdcxx-debug --enable-libstdcxx-time=yes --with-default-libstdcxx-abi=new --enable-gnu-unique-object --disable-vtable-verify --enable-libmpx --enable-plugin --enable-default-pie --with-system-zlib --with-target-system-zlib --enable-objc-gc=auto --enable-multiarch --disable-werror --with-arch-32=i686 --with-abi=m64 --with-multilib-list=m32,m64,mx32 --enable-multilib --with-tune=generic --enable-offload-targets=nvptx-none --without-cuda-driver --enable-checking=release --build=x86_64-linux-gnu --host=x86_64-linux-gnu --target=x86_64-linux-gnu
Thread model: posix
gcc version 8.3.0 (Debian 8.3.0-6) 
COMPILER_PATH=/usr/lib/gcc/x86_64-linux-gnu/8/:/usr/lib/gcc/x86_64-linux-gnu/8/:/usr/lib/gcc/x86_64-linux-gnu/:/usr/lib/gcc/x86_64-linux-gnu/8/:/usr/lib/gcc/x86_64-linux-gnu/
LIBRARY_PATH=/data/4/cernlib/new/lib/../lib/:/data/4/cernlib/new/lib/../lib/:/usr/lib/gcc/x86_64-linux-gnu/8/:/usr/lib/gcc/x86_64-linux-gnu/8/../../../x86_64-linux-gnu/:/usr/lib/gcc/x86_64-linux-gnu/8/../../../../lib/:/lib/x86_64-linux-gnu/:/lib/../lib/:/usr/lib/x86_64-linux-gnu/:/usr/lib/../lib/:./:/data/ssd/gamrat/KLOE/Include/:/data/4/cernlib/new/lib/:/data/4/users/gamrat/external_libs/:/data/ssd/gamrat/KLOE/Include/Codes/inc/:/lib/x86_64-linux-gnu/:/data/ssd/gamrat/KLOE/Include/:/data/4/cernlib/new/lib/:/data/4/users/gamrat/external_libs/:/data/ssd/gamrat/KLOE/Include/Codes/inc/:/lib/x86_64-linux-gnu/:/usr/lib/gcc/x86_64-linux-gnu/8/../../../:/lib/:/usr/lib/
COLLECT_GCC_OPTIONS='-v' '-o' 'cmTC_ddcf2' '-shared-libgcc' '-mtune=generic' '-march=x86-64'
 /usr/lib/gcc/x86_64-linux-gnu/8/collect2 -plugin /usr/lib/gcc/x86_64-linux-gnu/8/liblto_plugin.so -plugin-opt=/usr/lib/gcc/x86_64-linux-gnu/8/lto-wrapper -plugin-opt=-fresolution=/tmp/ccrDhcOT.res -plugin-opt=-pass-through=-lgcc_s -plugin-opt=-pass-through=-lgcc -plugin-opt=-pass-through=-lc -plugin-opt=-pass-through=-lgcc_s -plugin-opt=-pass-through=-lgcc --build-id --eh-frame-hdr -m elf_x86_64 --hash-style=gnu -dynamic-linker /lib64/ld-linux-x86-64.so.2 -pie -o cmTC_ddcf2 /usr/lib/gcc/x86_64-linux-gnu/8/../../../x86_64-linux-gnu/Scrt1.o /usr/lib/gcc/x86_64-linux-gnu/8/../../../x86_64-linux-gnu/crti.o /usr/lib/gcc/x86_64-linux-gnu/8/crtbeginS.o -L/data/4/cernlib/new/lib/../lib -L/data/4/cernlib/new/lib/../lib -L/usr/lib/gcc/x86_64-linux-gnu/8 -L/usr/lib/gcc/x86_64-linux-gnu/8/../../../x86_64-linux-gnu -L/usr/lib/gcc/x86_64-linux-gnu/8/../../../../lib -L/lib/x86_64-linux-gnu -L/lib/../lib -L/usr/lib/x86_64-linux-gnu -L/usr/lib/../lib -L. -L/data/ssd/gamrat/KLOE/Include -L/data/4/cernlib/new/lib -L/data/4/users/gamrat/external_libs -L/data/ssd/gamrat/KLOE/Include/Codes/inc -L/lib/x86_64-linux-gnu -L/data/ssd/gamrat/KLOE/Include -L/data/4/cernlib/new/lib -L/data/4/users/gamrat/external_libs -L/data/ssd/gamrat/KLOE/Include/Codes/inc -L/lib/x86_64-linux-gnu -L/usr/lib/gcc/x86_64-linux-gnu/8/../../.. CMakeFiles/cmTC_ddcf2.dir/CMakeCXXCompilerABI.cpp.o -lstdc++ -lm -lgcc_s -lgcc -lc -lgcc_s -lgcc /usr/lib/gcc/x86_64-linux-gnu/8/crtendS.o /usr/lib/gcc/x86_64-linux-gnu/8/../../../x86_64-linux-gnu/crtn.o
COLLECT_GCC_OPTIONS='-v' '-o' 'cmTC_ddcf2' '-shared-libgcc' '-mtune=generic' '-march=x86-64'
make[1]: Leaving directory '/data/ssd/gamrat/KLOE/build/CMakeFiles/CMakeTmp'


Parsed CXX implicit link information from above output:
  link line regex: [^( *|.*[/\])(ld|CMAKE_LINK_STARTFILE-NOTFOUND|([^/\]+-)?ld|collect2)[^/\]*( |$)]
  ignore line: [Change Dir: /data/ssd/gamrat/KLOE/build/CMakeFiles/CMakeTmp]
  ignore line: []
  ignore line: [Run Build Command:"/usr/bin/make" "cmTC_ddcf2/fast"]
  ignore line: [/usr/bin/make -f CMakeFiles/cmTC_ddcf2.dir/build.make CMakeFiles/cmTC_ddcf2.dir/build]
  ignore line: [make[1]: Entering directory '/data/ssd/gamrat/KLOE/build/CMakeFiles/CMakeTmp']
  ignore line: [Building CXX object CMakeFiles/cmTC_ddcf2.dir/CMakeCXXCompilerABI.cpp.o]
  ignore line: [/usr/bin/c++     -o CMakeFiles/cmTC_ddcf2.dir/CMakeCXXCompilerABI.cpp.o -c /usr/share/cmake-3.13/Modules/CMakeCXXCompilerABI.cpp]
  ignore line: [Linking CXX executable cmTC_ddcf2]
  ignore line: [/usr/bin/cmake -E cmake_link_script CMakeFiles/cmTC_ddcf2.dir/link.txt --verbose=1]
  ignore line: [/usr/bin/c++      -v CMakeFiles/cmTC_ddcf2.dir/CMakeCXXCompilerABI.cpp.o  -o cmTC_ddcf2 ]
  ignore line: [Using built-in specs.]
  ignore line: [COLLECT_GCC=/usr/bin/c++]
  ignore line: [COLLECT_LTO_WRAPPER=/usr/lib/gcc/x86_64-linux-gnu/8/lto-wrapper]
  ignore line: [OFFLOAD_TARGET_NAMES=nvptx-none]
  ignore line: [OFFLOAD_TARGET_DEFAULT=1]
  ignore line: [Target: x86_64-linux-gnu]
  ignore line: [Configured with: ../src/configure -v --with-pkgversion='Debian 8.3.0-6' --with-bugurl=file:///usr/share/doc/gcc-8/README.Bugs --enable-languages=c,ada,c++,go,brig,d,fortran,objc,obj-c++ --prefix=/usr --with-gcc-major-version-only --program-suffix=-8 --program-prefix=x86_64-linux-gnu- --enable-shared --enable-linker-build-id --libexecdir=/usr/lib --without-included-gettext --enable-threads=posix --libdir=/usr/lib --enable-nls --enable-bootstrap --enable-clocale=gnu --enable-libstdcxx-debug --enable-libstdcxx-time=yes --with-default-libstdcxx-abi=new --enable-gnu-unique-object --disable-vtable-verify --enable-libmpx --enable-plugin --enable-default-pie --with-system-zlib --with-target-system-zlib --enable-objc-gc=auto --enable-multiarch --disable-werror --with-arch-32=i686 --with-abi=m64 --with-multilib-list=m32,m64,mx32 --enable-multilib --with-tune=generic --enable-offload-targets=nvptx-none --without-cuda-driver --enable-checking=release --build=x86_64-linux-gnu --host=x86_64-linux-gnu --target=x86_64-linux-gnu]
  ignore line: [Thread model: posix]
  ignore line: [gcc version 8.3.0 (Debian 8.3.0-6) ]
  ignore line: [COMPILER_PATH=/usr/lib/gcc/x86_64-linux-gnu/8/:/usr/lib/gcc/x86_64-linux-gnu/8/:/usr/lib/gcc/x86_64-linux-gnu/:/usr/lib/gcc/x86_64-linux-gnu/8/:/usr/lib/gcc/x86_64-linux-gnu/]
  ignore line: [LIBRARY_PATH=/data/4/cernlib/new/lib/../lib/:/data/4/cernlib/new/lib/../lib/:/usr/lib/gcc/x86_64-linux-gnu/8/:/usr/lib/gcc/x86_64-linux-gnu/8/../../../x86_64-linux-gnu/:/usr/lib/gcc/x86_64-linux-gnu/8/../../../../lib/:/lib/x86_64-linux-gnu/:/lib/../lib/:/usr/lib/x86_64-linux-gnu/:/usr/lib/../lib/:./:/data/ssd/gamrat/KLOE/Include/:/data/4/cernlib/new/lib/:/data/4/users/gamrat/external_libs/:/data/ssd/gamrat/KLOE/Include/Codes/inc/:/lib/x86_64-linux-gnu/:/data/ssd/gamrat/KLOE/Include/:/data/4/cernlib/new/lib/:/data/4/users/gamrat/external_libs/:/data/ssd/gamrat/KLOE/Include/Codes/inc/:/lib/x86_64-linux-gnu/:/usr/lib/gcc/x86_64-linux-gnu/8/../../../:/lib/:/usr/lib/]
  ignore line: [COLLECT_GCC_OPTIONS='-v' '-o' 'cmTC_ddcf2' '-shared-libgcc' '-mtune=generic' '-march=x86-64']
  link line: [ /usr/lib/gcc/x86_64-linux-gnu/8/collect2 -plugin /usr/lib/gcc/x86_64-linux-gnu/8/liblto_plugin.so -plugin-opt=/usr/lib/gcc/x86_64-linux-gnu/8/lto-wrapper -plugin-opt=-fresolution=/tmp/ccrDhcOT.res -plugin-opt=-pass-through=-lgcc_s -plugin-opt=-pass-through=-lgcc -plugin-opt=-pass-through=-lc -plugin-opt=-pass-through=-lgcc_s -plugin-opt=-pass-through=-lgcc --build-id --eh-frame-hdr -m elf_x86_64 --hash-style=gnu -dynamic-linker /lib64/ld-linux-x86-64.so.2 -pie -o cmTC_ddcf2 /usr/lib/gcc/x86_64-linux-gnu/8/../../../x86_64-linux-gnu/Scrt1.o /usr/lib/gcc/x86_64-linux-gnu/8/../../../x86_64-linux-gnu/crti.o /usr/lib/gcc/x86_64-linux-gnu/8/crtbeginS.o -L/data/4/cernlib/new/lib/../lib -L/data/4/cernlib/new/lib/../lib -L/usr/lib/gcc/x86_64-linux-gnu/8 -L/usr/lib/gcc/x86_64-linux-gnu/8/../../../x86_64-linux-gnu -L/usr/lib/gcc/x86_64-linux-gnu/8/../../../../lib -L/lib/x86_64-linux-gnu -L/lib/../lib -L/usr/lib/x86_64-linux-gnu -L/usr/lib/../lib -L. -L/data/ssd/gamrat/KLOE/Include -L/data/4/cernlib/new/lib -L/data/4/users/gamrat/external_libs -L/data/ssd/gamrat/KLOE/Include/Codes/inc -L/lib/x86_64-linux-gnu -L/data/ssd/gamrat/KLOE/Include -L/data/4/cernlib/new/lib -L/data/4/users/gamrat/external_libs -L/data/ssd/gamrat/KLOE/Include/Codes/inc -L/lib/x86_64-linux-gnu -L/usr/lib/gcc/x86_64-linux-gnu/8/../../.. CMakeFiles/cmTC_ddcf2.dir/CMakeCXXCompilerABI.cpp.o -lstdc++ -lm -lgcc_s -lgcc -lc -lgcc_s -lgcc /usr/lib/gcc/x86_64-linux-gnu/8/crtendS.o /usr/lib/gcc/x86_64-linux-gnu/8/../../../x86_64-linux-gnu/crtn.o]
    arg [/usr/lib/gcc/x86_64-linux-gnu/8/collect2] ==> ignore
    arg [-plugin] ==> ignore
    arg [/usr/lib/gcc/x86_64-linux-gnu/8/liblto_plugin.so] ==> ignore
    arg [-plugin-opt=/usr/lib/gcc/x86_64-linux-gnu/8/lto-wrapper] ==> ignore
    arg [-plugin-opt=-fresolution=/tmp/ccrDhcOT.res] ==> ignore
    arg [-plugin-opt=-pass-through=-lgcc_s] ==> ignore
    arg [-plugin-opt=-pass-through=-lgcc] ==> ignore
    arg [-plugin-opt=-pass-through=-lc] ==> ignore
    arg [-plugin-opt=-pass-through=-lgcc_s] ==> ignore
    arg [-plugin-opt=-pass-through=-lgcc] ==> ignore
    arg [--build-id] ==> ignore
    arg [--eh-frame-hdr] ==> ignore
    arg [-m] ==> ignore
    arg [elf_x86_64] ==> ignore
    arg [--hash-style=gnu] ==> ignore
    arg [-dynamic-linker] ==> ignore
    arg [/lib64/ld-linux-x86-64.so.2] ==> ignore
    arg [-pie] ==> ignore
    arg [-o] ==> ignore
    arg [cmTC_ddcf2] ==> ignore
    arg [/usr/lib/gcc/x86_64-linux-gnu/8/../../../x86_64-linux-gnu/Scrt1.o] ==> ignore
    arg [/usr/lib/gcc/x86_64-linux-gnu/8/../../../x86_64-linux-gnu/crti.o] ==> ignore
    arg [/usr/lib/gcc/x86_64-linux-gnu/8/crtbeginS.o] ==> ignore
    arg [-L/data/4/cernlib/new/lib/../lib] ==> dir [/data/4/cernlib/new/lib/../lib]
    arg [-L/data/4/cernlib/new/lib/../lib] ==> dir [/data/4/cernlib/new/lib/../lib]
    arg [-L/usr/lib/gcc/x86_64-linux-gnu/8] ==> dir [/usr/lib/gcc/x86_64-linux-gnu/8]
    arg [-L/usr/lib/gcc/x86_64-linux-gnu/8/../../../x86_64-linux-gnu] ==> dir [/usr/lib/gcc/x86_64-linux-gnu/8/../../../x86_64-linux-gnu]
    arg [-L/usr/lib/gcc/x86_64-linux-gnu/8/../../../../lib] ==> dir [/usr/lib/gcc/x86_64-linux-gnu/8/../../../../lib]
    arg [-L/lib/x86_64-linux-gnu] ==> dir [/lib/x86_64-linux-gnu]
    arg [-L/lib/../lib] ==> dir [/lib/../lib]
    arg [-L/usr/lib/x86_64-linux-gnu] ==> dir [/usr/lib/x86_64-linux-gnu]
    arg [-L/usr/lib/../lib] ==> dir [/usr/lib/../lib]
    arg [-L.] ==> ignore
    arg [-L/data/ssd/gamrat/KLOE/Include] ==> dir [/data/ssd/gamrat/KLOE/Include]
    arg [-L/data/4/cernlib/new/lib] ==> dir [/data/4/cernlib/new/lib]
    arg [-L/data/4/users/gamrat/external_libs] ==> dir [/data/4/users/gamrat/external_libs]
    arg [-L/data/ssd/gamrat/KLOE/Include/Codes/inc] ==> dir [/data/ssd/gamrat/KLOE/Include/Codes/inc]
    arg [-L/lib/x86_64-linux-gnu] ==> dir [/lib/x86_64-linux-gnu]
    arg [-L/data/ssd/gamrat/KLOE/Include] ==> dir [/data/ssd/gamrat/KLOE/Include]
    arg [-L/data/4/cernlib/new/lib] ==> dir [/data/4/cernlib/new/lib]
    arg [-L/data/4/users/gamrat/external_libs] ==> dir [/data/4/users/gamrat/external_libs]
    arg [-L/data/ssd/gamrat/KLOE/Include/Codes/inc] ==> dir [/data/ssd/gamrat/KLOE/Include/Codes/inc]
    arg [-L/lib/x86_64-linux-gnu] ==> dir [/lib/x86_64-linux-gnu]
    arg [-L/usr/lib/gcc/x86_64-linux-gnu/8/../../..] ==> dir [/usr/lib/gcc/x86_64-linux-gnu/8/../../..]
    arg [CMakeFiles/cmTC_ddcf2.dir/CMakeCXXCompilerABI.cpp.o] ==> ignore
    arg [-lstdc++] ==> lib [stdc++]
    arg [-lm] ==> lib [m]
    arg [-lgcc_s] ==> lib [gcc_s]
    arg [-lgcc] ==> lib [gcc]
    arg [-lc] ==> lib [c]
    arg [-lgcc_s] ==> lib [gcc_s]
    arg [-lgcc] ==> lib [gcc]
    arg [/usr/lib/gcc/x86_64-linux-gnu/8/crtendS.o] ==> ignore
    arg [/usr/lib/gcc/x86_64-linux-gnu/8/../../../x86_64-linux-gnu/crtn.o] ==> ignore
  collapse library dir [/data/4/cernlib/new/lib/../lib] ==> [/data/4/cernlib/new/lib]
  collapse library dir [/data/4/cernlib/new/lib/../lib] ==> [/data/4/cernlib/new/lib]
  collapse library dir [/usr/lib/gcc/x86_64-linux-gnu/8] ==> [/usr/lib/gcc/x86_64-linux-gnu/8]
  collapse library dir [/usr/lib/gcc/x86_64-linux-gnu/8/../../../x86_64-linux-gnu] ==> [/usr/lib/x86_64-linux-gnu]
  collapse library dir [/usr/lib/gcc/x86_64-linux-gnu/8/../../../../lib] ==> [/usr/lib]
  collapse library dir [/lib/x86_64-linux-gnu] ==> [/lib/x86_64-linux-gnu]
  collapse library dir [/lib/../lib] ==> [/lib]
  collapse library dir [/usr/lib/x86_64-linux-gnu] ==> [/usr/lib/x86_64-linux-gnu]
  collapse library dir [/usr/lib/../lib] ==> [/usr/lib]
  collapse library dir [/data/ssd/gamrat/KLOE/Include] ==> [/data/ssd/gamrat/KLOE/Include]
  collapse library dir [/data/4/cernlib/new/lib] ==> [/data/4/cernlib/new/lib]
  collapse library dir [/data/4/users/gamrat/external_libs] ==> [/data/4/users/gamrat/external_libs]
  collapse library dir [/data/ssd/gamrat/KLOE/Include/Codes/inc] ==> [/data/ssd/gamrat/KLOE/Include/Codes/inc]
  collapse library dir [/lib/x86_64-linux-gnu] ==> [/lib/x86_64-linux-gnu]
  collapse library dir [/data/ssd/gamrat/KLOE/Include] ==> [/data/ssd/gamrat/KLOE/Include]
  collapse library dir [/data/4/cernlib/new/lib] ==> [/data/4/cernlib/new/lib]
  collapse library dir [/data/4/users/gamrat/external_libs] ==> [/data/4/users/gamrat/external_libs]
  collapse library dir [/data/ssd/gamrat/KLOE/Include/Codes/inc] ==> [/data/ssd/gamrat/KLOE/Include/Codes/inc]
  collapse library dir [/lib/x86_64-linux-gnu] ==> [/lib/x86_64-linux-gnu]
  collapse library dir [/usr/lib/gcc/x86_64-linux-gnu/8/../../..] ==> [/usr/lib]
  implicit libs: [stdc++;m;gcc_s;gcc;c;gcc_s;gcc]
  implicit dirs: [/data/4/cernlib/new/lib;/usr/lib/gcc/x86_64-linux-gnu/8;/usr/lib/x86_64-linux-gnu;/usr/lib;/lib/x86_64-linux-gnu;/lib;/data/ssd/gamrat/KLOE/Include;/data/4/users/gamrat/external_libs;/data/ssd/gamrat/KLOE/Include/Codes/inc]
  implicit fwks: []




Detecting CXX [-std=c++2a] compiler features compiled with the following output:
Change Dir: /data/ssd/gamrat/KLOE/build/CMakeFiles/CMakeTmp

Run Build Command:"/usr/bin/make" "cmTC_a1a38/fast"
/usr/bin/make -f CMakeFiles/cmTC_a1a38.dir/build.make CMakeFiles/cmTC_a1a38.dir/build
make[1]: Entering directory '/data/ssd/gamrat/KLOE/build/CMakeFiles/CMakeTmp'
Building CXX object CMakeFiles/cmTC_a1a38.dir/feature_tests.cxx.o
/usr/bin/c++    -std=c++2a -o CMakeFiles/cmTC_a1a38.dir/feature_tests.cxx.o -c /data/ssd/gamrat/KLOE/build/CMakeFiles/feature_tests.cxx
Linking CXX executable cmTC_a1a38
/usr/bin/cmake -E cmake_link_script CMakeFiles/cmTC_a1a38.dir/link.txt --verbose=1
/usr/bin/c++       CMakeFiles/cmTC_a1a38.dir/feature_tests.cxx.o  -o cmTC_a1a38 
make[1]: Leaving directory '/data/ssd/gamrat/KLOE/build/CMakeFiles/CMakeTmp'


    Feature record: CXX_FEATURE:1cxx_aggregate_default_initializers
    Feature record: CXX_FEATURE:1cxx_alias_templates
    Feature record: CXX_FEATURE:1cxx_alignas
    Feature record: CXX_FEATURE:1cxx_alignof
    Feature record: CXX_FEATURE:1cxx_attributes
    Feature record: CXX_FEATURE:1cxx_attribute_deprecated
    Feature record: CXX_FEATURE:1cxx_auto_type
    Feature record: CXX_FEATURE:1cxx_binary_literals
    Feature record: CXX_FEATURE:1cxx_constexpr
    Feature record: CXX_FEATURE:1cxx_contextual_conversions
    Feature record: CXX_FEATURE:1cxx_decltype
    Feature record: CXX_FEATURE:1cxx_decltype_auto
    Feature record: CXX_FEATURE:1cxx_decltype_incomplete_return_types
    Feature record: CXX_FEATURE:1cxx_default_function_template_args
    Feature record: CXX_FEATURE:1cxx_defaulted_functions
    Feature record: CXX_FEATURE:1cxx_defaulted_move_initializers
    Feature record: CXX_FEATURE:1cxx_delegating_constructors
    Feature record: CXX_FEATURE:1cxx_deleted_functions
    Feature record: CXX_FEATURE:1cxx_digit_separators
    Feature record: CXX_FEATURE:1cxx_enum_forward_declarations
    Feature record: CXX_FEATURE:1cxx_explicit_conversions
    Feature record: CXX_FEATURE:1cxx_extended_friend_declarations
    Feature record: CXX_FEATURE:1cxx_extern_templates
    Feature record: CXX_FEATURE:1cxx_final
    Feature record: CXX_FEATURE:1cxx_func_identifier
    Feature record: CXX_FEATURE:1cxx_generalized_initializers
    Feature record: CXX_FEATURE:1cxx_generic_lambdas
    Feature record: CXX_FEATURE:1cxx_inheriting_constructors
    Feature record: CXX_FEATURE:1cxx_inline_namespaces
    Feature record: CXX_FEATURE:1cxx_lambdas
    Feature record: CXX_FEATURE:1cxx_lambda_init_captures
    Feature record: CXX_FEATURE:1cxx_local_type_template_args
    Feature record: CXX_FEATURE:1cxx_long_long_type
    Feature record: CXX_FEATURE:1cxx_noexcept
    Feature record: CXX_FEATURE:1cxx_nonstatic_member_init
    Feature record: CXX_FEATURE:1cxx_nullptr
    Feature record: CXX_FEATURE:1cxx_override
    Feature record: CXX_FEATURE:1cxx_range_for
    Feature record: CXX_FEATURE:1cxx_raw_string_literals
    Feature record: CXX_FEATURE:1cxx_reference_qualified_functions
    Feature record: CXX_FEATURE:1cxx_relaxed_constexpr
    Feature record: CXX_FEATURE:1cxx_return_type_deduction
    Feature record: CXX_FEATURE:1cxx_right_angle_brackets
    Feature record: CXX_FEATURE:1cxx_rvalue_references
    Feature record: CXX_FEATURE:1cxx_sizeof_member
    Feature record: CXX_FEATURE:1cxx_static_assert
    Feature record: CXX_FEATURE:1cxx_strong_enums
    Feature record: CXX_FEATURE:1cxx_template_template_parameters
    Feature record: CXX_FEATURE:1cxx_thread_local
    Feature record: CXX_FEATURE:1cxx_trailing_return_types
    Feature record: CXX_FEATURE:1cxx_unicode_literals
    Feature record: CXX_FEATURE:1cxx_uniform_initialization
    Feature record: CXX_FEATURE:1cxx_unrestricted_unions
    Feature record: CXX_FEATURE:1cxx_user_literals
    Feature record: CXX_FEATURE:1cxx_variable_templates
    Feature record: CXX_FEATURE:1cxx_variadic_macros
    Feature record: CXX_FEATURE:1cxx_variadic_templates


Detecting CXX [-std=c++17] compiler features compiled with the following output:
Change Dir: /data/ssd/gamrat/KLOE/build/CMakeFiles/CMakeTmp

Run Build Command:"/usr/bin/make" "cmTC_c6f2d/fast"
/usr/bin/make -f CMakeFiles/cmTC_c6f2d.dir/build.make CMakeFiles/cmTC_c6f2d.dir/build
make[1]: Entering directory '/data/ssd/gamrat/KLOE/build/CMakeFiles/CMakeTmp'
Building CXX object CMakeFiles/cmTC_c6f2d.dir/feature_tests.cxx.o
/usr/bin/c++    -std=c++17 -o CMakeFiles/cmTC_c6f2d.dir/feature_tests.cxx.o -c /data/ssd/gamrat/KLOE/build/CMakeFiles/feature_tests.cxx
Linking CXX executable cmTC_c6f2d
/usr/bin/cmake -E cmake_link_script CMakeFiles/cmTC_c6f2d.dir/link.txt --verbose=1
/usr/bin/c++       CMakeFiles/cmTC_c6f2d.dir/feature_tests.cxx.o  -o cmTC_c6f2d 
make[1]: Leaving directory '/data/ssd/gamrat/KLOE/build/CMakeFiles/CMakeTmp'


    Feature record: CXX_FEATURE:1cxx_aggregate_default_initializers
    Feature record: CXX_FEATURE:1cxx_alias_templates
    Feature record: CXX_FEATURE:1cxx_alignas
    Feature record: CXX_FEATURE:1cxx_alignof
    Feature record: CXX_FEATURE:1cxx_attributes
    Feature record: CXX_FEATURE:1cxx_attribute_deprecated
    Feature record: CXX_FEATURE:1cxx_auto_type
    Feature record: CXX_FEATURE:1cxx_binary_literals
    Feature record: CXX_FEATURE:1cxx_constexpr
    Feature record: CXX_FEATURE:1cxx_contextual_conversions
    Feature record: CXX_FEATURE:1cxx_decltype
    Feature record: CXX_FEATURE:1cxx_decltype_auto
    Feature record: CXX_FEATURE:1cxx_decltype_incomplete_return_types
    Feature record: CXX_FEATURE:1cxx_default_function_template_args
    Feature record: CXX_FEATURE:1cxx_defaulted_functions
    Feature record: CXX_FEATURE:1cxx_defaulted_move_initializers
    Feature record: CXX_FEATURE:1cxx_delegating_constructors
    Feature record: CXX_FEATURE:1cxx_deleted_functions
    Feature record: CXX_FEATURE:1cxx_digit_separators
    Feature record: CXX_FEATURE:1cxx_enum_forward_declarations
    Feature record: CXX_FEATURE:1cxx_explicit_conversions
    Feature record: CXX_FEATURE:1cxx_extended_friend_declarations
    Feature record: CXX_FEATURE:1cxx_extern_templates
    Feature record: CXX_FEATURE:1cxx_final
    Feature record: CXX_FEATURE:1cxx_func_identifier
    Feature record: CXX_FEATURE:1cxx_generalized_initializers
    Feature record: CXX_FEATURE:1cxx_generic_lambdas
    Feature record: CXX_FEATURE:1cxx_inheriting_constructors
    Feature record: CXX_FEATURE:1cxx_inline_namespaces
    Feature record: CXX_FEATURE:1cxx_lambdas
    Feature record: CXX_FEATURE:1cxx_lambda_init_captures
    Feature record: CXX_FEATURE:1cxx_local_type_template_args
    Feature record: CXX_FEATURE:1cxx_long_long_type
    Feature record: CXX_FEATURE:1cxx_noexcept
    Feature record: CXX_FEATURE:1cxx_nonstatic_member_init
    Feature record: CXX_FEATURE:1cxx_nullptr
    Feature record: CXX_FEATURE:1cxx_override
    Feature record: CXX_FEATURE:1cxx_range_for
    Feature record: CXX_FEATURE:1cxx_raw_string_literals
    Feature record: CXX_FEATURE:1cxx_reference_qualified_functions
    Feature record: CXX_FEATURE:1cxx_relaxed_constexpr
    Feature record: CXX_FEATURE:1cxx_return_type_deduction
    Feature record: CXX_FEATURE:1cxx_right_angle_brackets
    Feature record: CXX_FEATURE:1cxx_rvalue_references
    Feature record: CXX_FEATURE:1cxx_sizeof_member
    Feature record: CXX_FEATURE:1cxx_static_assert
    Feature record: CXX_FEATURE:1cxx_strong_enums
    Feature record: CXX_FEATURE:1cxx_template_template_parameters
    Feature record: CXX_FEATURE:1cxx_thread_local
    Feature record: CXX_FEATURE:1cxx_trailing_return_types
    Feature record: CXX_FEATURE:1cxx_unicode_literals
    Feature record: CXX_FEATURE:1cxx_uniform_initialization
    Feature record: CXX_FEATURE:1cxx_unrestricted_unions
    Feature record: CXX_FEATURE:1cxx_user_literals
    Feature record: CXX_FEATURE:1cxx_variable_templates
    Feature record: CXX_FEATURE:1cxx_variadic_macros
    Feature record: CXX_FEATURE:1cxx_variadic_templates


Detecting CXX [-std=c++14] compiler features compiled with the following output:
Change Dir: /data/ssd/gamrat/KLOE/build/CMakeFiles/CMakeTmp

Run Build Command:"/usr/bin/make" "cmTC_bc883/fast"
/usr/bin/make -f CMakeFiles/cmTC_bc883.dir/build.make CMakeFiles/cmTC_bc883.dir/build
make[1]: Entering directory '/data/ssd/gamrat/KLOE/build/CMakeFiles/CMakeTmp'
Building CXX object CMakeFiles/cmTC_bc883.dir/feature_tests.cxx.o
/usr/bin/c++    -std=c++14 -o CMakeFiles/cmTC_bc883.dir/feature_tests.cxx.o -c /data/ssd/gamrat/KLOE/build/CMakeFiles/feature_tests.cxx
Linking CXX executable cmTC_bc883
/usr/bin/cmake -E cmake_link_script CMakeFiles/cmTC_bc883.dir/link.txt --verbose=1
/usr/bin/c++       CMakeFiles/cmTC_bc883.dir/feature_tests.cxx.o  -o cmTC_bc883 
make[1]: Leaving directory '/data/ssd/gamrat/KLOE/build/CMakeFiles/CMakeTmp'


    Feature record: CXX_FEATURE:1cxx_aggregate_default_initializers
    Feature record: CXX_FEATURE:1cxx_alias_templates
    Feature record: CXX_FEATURE:1cxx_alignas
    Feature record: CXX_FEATURE:1cxx_alignof
    Feature record: CXX_FEATURE:1cxx_attributes
    Feature record: CXX_FEATURE:1cxx_attribute_deprecated
    Feature record: CXX_FEATURE:1cxx_auto_type
    Feature record: CXX_FEATURE:1cxx_binary_literals
    Feature record: CXX_FEATURE:1cxx_constexpr
    Feature record: CXX_FEATURE:1cxx_contextual_conversions
    Feature record: CXX_FEATURE:1cxx_decltype
    Feature record: CXX_FEATURE:1cxx_decltype_auto
    Feature record: CXX_FEATURE:1cxx_decltype_incomplete_return_types
    Feature record: CXX_FEATURE:1cxx_default_function_template_args
    Feature record: CXX_FEATURE:1cxx_defaulted_functions
    Feature record: CXX_FEATURE:1cxx_defaulted_move_initializers
    Feature record: CXX_FEATURE:1cxx_delegating_constructors
    Feature record: CXX_FEATURE:1cxx_deleted_functions
    Feature record: CXX_FEATURE:1cxx_digit_separators
    Feature record: CXX_FEATURE:1cxx_enum_forward_declarations
    Feature record: CXX_FEATURE:1cxx_explicit_conversions
    Feature record: CXX_FEATURE:1cxx_extended_friend_declarations
    Feature record: CXX_FEATURE:1cxx_extern_templates
    Feature record: CXX_FEATURE:1cxx_final
    Feature record: CXX_FEATURE:1cxx_func_identifier
    Feature record: CXX_FEATURE:1cxx_generalized_initializers
    Feature record: CXX_FEATURE:1cxx_generic_lambdas
    Feature record: CXX_FEATURE:1cxx_inheriting_constructors
    Feature record: CXX_FEATURE:1cxx_inline_namespaces
    Feature record: CXX_FEATURE:1cxx_lambdas
    Feature record: CXX_FEATURE:1cxx_lambda_init_captures
    Feature record: CXX_FEATURE:1cxx_local_type_template_args
    Feature record: CXX_FEATURE:1cxx_long_long_type
    Feature record: CXX_FEATURE:1cxx_noexcept
    Feature record: CXX_FEATURE:1cxx_nonstatic_member_init
    Feature record: CXX_FEATURE:1cxx_nullptr
    Feature record: CXX_FEATURE:1cxx_override
    Feature record: CXX_FEATURE:1cxx_range_for
    Feature record: CXX_FEATURE:1cxx_raw_string_literals
    Feature record: CXX_FEATURE:1cxx_reference_qualified_functions
    Feature record: CXX_FEATURE:1cxx_relaxed_constexpr
    Feature record: CXX_FEATURE:1cxx_return_type_deduction
    Feature record: CXX_FEATURE:1cxx_right_angle_brackets
    Feature record: CXX_FEATURE:1cxx_rvalue_references
    Feature record: CXX_FEATURE:1cxx_sizeof_member
    Feature record: CXX_FEATURE:1cxx_static_assert
    Feature record: CXX_FEATURE:1cxx_strong_enums
    Feature record: CXX_FEATURE:1cxx_template_template_parameters
    Feature record: CXX_FEATURE:1cxx_thread_local
    Feature record: CXX_FEATURE:1cxx_trailing_return_types
    Feature record: CXX_FEATURE:1cxx_unicode_literals
    Feature record: CXX_FEATURE:1cxx_uniform_initialization
    Feature record: CXX_FEATURE:1cxx_unrestricted_unions
    Feature record: CXX_FEATURE:1cxx_user_literals
    Feature record: CXX_FEATURE:1cxx_variable_templates
    Feature record: CXX_FEATURE:1cxx_variadic_macros
    Feature record: CXX_FEATURE:1cxx_variadic_templates


Detecting CXX [-std=c++11] compiler features compiled with the following output:
Change Dir: /data/ssd/gamrat/KLOE/build/CMakeFiles/CMakeTmp

Run Build Command:"/usr/bin/make" "cmTC_37a99/fast"
/usr/bin/make -f CMakeFiles/cmTC_37a99.dir/build.make CMakeFiles/cmTC_37a99.dir/build
make[1]: Entering directory '/data/ssd/gamrat/KLOE/build/CMakeFiles/CMakeTmp'
Building CXX object CMakeFiles/cmTC_37a99.dir/feature_tests.cxx.o
/usr/bin/c++    -std=c++11 -o CMakeFiles/cmTC_37a99.dir/feature_tests.cxx.o -c /data/ssd/gamrat/KLOE/build/CMakeFiles/feature_tests.cxx
Linking CXX executable cmTC_37a99
/usr/bin/cmake -E cmake_link_script CMakeFiles/cmTC_37a99.dir/link.txt --verbose=1
/usr/bin/c++       CMakeFiles/cmTC_37a99.dir/feature_tests.cxx.o  -o cmTC_37a99 
make[1]: Leaving directory '/data/ssd/gamrat/KLOE/build/CMakeFiles/CMakeTmp'


    Feature record: CXX_FEATURE:0cxx_aggregate_default_initializers
    Feature record: CXX_FEATURE:1cxx_alias_templates
    Feature record: CXX_FEATURE:1cxx_alignas
    Feature record: CXX_FEATURE:1cxx_alignof
    Feature record: CXX_FEATURE:1cxx_attributes
    Feature record: CXX_FEATURE:0cxx_attribute_deprecated
    Feature record: CXX_FEATURE:1cxx_auto_type
    Feature record: CXX_FEATURE:0cxx_binary_literals
    Feature record: CXX_FEATURE:1cxx_constexpr
    Feature record: CXX_FEATURE:0cxx_contextual_conversions
    Feature record: CXX_FEATURE:1cxx_decltype
    Feature record: CXX_FEATURE:0cxx_decltype_auto
    Feature record: CXX_FEATURE:1cxx_decltype_incomplete_return_types
    Feature record: CXX_FEATURE:1cxx_default_function_template_args
    Feature record: CXX_FEATURE:1cxx_defaulted_functions
    Feature record: CXX_FEATURE:1cxx_defaulted_move_initializers
    Feature record: CXX_FEATURE:1cxx_delegating_constructors
    Feature record: CXX_FEATURE:1cxx_deleted_functions
    Feature record: CXX_FEATURE:0cxx_digit_separators
    Feature record: CXX_FEATURE:1cxx_enum_forward_declarations
    Feature record: CXX_FEATURE:1cxx_explicit_conversions
    Feature record: CXX_FEATURE:1cxx_extended_friend_declarations
    Feature record: CXX_FEATURE:1cxx_extern_templates
    Feature record: CXX_FEATURE:1cxx_final
    Feature record: CXX_FEATURE:1cxx_func_identifier
    Feature record: CXX_FEATURE:1cxx_generalized_initializers
    Feature record: CXX_FEATURE:0cxx_generic_lambdas
    Feature record: CXX_FEATURE:1cxx_inheriting_constructors
    Feature record: CXX_FEATURE:1cxx_inline_namespaces
    Feature record: CXX_FEATURE:1cxx_lambdas
    Feature record: CXX_FEATURE:0cxx_lambda_init_captures
    Feature record: CXX_FEATURE:1cxx_local_type_template_args
    Feature record: CXX_FEATURE:1cxx_long_long_type
    Feature record: CXX_FEATURE:1cxx_noexcept
    Feature record: CXX_FEATURE:1cxx_nonstatic_member_init
    Feature record: CXX_FEATURE:1cxx_nullptr
    Feature record: CXX_FEATURE:1cxx_override
    Feature record: CXX_FEATURE:1cxx_range_for
    Feature record: CXX_FEATURE:1cxx_raw_string_literals
    Feature record: CXX_FEATURE:1cxx_reference_qualified_functions
    Feature record: CXX_FEATURE:0cxx_relaxed_constexpr
    Feature record: CXX_FEATURE:0cxx_return_type_deduction
    Feature record: CXX_FEATURE:1cxx_right_angle_brackets
    Feature record: CXX_FEATURE:1cxx_rvalue_references
    Feature record: CXX_FEATURE:1cxx_sizeof_member
    Feature record: CXX_FEATURE:1cxx_static_assert
    Feature record: CXX_FEATURE:1cxx_strong_enums
    Feature record: CXX_FEATURE:1cxx_template_template_parameters
    Feature record: CXX_FEATURE:1cxx_thread_local
    Feature record: CXX_FEATURE:1cxx_trailing_return_types
    Feature record: CXX_FEATURE:1cxx_unicode_literals
    Feature record: CXX_FEATURE:1cxx_uniform_initialization
    Feature record: CXX_FEATURE:1cxx_unrestricted_unions
    Feature record: CXX_FEATURE:1cxx_user_literals
    Feature record: CXX_FEATURE:0cxx_variable_templates
    Feature record: CXX_FEATURE:1cxx_variadic_macros
    Feature record: CXX_FEATURE:1cxx_variadic_templates


Detecting CXX [-std=c++98] compiler features compiled with the following output:
Change Dir: /data/ssd/gamrat/KLOE/build/CMakeFiles/CMakeTmp

Run Build Command:"/usr/bin/make" "cmTC_cacb6/fast"
/usr/bin/make -f CMakeFiles/cmTC_cacb6.dir/build.make CMakeFiles/cmTC_cacb6.dir/build
make[1]: Entering directory '/data/ssd/gamrat/KLOE/build/CMakeFiles/CMakeTmp'
Building CXX object CMakeFiles/cmTC_cacb6.dir/feature_tests.cxx.o
/usr/bin/c++    -std=c++98 -o CMakeFiles/cmTC_cacb6.dir/feature_tests.cxx.o -c /data/ssd/gamrat/KLOE/build/CMakeFiles/feature_tests.cxx
Linking CXX executable cmTC_cacb6
/usr/bin/cmake -E cmake_link_script CMakeFiles/cmTC_cacb6.dir/link.txt --verbose=1
/usr/bin/c++       CMakeFiles/cmTC_cacb6.dir/feature_tests.cxx.o  -o cmTC_cacb6 
make[1]: Leaving directory '/data/ssd/gamrat/KLOE/build/CMakeFiles/CMakeTmp'


    Feature record: CXX_FEATURE:0cxx_aggregate_default_initializers
    Feature record: CXX_FEATURE:0cxx_alias_templates
    Feature record: CXX_FEATURE:0cxx_alignas
    Feature record: CXX_FEATURE:0cxx_alignof
    Feature record: CXX_FEATURE:0cxx_attributes
    Feature record: CXX_FEATURE:0cxx_attribute_deprecated
    Feature record: CXX_FEATURE:0cxx_auto_type
    Feature record: CXX_FEATURE:0cxx_binary_literals
    Feature record: CXX_FEATURE:0cxx_constexpr
    Feature record: CXX_FEATURE:0cxx_contextual_conversions
    Feature record: CXX_FEATURE:0cxx_decltype
    Feature record: CXX_FEATURE:0cxx_decltype_auto
    Feature record: CXX_FEATURE:0cxx_decltype_incomplete_return_types
    Feature record: CXX_FEATURE:0cxx_default_function_template_args
    Feature record: CXX_FEATURE:0cxx_defaulted_functions
    Feature record: CXX_FEATURE:0cxx_defaulted_move_initializers
    Feature record: CXX_FEATURE:0cxx_delegating_constructors
    Feature record: CXX_FEATURE:0cxx_deleted_functions
    Feature record: CXX_FEATURE:0cxx_digit_separators
    Feature record: CXX_FEATURE:0cxx_enum_forward_declarations
    Feature record: CXX_FEATURE:0cxx_explicit_conversions
    Feature record: CXX_FEATURE:0cxx_extended_friend_declarations
    Feature record: CXX_FEATURE:0cxx_extern_templates
    Feature record: CXX_FEATURE:0cxx_final
    Feature record: CXX_FEATURE:0cxx_func_identifier
    Feature record: CXX_FEATURE:0cxx_generalized_initializers
    Feature record: CXX_FEATURE:0cxx_generic_lambdas
    Feature record: CXX_FEATURE:0cxx_inheriting_constructors
    Feature record: CXX_FEATURE:0cxx_inline_namespaces
    Feature record: CXX_FEATURE:0cxx_lambdas
    Feature record: CXX_FEATURE:0cxx_lambda_init_captures
    Feature record: CXX_FEATURE:0cxx_local_type_template_args
    Feature record: CXX_FEATURE:0cxx_long_long_type
    Feature record: CXX_FEATURE:0cxx_noexcept
    Feature record: CXX_FEATURE:0cxx_nonstatic_member_init
    Feature record: CXX_FEATURE:0cxx_nullptr
    Feature record: CXX_FEATURE:0cxx_override
    Feature record: CXX_FEATURE:0cxx_range_for
    Feature record: CXX_FEATURE:0cxx_raw_string_literals
    Feature record: CXX_FEATURE:0cxx_reference_qualified_functions
    Feature record: CXX_FEATURE:0cxx_relaxed_constexpr
    Feature record: CXX_FEATURE:0cxx_return_type_deduction
    Feature record: CXX_FEATURE:0cxx_right_angle_brackets
    Feature record: CXX_FEATURE:0cxx_rvalue_references
    Feature record: CXX_FEATURE:0cxx_sizeof_member
    Feature record: CXX_FEATURE:0cxx_static_assert
    Feature record: CXX_FEATURE:0cxx_strong_enums
    Feature record: CXX_FEATURE:1cxx_template_template_parameters
    Feature record: CXX_FEATURE:0cxx_thread_local
    Feature record: CXX_FEATURE:0cxx_trailing_return_types
    Feature record: CXX_FEATURE:0cxx_unicode_literals
    Feature record: CXX_FEATURE:0cxx_uniform_initialization
    Feature record: CXX_FEATURE:0cxx_unrestricted_unions
    Feature record: CXX_FEATURE:0cxx_user_literals
    Feature record: CXX_FEATURE:0cxx_variable_templates
    Feature record: CXX_FEATURE:0cxx_variadic_macros
    Feature record: CXX_FEATURE:0cxx_variadic_templates
Determining if the Fortran compiler works passed with the following output:
Change Dir: /data/ssd/gamrat/KLOE/build/CMakeFiles/CMakeTmp

Run Build Command:"/usr/bin/make" "cmTC_774ba/fast"
/usr/bin/make -f CMakeFiles/cmTC_774ba.dir/build.make CMakeFiles/cmTC_774ba.dir/build
make[1]: Entering directory '/data/ssd/gamrat/KLOE/build/CMakeFiles/CMakeTmp'
Building Fortran object CMakeFiles/cmTC_774ba.dir/testFortranCompiler.f.o
/usr/bin/gfortran    -c /data/ssd/gamrat/KLOE/build/CMakeFiles/CMakeTmp/testFortranCompiler.f -o CMakeFiles/cmTC_774ba.dir/testFortranCompiler.f.o
Linking Fortran executable cmTC_774ba
/usr/bin/cmake -E cmake_link_script CMakeFiles/cmTC_774ba.dir/link.txt --verbose=1
/usr/bin/gfortran      CMakeFiles/cmTC_774ba.dir/testFortranCompiler.f.o  -o cmTC_774ba 
make[1]: Leaving directory '/data/ssd/gamrat/KLOE/build/CMakeFiles/CMakeTmp'


Detecting Fortran compiler ABI info compiled with the following output:
Change Dir: /data/ssd/gamrat/KLOE/build/CMakeFiles/CMakeTmp

Run Build Command:"/usr/bin/make" "cmTC_b3f09/fast"
/usr/bin/make -f CMakeFiles/cmTC_b3f09.dir/build.make CMakeFiles/cmTC_b3f09.dir/build
make[1]: Entering directory '/data/ssd/gamrat/KLOE/build/CMakeFiles/CMakeTmp'
Building Fortran object CMakeFiles/cmTC_b3f09.dir/CMakeFortranCompilerABI.F.o
/usr/bin/gfortran    -c /usr/share/cmake-3.13/Modules/CMakeFortranCompilerABI.F -o CMakeFiles/cmTC_b3f09.dir/CMakeFortranCompilerABI.F.o
Linking Fortran executable cmTC_b3f09
/usr/bin/cmake -E cmake_link_script CMakeFiles/cmTC_b3f09.dir/link.txt --verbose=1
/usr/bin/gfortran   -v   CMakeFiles/cmTC_b3f09.dir/CMakeFortranCompilerABI.F.o  -o cmTC_b3f09 
Driving: /usr/bin/gfortran -v CMakeFiles/cmTC_b3f09.dir/CMakeFortranCompilerABI.F.o -o cmTC_b3f09 -l gfortran -l m -shared-libgcc
Using built-in specs.
COLLECT_GCC=/usr/bin/gfortran
COLLECT_LTO_WRAPPER=/usr/lib/gcc/x86_64-linux-gnu/8/lto-wrapper
OFFLOAD_TARGET_NAMES=nvptx-none
OFFLOAD_TARGET_DEFAULT=1
Target: x86_64-linux-gnu
Configured with: ../src/configure -v --with-pkgversion='Debian 8.3.0-6' --with-bugurl=file:///usr/share/doc/gcc-8/README.Bugs --enable-languages=c,ada,c++,go,brig,d,fortran,objc,obj-c++ --prefix=/usr --with-gcc-major-version-only --program-suffix=-8 --program-prefix=x86_64-linux-gnu- --enable-shared --enable-linker-build-id --libexecdir=/usr/lib --without-included-gettext --enable-threads=posix --libdir=/usr/lib --enable-nls --enable-bootstrap --enable-clocale=gnu --enable-libstdcxx-debug --enable-libstdcxx-time=yes --with-default-libstdcxx-abi=new --enable-gnu-unique-object --disable-vtable-verify --enable-libmpx --enable-plugin --enable-default-pie --with-system-zlib --with-target-system-zlib --enable-objc-gc=auto --enable-multiarch --disable-werror --with-arch-32=i686 --with-abi=m64 --with-multilib-list=m32,m64,mx32 --enable-multilib --with-tune=generic --enable-offload-targets=nvptx-none --without-cuda-driver --enable-checking=release --build=x86_64-linux-gnu --host=x86_64-linux-gnu --target=x86_64-linux-gnu
Thread model: posix
gcc version 8.3.0 (Debian 8.3.0-6) 
Reading specs from /usr/lib/gcc/x86_64-linux-gnu/8/libgfortran.spec
rename spec lib to liborig
COLLECT_GCC_OPTIONS='-v' '-o' 'cmTC_b3f09' '-shared-libgcc' '-mtune=generic' '-march=x86-64'
COMPILER_PATH=/usr/lib/gcc/x86_64-linux-gnu/8/:/usr/lib/gcc/x86_64-linux-gnu/8/:/usr/lib/gcc/x86_64-linux-gnu/:/usr/lib/gcc/x86_64-linux-gnu/8/:/usr/lib/gcc/x86_64-linux-gnu/
LIBRARY_PATH=/data/4/cernlib/new/lib/../lib/:/data/4/cernlib/new/lib/../lib/:/usr/lib/gcc/x86_64-linux-gnu/8/:/usr/lib/gcc/x86_64-linux-gnu/8/../../../x86_64-linux-gnu/:/usr/lib/gcc/x86_64-linux-gnu/8/../../../../lib/:/lib/x86_64-linux-gnu/:/lib/../lib/:/usr/lib/x86_64-linux-gnu/:/usr/lib/../lib/:./:/data/ssd/gamrat/KLOE/Include/:/data/4/cernlib/new/lib/:/data/4/users/gamrat/external_libs/:/data/ssd/gamrat/KLOE/Include/Codes/inc/:/lib/x86_64-linux-gnu/:/data/ssd/gamrat/KLOE/Include/:/data/4/cernlib/new/lib/:/data/4/users/gamrat/external_libs/:/data/ssd/gamrat/KLOE/Include/Codes/inc/:/lib/x86_64-linux-gnu/:/usr/lib/gcc/x86_64-linux-gnu/8/../../../:/lib/:/usr/lib/
COLLECT_GCC_OPTIONS='-v' '-o' 'cmTC_b3f09' '-shared-libgcc' '-mtune=generic' '-march=x86-64'
 /usr/lib/gcc/x86_64-linux-gnu/8/collect2 -plugin /usr/lib/gcc/x86_64-linux-gnu/8/liblto_plugin.so -plugin-opt=/usr/lib/gcc/x86_64-linux-gnu/8/lto-wrapper -plugin-opt=-fresolution=/tmp/ccSykBoc.res -plugin-opt=-pass-through=-lgcc_s -plugin-opt=-pass-through=-lgcc -plugin-opt=-pass-through=-lquadmath -plugin-opt=-pass-through=-lm -plugin-opt=-pass-through=-lgcc_s -plugin-opt=-pass-through=-lgcc -plugin-opt=-pass-through=-lc -plugin-opt=-pass-through=-lgcc_s -plugin-opt=-pass-through=-lgcc --build-id --eh-frame-hdr -m elf_x86_64 --hash-style=gnu -dynamic-linker /lib64/ld-linux-x86-64.so.2 -pie -o cmTC_b3f09 /usr/lib/gcc/x86_64-linux-gnu/8/../../../x86_64-linux-gnu/Scrt1.o /usr/lib/gcc/x86_64-linux-gnu/8/../../../x86_64-linux-gnu/crti.o /usr/lib/gcc/x86_64-linux-gnu/8/crtbeginS.o -L/data/4/cernlib/new/lib/../lib -L/data/4/cernlib/new/lib/../lib -L/usr/lib/gcc/x86_64-linux-gnu/8 -L/usr/lib/gcc/x86_64-linux-gnu/8/../../../x86_64-linux-gnu -L/usr/lib/gcc/x86_64-linux-gnu/8/../../../../lib -L/lib/x86_64-linux-gnu -L/lib/../lib -L/usr/lib/x86_64-linux-gnu -L/usr/lib/../lib -L. -L/data/ssd/gamrat/KLOE/Include -L/data/4/cernlib/new/lib -L/data/4/users/gamrat/external_libs -L/data/ssd/gamrat/KLOE/Include/Codes/inc -L/lib/x86_64-linux-gnu -L/data/ssd/gamrat/KLOE/Include -L/data/4/cernlib/new/lib -L/data/4/users/gamrat/external_libs -L/data/ssd/gamrat/KLOE/Include/Codes/inc -L/lib/x86_64-linux-gnu -L/usr/lib/gcc/x86_64-linux-gnu/8/../../.. CMakeFiles/cmTC_b3f09.dir/CMakeFortranCompilerABI.F.o -lgfortran -lm -lgcc_s -lgcc -lquadmath -lm -lgcc_s -lgcc -lc -lgcc_s -lgcc /usr/lib/gcc/x86_64-linux-gnu/8/crtendS.o /usr/lib/gcc/x86_64-linux-gnu/8/../../../x86_64-linux-gnu/crtn.o
COLLECT_GCC_OPTIONS='-v' '-o' 'cmTC_b3f09' '-shared-libgcc' '-mtune=generic' '-march=x86-64'
make[1]: Leaving directory '/data/ssd/gamrat/KLOE/build/CMakeFiles/CMakeTmp'


Parsed Fortran implicit link information from above output:
  link line regex: [^( *|.*[/\])(ld|CMAKE_LINK_STARTFILE-NOTFOUND|([^/\]+-)?ld|collect2)[^/\]*( |$)]
  ignore line: [Change Dir: /data/ssd/gamrat/KLOE/build/CMakeFiles/CMakeTmp]
  ignore line: []
  ignore line: [Run Build Command:"/usr/bin/make" "cmTC_b3f09/fast"]
  ignore line: [/usr/bin/make -f CMakeFiles/cmTC_b3f09.dir/build.make CMakeFiles/cmTC_b3f09.dir/build]
  ignore line: [make[1]: Entering directory '/data/ssd/gamrat/KLOE/build/CMakeFiles/CMakeTmp']
  ignore line: [Building Fortran object CMakeFiles/cmTC_b3f09.dir/CMakeFortranCompilerABI.F.o]
  ignore line: [/usr/bin/gfortran    -c /usr/share/cmake-3.13/Modules/CMakeFortranCompilerABI.F -o CMakeFiles/cmTC_b3f09.dir/CMakeFortranCompilerABI.F.o]
  ignore line: [Linking Fortran executable cmTC_b3f09]
  ignore line: [/usr/bin/cmake -E cmake_link_script CMakeFiles/cmTC_b3f09.dir/link.txt --verbose=1]
  ignore line: [/usr/bin/gfortran   -v   CMakeFiles/cmTC_b3f09.dir/CMakeFortranCompilerABI.F.o  -o cmTC_b3f09 ]
  ignore line: [Driving: /usr/bin/gfortran -v CMakeFiles/cmTC_b3f09.dir/CMakeFortranCompilerABI.F.o -o cmTC_b3f09 -l gfortran -l m -shared-libgcc]
  ignore line: [Using built-in specs.]
  ignore line: [COLLECT_GCC=/usr/bin/gfortran]
  ignore line: [COLLECT_LTO_WRAPPER=/usr/lib/gcc/x86_64-linux-gnu/8/lto-wrapper]
  ignore line: [OFFLOAD_TARGET_NAMES=nvptx-none]
  ignore line: [OFFLOAD_TARGET_DEFAULT=1]
  ignore line: [Target: x86_64-linux-gnu]
  ignore line: [Configured with: ../src/configure -v --with-pkgversion='Debian 8.3.0-6' --with-bugurl=file:///usr/share/doc/gcc-8/README.Bugs --enable-languages=c,ada,c++,go,brig,d,fortran,objc,obj-c++ --prefix=/usr --with-gcc-major-version-only --program-suffix=-8 --program-prefix=x86_64-linux-gnu- --enable-shared --enable-linker-build-id --libexecdir=/usr/lib --without-included-gettext --enable-threads=posix --libdir=/usr/lib --enable-nls --enable-bootstrap --enable-clocale=gnu --enable-libstdcxx-debug --enable-libstdcxx-time=yes --with-default-libstdcxx-abi=new --enable-gnu-unique-object --disable-vtable-verify --enable-libmpx --enable-plugin --enable-default-pie --with-system-zlib --with-target-system-zlib --enable-objc-gc=auto --enable-multiarch --disable-werror --with-arch-32=i686 --with-abi=m64 --with-multilib-list=m32,m64,mx32 --enable-multilib --with-tune=generic --enable-offload-targets=nvptx-none --without-cuda-driver --enable-checking=release --build=x86_64-linux-gnu --host=x86_64-linux-gnu --target=x86_64-linux-gnu]
  ignore line: [Thread model: posix]
  ignore line: [gcc version 8.3.0 (Debian 8.3.0-6) ]
  ignore line: [Reading specs from /usr/lib/gcc/x86_64-linux-gnu/8/libgfortran.spec]
  ignore line: [rename spec lib to liborig]
  ignore line: [COLLECT_GCC_OPTIONS='-v' '-o' 'cmTC_b3f09' '-shared-libgcc' '-mtune=generic' '-march=x86-64']
  ignore line: [COMPILER_PATH=/usr/lib/gcc/x86_64-linux-gnu/8/:/usr/lib/gcc/x86_64-linux-gnu/8/:/usr/lib/gcc/x86_64-linux-gnu/:/usr/lib/gcc/x86_64-linux-gnu/8/:/usr/lib/gcc/x86_64-linux-gnu/]
  ignore line: [LIBRARY_PATH=/data/4/cernlib/new/lib/../lib/:/data/4/cernlib/new/lib/../lib/:/usr/lib/gcc/x86_64-linux-gnu/8/:/usr/lib/gcc/x86_64-linux-gnu/8/../../../x86_64-linux-gnu/:/usr/lib/gcc/x86_64-linux-gnu/8/../../../../lib/:/lib/x86_64-linux-gnu/:/lib/../lib/:/usr/lib/x86_64-linux-gnu/:/usr/lib/../lib/:./:/data/ssd/gamrat/KLOE/Include/:/data/4/cernlib/new/lib/:/data/4/users/gamrat/external_libs/:/data/ssd/gamrat/KLOE/Include/Codes/inc/:/lib/x86_64-linux-gnu/:/data/ssd/gamrat/KLOE/Include/:/data/4/cernlib/new/lib/:/data/4/users/gamrat/external_libs/:/data/ssd/gamrat/KLOE/Include/Codes/inc/:/lib/x86_64-linux-gnu/:/usr/lib/gcc/x86_64-linux-gnu/8/../../../:/lib/:/usr/lib/]
  ignore line: [COLLECT_GCC_OPTIONS='-v' '-o' 'cmTC_b3f09' '-shared-libgcc' '-mtune=generic' '-march=x86-64']
  link line: [ /usr/lib/gcc/x86_64-linux-gnu/8/collect2 -plugin /usr/lib/gcc/x86_64-linux-gnu/8/liblto_plugin.so -plugin-opt=/usr/lib/gcc/x86_64-linux-gnu/8/lto-wrapper -plugin-opt=-fresolution=/tmp/ccSykBoc.res -plugin-opt=-pass-through=-lgcc_s -plugin-opt=-pass-through=-lgcc -plugin-opt=-pass-through=-lquadmath -plugin-opt=-pass-through=-lm -plugin-opt=-pass-through=-lgcc_s -plugin-opt=-pass-through=-lgcc -plugin-opt=-pass-through=-lc -plugin-opt=-pass-through=-lgcc_s -plugin-opt=-pass-through=-lgcc --build-id --eh-frame-hdr -m elf_x86_64 --hash-style=gnu -dynamic-linker /lib64/ld-linux-x86-64.so.2 -pie -o cmTC_b3f09 /usr/lib/gcc/x86_64-linux-gnu/8/../../../x86_64-linux-gnu/Scrt1.o /usr/lib/gcc/x86_64-linux-gnu/8/../../../x86_64-linux-gnu/crti.o /usr/lib/gcc/x86_64-linux-gnu/8/crtbeginS.o -L/data/4/cernlib/new/lib/../lib -L/data/4/cernlib/new/lib/../lib -L/usr/lib/gcc/x86_64-linux-gnu/8 -L/usr/lib/gcc/x86_64-linux-gnu/8/../../../x86_64-linux-gnu -L/usr/lib/gcc/x86_64-linux-gnu/8/../../../../lib -L/lib/x86_64-linux-gnu -L/lib/../lib -L/usr/lib/x86_64-linux-gnu -L/usr/lib/../lib -L. -L/data/ssd/gamrat/KLOE/Include -L/data/4/cernlib/new/lib -L/data/4/users/gamrat/external_libs -L/data/ssd/gamrat/KLOE/Include/Codes/inc -L/lib/x86_64-linux-gnu -L/data/ssd/gamrat/KLOE/Include -L/data/4/cernlib/new/lib -L/data/4/users/gamrat/external_libs -L/data/ssd/gamrat/KLOE/Include/Codes/inc -L/lib/x86_64-linux-gnu -L/usr/lib/gcc/x86_64-linux-gnu/8/../../.. CMakeFiles/cmTC_b3f09.dir/CMakeFortranCompilerABI.F.o -lgfortran -lm -lgcc_s -lgcc -lquadmath -lm -lgcc_s -lgcc -lc -lgcc_s -lgcc /usr/lib/gcc/x86_64-linux-gnu/8/crtendS.o /usr/lib/gcc/x86_64-linux-gnu/8/../../../x86_64-linux-gnu/crtn.o]
    arg [/usr/lib/gcc/x86_64-linux-gnu/8/collect2] ==> ignore
    arg [-plugin] ==> ignore
    arg [/usr/lib/gcc/x86_64-linux-gnu/8/liblto_plugin.so] ==> ignore
    arg [-plugin-opt=/usr/lib/gcc/x86_64-linux-gnu/8/lto-wrapper] ==> ignore
    arg [-plugin-opt=-fresolution=/tmp/ccSykBoc.res] ==> ignore
    arg [-plugin-opt=-pass-through=-lgcc_s] ==> ignore
    arg [-plugin-opt=-pass-through=-lgcc] ==> ignore
    arg [-plugin-opt=-pass-through=-lquadmath] ==> ignore
    arg [-plugin-opt=-pass-through=-lm] ==> ignore
    arg [-plugin-opt=-pass-through=-lgcc_s] ==> ignore
    arg [-plugin-opt=-pass-through=-lgcc] ==> ignore
    arg [-plugin-opt=-pass-through=-lc] ==> ignore
    arg [-plugin-opt=-pass-through=-lgcc_s] ==> ignore
    arg [-plugin-opt=-pass-through=-lgcc] ==> ignore
    arg [--build-id] ==> ignore
    arg [--eh-frame-hdr] ==> ignore
    arg [-m] ==> ignore
    arg [elf_x86_64] ==> ignore
    arg [--hash-style=gnu] ==> ignore
    arg [-dynamic-linker] ==> ignore
    arg [/lib64/ld-linux-x86-64.so.2] ==> ignore
    arg [-pie] ==> ignore
    arg [-o] ==> ignore
    arg [cmTC_b3f09] ==> ignore
    arg [/usr/lib/gcc/x86_64-linux-gnu/8/../../../x86_64-linux-gnu/Scrt1.o] ==> ignore
    arg [/usr/lib/gcc/x86_64-linux-gnu/8/../../../x86_64-linux-gnu/crti.o] ==> ignore
    arg [/usr/lib/gcc/x86_64-linux-gnu/8/crtbeginS.o] ==> ignore
    arg [-L/data/4/cernlib/new/lib/../lib] ==> dir [/data/4/cernlib/new/lib/../lib]
    arg [-L/data/4/cernlib/new/lib/../lib] ==> dir [/data/4/cernlib/new/lib/../lib]
    arg [-L/usr/lib/gcc/x86_64-linux-gnu/8] ==> dir [/usr/lib/gcc/x86_64-linux-gnu/8]
    arg [-L/usr/lib/gcc/x86_64-linux-gnu/8/../../../x86_64-linux-gnu] ==> dir [/usr/lib/gcc/x86_64-linux-gnu/8/../../../x86_64-linux-gnu]
    arg [-L/usr/lib/gcc/x86_64-linux-gnu/8/../../../../lib] ==> dir [/usr/lib/gcc/x86_64-linux-gnu/8/../../../../lib]
    arg [-L/lib/x86_64-linux-gnu] ==> dir [/lib/x86_64-linux-gnu]
    arg [-L/lib/../lib] ==> dir [/lib/../lib]
    arg [-L/usr/lib/x86_64-linux-gnu] ==> dir [/usr/lib/x86_64-linux-gnu]
    arg [-L/usr/lib/../lib] ==> dir [/usr/lib/../lib]
    arg [-L.] ==> ignore
    arg [-L/data/ssd/gamrat/KLOE/Include] ==> dir [/data/ssd/gamrat/KLOE/Include]
    arg [-L/data/4/cernlib/new/lib] ==> dir [/data/4/cernlib/new/lib]
    arg [-L/data/4/users/gamrat/external_libs] ==> dir [/data/4/users/gamrat/external_libs]
    arg [-L/data/ssd/gamrat/KLOE/Include/Codes/inc] ==> dir [/data/ssd/gamrat/KLOE/Include/Codes/inc]
    arg [-L/lib/x86_64-linux-gnu] ==> dir [/lib/x86_64-linux-gnu]
    arg [-L/data/ssd/gamrat/KLOE/Include] ==> dir [/data/ssd/gamrat/KLOE/Include]
    arg [-L/data/4/cernlib/new/lib] ==> dir [/data/4/cernlib/new/lib]
    arg [-L/data/4/users/gamrat/external_libs] ==> dir [/data/4/users/gamrat/external_libs]
    arg [-L/data/ssd/gamrat/KLOE/Include/Codes/inc] ==> dir [/data/ssd/gamrat/KLOE/Include/Codes/inc]
    arg [-L/lib/x86_64-linux-gnu] ==> dir [/lib/x86_64-linux-gnu]
    arg [-L/usr/lib/gcc/x86_64-linux-gnu/8/../../..] ==> dir [/usr/lib/gcc/x86_64-linux-gnu/8/../../..]
    arg [CMakeFiles/cmTC_b3f09.dir/CMakeFortranCompilerABI.F.o] ==> ignore
    arg [-lgfortran] ==> lib [gfortran]
    arg [-lm] ==> lib [m]
    arg [-lgcc_s] ==> lib [gcc_s]
    arg [-lgcc] ==> lib [gcc]
    arg [-lquadmath] ==> lib [quadmath]
    arg [-lm] ==> lib [m]
    arg [-lgcc_s] ==> lib [gcc_s]
    arg [-lgcc] ==> lib [gcc]
    arg [-lc] ==> lib [c]
    arg [-lgcc_s] ==> lib [gcc_s]
    arg [-lgcc] ==> lib [gcc]
    arg [/usr/lib/gcc/x86_64-linux-gnu/8/crtendS.o] ==> ignore
    arg [/usr/lib/gcc/x86_64-linux-gnu/8/../../../x86_64-linux-gnu/crtn.o] ==> ignore
  collapse library dir [/data/4/cernlib/new/lib/../lib] ==> [/data/4/cernlib/new/lib]
  collapse library dir [/data/4/cernlib/new/lib/../lib] ==> [/data/4/cernlib/new/lib]
  collapse library dir [/usr/lib/gcc/x86_64-linux-gnu/8] ==> [/usr/lib/gcc/x86_64-linux-gnu/8]
  collapse library dir [/usr/lib/gcc/x86_64-linux-gnu/8/../../../x86_64-linux-gnu] ==> [/usr/lib/x86_64-linux-gnu]
  collapse library dir [/usr/lib/gcc/x86_64-linux-gnu/8/../../../../lib] ==> [/usr/lib]
  collapse library dir [/lib/x86_64-linux-gnu] ==> [/lib/x86_64-linux-gnu]
  collapse library dir [/lib/../lib] ==> [/lib]
  collapse library dir [/usr/lib/x86_64-linux-gnu] ==> [/usr/lib/x86_64-linux-gnu]
  collapse library dir [/usr/lib/../lib] ==> [/usr/lib]
  collapse library dir [/data/ssd/gamrat/KLOE/Include] ==> [/data/ssd/gamrat/KLOE/Include]
  collapse library dir [/data/4/cernlib/new/lib] ==> [/data/4/cernlib/new/lib]
  collapse library dir [/data/4/users/gamrat/external_libs] ==> [/data/4/users/gamrat/external_libs]
  collapse library dir [/data/ssd/gamrat/KLOE/Include/Codes/inc] ==> [/data/ssd/gamrat/KLOE/Include/Codes/inc]
  collapse library dir [/lib/x86_64-linux-gnu] ==> [/lib/x86_64-linux-gnu]
  collapse library dir [/data/ssd/gamrat/KLOE/Include] ==> [/data/ssd/gamrat/KLOE/Include]
  collapse library dir [/data/4/cernlib/new/lib] ==> [/data/4/cernlib/new/lib]
  collapse library dir [/data/4/users/gamrat/external_libs] ==> [/data/4/users/gamrat/external_libs]
  collapse library dir [/data/ssd/gamrat/KLOE/Include/Codes/inc] ==> [/data/ssd/gamrat/KLOE/Include/Codes/inc]
  collapse library dir [/lib/x86_64-linux-gnu] ==> [/lib/x86_64-linux-gnu]
  collapse library dir [/usr/lib/gcc/x86_64-linux-gnu/8/../../..] ==> [/usr/lib]
  implicit libs: [gfortran;m;gcc_s;gcc;quadmath;m;gcc_s;gcc;c;gcc_s;gcc]
  implicit dirs: [/data/4/cernlib/new/lib;/usr/lib/gcc/x86_64-linux-gnu/8;/usr/lib/x86_64-linux-gnu;/usr/lib;/lib/x86_64-linux-gnu;/lib;/data/ssd/gamrat/KLOE/Include;/data/4/users/gamrat/external_libs;/data/ssd/gamrat/KLOE/Include/Codes/inc]
  implicit fwks: []


Determining if the Fortran compiler supports Fortran 90 passed with the following output:
Change Dir: /data/ssd/gamrat/KLOE/build/CMakeFiles/CMakeTmp

Run Build Command:"/usr/bin/make" "cmTC_7677e/fast"
/usr/bin/make -f CMakeFiles/cmTC_7677e.dir/build.make CMakeFiles/cmTC_7677e.dir/build
make[1]: Entering directory '/data/ssd/gamrat/KLOE/build/CMakeFiles/CMakeTmp'
Building Fortran object CMakeFiles/cmTC_7677e.dir/testFortranCompilerF90.f90.o
/usr/bin/gfortran    -c /data/ssd/gamrat/KLOE/build/CMakeFiles/CMakeTmp/testFortranCompilerF90.f90 -o CMakeFiles/cmTC_7677e.dir/testFortranCompilerF90.f90.o
Linking Fortran executable cmTC_7677e
/usr/bin/cmake -E cmake_link_script CMakeFiles/cmTC_7677e.dir/link.txt --verbose=1
/usr/bin/gfortran      CMakeFiles/cmTC_7677e.dir/testFortranCompilerF90.f90.o  -o cmTC_7677e 
make[1]: Leaving directory '/data/ssd/gamrat/KLOE/build/CMakeFiles/CMakeTmp'


Determining if the include file pthread.h exists passed with the following output:
Change Dir: /data/ssd/gamrat/KLOE/build/CMakeFiles/CMakeTmp

Run Build Command:"/usr/bin/make" "cmTC_b9d49/fast"
/usr/bin/make -f CMakeFiles/cmTC_b9d49.dir/build.make CMakeFiles/cmTC_b9d49.dir/build
make[1]: Entering directory '/data/ssd/gamrat/KLOE/build/CMakeFiles/CMakeTmp'
Building CXX object CMakeFiles/cmTC_b9d49.dir/CheckIncludeFile.cxx.o
/usr/bin/c++    -std=c++14 -o CMakeFiles/cmTC_b9d49.dir/CheckIncludeFile.cxx.o -c /data/ssd/gamrat/KLOE/build/CMakeFiles/CMakeTmp/CheckIncludeFile.cxx
Linking CXX executable cmTC_b9d49
/usr/bin/cmake -E cmake_link_script CMakeFiles/cmTC_b9d49.dir/link.txt --verbose=1
/usr/bin/c++       CMakeFiles/cmTC_b9d49.dir/CheckIncludeFile.cxx.o  -o cmTC_b9d49 
make[1]: Leaving directory '/data/ssd/gamrat/KLOE/build/CMakeFiles/CMakeTmp'


Determining if the function pthread_create exists in the pthread passed with the following output:
Change Dir: /data/ssd/gamrat/KLOE/build/CMakeFiles/CMakeTmp

Run Build Command:"/usr/bin/make" "cmTC_a0e73/fast"
/usr/bin/make -f CMakeFiles/cmTC_a0e73.dir/build.make CMakeFiles/cmTC_a0e73.dir/build
make[1]: Entering directory '/data/ssd/gamrat/KLOE/build/CMakeFiles/CMakeTmp'
Building CXX object CMakeFiles/cmTC_a0e73.dir/CheckFunctionExists.cxx.o
/usr/bin/c++    -DCHECK_FUNCTION_EXISTS=pthread_create   -std=c++14 -o CMakeFiles/cmTC_a0e73.dir/CheckFunctionExists.cxx.o -c /data/ssd/gamrat/KLOE/build/CMakeFiles/CheckLibraryExists/CheckFunctionExists.cxx
Linking CXX executable cmTC_a0e73
/usr/bin/cmake -E cmake_link_script CMakeFiles/cmTC_a0e73.dir/link.txt --verbose=1
/usr/bin/c++   -DCHECK_FUNCTION_EXISTS=pthread_create    CMakeFiles/cmTC_a0e73.dir/CheckFunctionExists.cxx.o  -o cmTC_a0e73 -lpthread 
make[1]: Leaving directory '/data/ssd/gamrat/KLOE/build/CMakeFiles/CMakeTmp'


Determining if the Fortran sgemm exists passed with the following output:
Change Dir: /data/ssd/gamrat/KLOE/build/CMakeFiles/CMakeTmp

Run Build Command:"/usr/bin/make" "cmTC_bc233/fast"
/usr/bin/make -f CMakeFiles/cmTC_bc233.dir/build.make CMakeFiles/cmTC_bc233.dir/build
make[1]: Entering directory '/data/ssd/gamrat/KLOE/build/CMakeFiles/CMakeTmp'
Building Fortran object CMakeFiles/cmTC_bc233.dir/testFortranCompiler.f.o
/usr/bin/gfortran    -c /data/ssd/gamrat/KLOE/build/CMakeFiles/CMakeTmp/testFortranCompiler.f -o CMakeFiles/cmTC_bc233.dir/testFortranCompiler.f.o
Linking Fortran executable cmTC_bc233
/usr/bin/cmake -E cmake_link_script CMakeFiles/cmTC_bc233.dir/link.txt --verbose=1
/usr/bin/gfortran      CMakeFiles/cmTC_bc233.dir/testFortranCompiler.f.o  -o cmTC_bc233 /usr/lib/x86_64-linux-gnu/libblas.so 
make[1]: Leaving directory '/data/ssd/gamrat/KLOE/build/CMakeFiles/CMakeTmp'


Determining if the Fortran cheev exists passed with the following output:
Change Dir: /data/ssd/gamrat/KLOE/build/CMakeFiles/CMakeTmp

Run Build Command:"/usr/bin/make" "cmTC_5a84d/fast"
/usr/bin/make -f CMakeFiles/cmTC_5a84d.dir/build.make CMakeFiles/cmTC_5a84d.dir/build
make[1]: Entering directory '/data/ssd/gamrat/KLOE/build/CMakeFiles/CMakeTmp'
Building Fortran object CMakeFiles/cmTC_5a84d.dir/testFortranCompiler.f.o
/usr/bin/gfortran    -c /data/ssd/gamrat/KLOE/build/CMakeFiles/CMakeTmp/testFortranCompiler.f -o CMakeFiles/cmTC_5a84d.dir/testFortranCompiler.f.o
Linking Fortran executable cmTC_5a84d
/usr/bin/cmake -E cmake_link_script CMakeFiles/cmTC_5a84d.dir/link.txt --verbose=1
/usr/bin/gfortran      CMakeFiles/cmTC_5a84d.dir/testFortranCompiler.f.o  -o cmTC_5a84d /usr/lib/x86_64-linux-gnu/liblapack.so /usr/lib/x86_64-linux-gnu/libblas.so 
make[1]: Leaving directory '/data/ssd/gamrat/KLOE/build/CMakeFiles/CMakeTmp'


